[2022-04-21 01:38:13] production.ERROR: stream_socket_client(): Unable to connect to tcp://project-rabbitmq:5672 (Connection refused) {"exception":"[object] (PhpAmqpLib\\Exception\\AMQPIOException(code: 0): stream_socket_client(): Unable to connect to tcp://project-rabbitmq:5672 (Connection refused) at /app/vendor/php-amqplib/php-amqplib/PhpAmqpLib/Wire/IO/StreamIO.php:108)
[stacktrace]
#0 /app/vendor/php-amqplib/php-amqplib/PhpAmqpLib/Connection/AbstractConnection.php(253): PhpAmqpLib\\Wire\\IO\\StreamIO->connect()
#1 /app/vendor/php-amqplib/php-amqplib/PhpAmqpLib/Connection/AMQPLazyConnection.php(12): PhpAmqpLib\\Connection\\AbstractConnection->connect()
#2 /app/vendor/egal/framework/src/Core/Bus/RabbitMQBus.php(61): PhpAmqpLib\\Connection\\AMQPLazyConnection->channel()
#3 /app/vendor/egal/framework/src/Core/Bus/BusCreator.php(23): Egal\\Core\\Bus\\RabbitMQBus->__construct(Array)
#4 /app/vendor/egal/framework/src/Core/ServiceProvider.php(56): Egal\\Core\\Bus\\BusCreator::createBus()
#5 /app/vendor/illuminate/container/Container.php(873): Egal\\Core\\ServiceProvider::Egal\\Core\\{closure}(Object(Egal\\Core\\Application), Array)
#6 /app/vendor/illuminate/container/Container.php(758): Illuminate\\Container\\Container->build(Object(Closure))
#7 /app/vendor/illuminate/container/Container.php(694): Illuminate\\Container\\Container->resolve('Egal\\\\Core\\\\Bus\\\\B...', Array)
#8 /app/vendor/laravel/lumen-framework/src/Application.php(300): Illuminate\\Container\\Container->make('Egal\\\\Core\\\\Bus\\\\B...', Array)
#9 /app/vendor/laravel/lumen-framework/src/helpers.php(42): Laravel\\Lumen\\Application->make('Egal\\\\Core\\\\Bus\\\\B...', Array)
#10 /app/vendor/egal/framework/src/Core/Bus/Bus.php(28): app('Egal\\\\Core\\\\Bus\\\\B...')
#11 /app/vendor/egal/framework/src/Core/Commands/EgalRunCommand.php(25): Egal\\Core\\Bus\\Bus::instance()
#12 /app/vendor/illuminate/container/BoundMethod.php(36): Egal\\Core\\Commands\\EgalRunCommand->handle()
#13 /app/vendor/illuminate/container/Util.php(40): Illuminate\\Container\\BoundMethod::Illuminate\\Container\\{closure}()
#14 /app/vendor/illuminate/container/BoundMethod.php(93): Illuminate\\Container\\Util::unwrapIfClosure(Object(Closure))
#15 /app/vendor/illuminate/container/BoundMethod.php(37): Illuminate\\Container\\BoundMethod::callBoundMethod(Object(Egal\\Core\\Application), Array, Object(Closure))
#16 /app/vendor/illuminate/container/Container.php(653): Illuminate\\Container\\BoundMethod::call(Object(Egal\\Core\\Application), Array, Array, NULL)
#17 /app/vendor/illuminate/console/Command.php(136): Illuminate\\Container\\Container->call(Array)
#18 /app/vendor/egal/framework/src/Core/Commands/EgalRunCommand.php(42): Illuminate\\Console\\Command->execute(Object(Symfony\\Component\\Console\\Input\\ArgvInput), Object(Illuminate\\Console\\OutputStyle))
#19 /app/vendor/symfony/console/Command/Command.php(298): Egal\\Core\\Commands\\EgalRunCommand->execute(Object(Symfony\\Component\\Console\\Input\\ArgvInput), Object(Illuminate\\Console\\OutputStyle))
#20 /app/vendor/illuminate/console/Command.php(121): Symfony\\Component\\Console\\Command\\Command->run(Object(Symfony\\Component\\Console\\Input\\ArgvInput), Object(Illuminate\\Console\\OutputStyle))
#21 /app/vendor/symfony/console/Application.php(1015): Illuminate\\Console\\Command->run(Object(Symfony\\Component\\Console\\Input\\ArgvInput), Object(Symfony\\Component\\Console\\Output\\ConsoleOutput))
#22 /app/vendor/symfony/console/Application.php(299): Symfony\\Component\\Console\\Application->doRunCommand(Object(Egal\\Core\\Commands\\EgalRunCommand), Object(Symfony\\Component\\Console\\Input\\ArgvInput), Object(Symfony\\Component\\Console\\Output\\ConsoleOutput))
#23 /app/vendor/symfony/console/Application.php(171): Symfony\\Component\\Console\\Application->doRun(Object(Symfony\\Component\\Console\\Input\\ArgvInput), Object(Symfony\\Component\\Console\\Output\\ConsoleOutput))
#24 /app/vendor/illuminate/console/Application.php(94): Symfony\\Component\\Console\\Application->run(Object(Symfony\\Component\\Console\\Input\\ArgvInput), Object(Symfony\\Component\\Console\\Output\\ConsoleOutput))
#25 /app/vendor/laravel/lumen-framework/src/Console/Kernel.php(116): Illuminate\\Console\\Application->run(Object(Symfony\\Component\\Console\\Input\\ArgvInput), Object(Symfony\\Component\\Console\\Output\\ConsoleOutput))
#26 /app/artisan(35): Laravel\\Lumen\\Console\\Kernel->handle(Object(Symfony\\Component\\Console\\Input\\ArgvInput), Object(Symfony\\Component\\Console\\Output\\ConsoleOutput))
#27 {main}
"} 
[2022-04-21 02:46:18] production.ERROR: Cannot declare class CreateLesson_UsersTable, because the name is already in use {"exception":"[object] (Symfony\\Component\\ErrorHandler\\Error\\FatalError(code: 0): Cannot declare class CreateLesson_UsersTable, because the name is already in use at /app/database/migrations/2022_04_21_022904_create_lesson__users_table.php:7)
[stacktrace]
#0 {main}
"} 
[2022-04-21 02:46:23] production.ERROR: Cannot declare class CreateLesson_UsersTable, because the name is already in use {"exception":"[object] (Symfony\\Component\\ErrorHandler\\Error\\FatalError(code: 0): Cannot declare class CreateLesson_UsersTable, because the name is already in use at /app/database/migrations/2022_04_21_022904_create_lesson__users_table.php:7)
[stacktrace]
#0 {main}
"} 
[2022-04-21 02:46:27] production.ERROR: Cannot declare class CreateLesson_UsersTable, because the name is already in use {"exception":"[object] (Symfony\\Component\\ErrorHandler\\Error\\FatalError(code: 0): Cannot declare class CreateLesson_UsersTable, because the name is already in use at /app/database/migrations/2022_04_21_022904_create_lesson__users_table.php:7)
[stacktrace]
#0 {main}
"} 
[2022-04-21 02:46:32] production.ERROR: Cannot declare class CreateLesson_UsersTable, because the name is already in use {"exception":"[object] (Symfony\\Component\\ErrorHandler\\Error\\FatalError(code: 0): Cannot declare class CreateLesson_UsersTable, because the name is already in use at /app/database/migrations/2022_04_21_022904_create_lesson__users_table.php:7)
[stacktrace]
#0 {main}
"} 
[2022-04-21 02:46:37] production.ERROR: Cannot declare class CreateLesson_UsersTable, because the name is already in use {"exception":"[object] (Symfony\\Component\\ErrorHandler\\Error\\FatalError(code: 0): Cannot declare class CreateLesson_UsersTable, because the name is already in use at /app/database/migrations/2022_04_21_022904_create_lesson__users_table.php:7)
[stacktrace]
#0 {main}
"} 
[2022-04-21 02:46:43] production.ERROR: Cannot declare class CreateLesson_UsersTable, because the name is already in use {"exception":"[object] (Symfony\\Component\\ErrorHandler\\Error\\FatalError(code: 0): Cannot declare class CreateLesson_UsersTable, because the name is already in use at /app/database/migrations/2022_04_21_022904_create_lesson__users_table.php:7)
[stacktrace]
#0 {main}
"} 
[2022-04-21 02:46:51] production.ERROR: Cannot declare class CreateLesson_UsersTable, because the name is already in use {"exception":"[object] (Symfony\\Component\\ErrorHandler\\Error\\FatalError(code: 0): Cannot declare class CreateLesson_UsersTable, because the name is already in use at /app/database/migrations/2022_04_21_022904_create_lesson__users_table.php:7)
[stacktrace]
#0 {main}
"} 
[2022-04-21 02:47:02] production.ERROR: Cannot declare class CreateLesson_UsersTable, because the name is already in use {"exception":"[object] (Symfony\\Component\\ErrorHandler\\Error\\FatalError(code: 0): Cannot declare class CreateLesson_UsersTable, because the name is already in use at /app/database/migrations/2022_04_21_022904_create_lesson__users_table.php:7)
[stacktrace]
#0 {main}
"} 
[2022-04-21 02:47:19] production.ERROR: Cannot declare class CreateLesson_UsersTable, because the name is already in use {"exception":"[object] (Symfony\\Component\\ErrorHandler\\Error\\FatalError(code: 0): Cannot declare class CreateLesson_UsersTable, because the name is already in use at /app/database/migrations/2022_04_21_022904_create_lesson__users_table.php:7)
[stacktrace]
#0 {main}
"} 
[2022-04-21 02:47:49] production.ERROR: Cannot declare class CreateLesson_UsersTable, because the name is already in use {"exception":"[object] (Symfony\\Component\\ErrorHandler\\Error\\FatalError(code: 0): Cannot declare class CreateLesson_UsersTable, because the name is already in use at /app/database/migrations/2022_04_21_022904_create_lesson__users_table.php:7)
[stacktrace]
#0 {main}
"} 
[2022-04-21 02:48:45] production.ERROR: Cannot declare class CreateLesson_UsersTable, because the name is already in use {"exception":"[object] (Symfony\\Component\\ErrorHandler\\Error\\FatalError(code: 0): Cannot declare class CreateLesson_UsersTable, because the name is already in use at /app/database/migrations/2022_04_21_022904_create_lesson__users_table.php:7)
[stacktrace]
#0 {main}
"} 
[2022-04-21 02:49:49] production.ERROR: Cannot declare class CreateLesson_UsersTable, because the name is already in use {"exception":"[object] (Symfony\\Component\\ErrorHandler\\Error\\FatalError(code: 0): Cannot declare class CreateLesson_UsersTable, because the name is already in use at /app/database/migrations/2022_04_21_022904_create_lesson__users_table.php:7)
[stacktrace]
#0 {main}
"} 
[2022-04-21 02:50:54] production.ERROR: Cannot declare class CreateLesson_UsersTable, because the name is already in use {"exception":"[object] (Symfony\\Component\\ErrorHandler\\Error\\FatalError(code: 0): Cannot declare class CreateLesson_UsersTable, because the name is already in use at /app/database/migrations/2022_04_21_022904_create_lesson__users_table.php:7)
[stacktrace]
#0 {main}
"} 
[2022-04-21 02:51:44] production.ERROR: Cannot declare class CreateLesson_UsersTable, because the name is already in use {"exception":"[object] (Symfony\\Component\\ErrorHandler\\Error\\FatalError(code: 0): Cannot declare class CreateLesson_UsersTable, because the name is already in use at /app/database/migrations/2022_04_21_022904_create_lesson__users_table.php:7)
[stacktrace]
#0 {main}
"} 
[2022-04-21 02:51:49] production.ERROR: Cannot declare class CreateLesson_UsersTable, because the name is already in use {"exception":"[object] (Symfony\\Component\\ErrorHandler\\Error\\FatalError(code: 0): Cannot declare class CreateLesson_UsersTable, because the name is already in use at /app/database/migrations/2022_04_21_022904_create_lesson__users_table.php:7)
[stacktrace]
#0 {main}
"} 
[2022-04-21 02:51:54] production.ERROR: Cannot declare class CreateLesson_UsersTable, because the name is already in use {"exception":"[object] (Symfony\\Component\\ErrorHandler\\Error\\FatalError(code: 0): Cannot declare class CreateLesson_UsersTable, because the name is already in use at /app/database/migrations/2022_04_21_022904_create_lesson__users_table.php:7)
[stacktrace]
#0 {main}
"} 
[2022-04-21 02:51:59] production.ERROR: Cannot declare class CreateLesson_UsersTable, because the name is already in use {"exception":"[object] (Symfony\\Component\\ErrorHandler\\Error\\FatalError(code: 0): Cannot declare class CreateLesson_UsersTable, because the name is already in use at /app/database/migrations/2022_04_21_022904_create_lesson__users_table.php:7)
[stacktrace]
#0 {main}
"} 
[2022-04-21 02:52:05] production.ERROR: Cannot declare class CreateLesson_UsersTable, because the name is already in use {"exception":"[object] (Symfony\\Component\\ErrorHandler\\Error\\FatalError(code: 0): Cannot declare class CreateLesson_UsersTable, because the name is already in use at /app/database/migrations/2022_04_21_022904_create_lesson__users_table.php:7)
[stacktrace]
#0 {main}
"} 
[2022-04-21 02:52:11] production.ERROR: Cannot declare class CreateLesson_UsersTable, because the name is already in use {"exception":"[object] (Symfony\\Component\\ErrorHandler\\Error\\FatalError(code: 0): Cannot declare class CreateLesson_UsersTable, because the name is already in use at /app/database/migrations/2022_04_21_022904_create_lesson__users_table.php:7)
[stacktrace]
#0 {main}
"} 
[2022-04-21 02:52:16] production.ERROR: Cannot declare class CreateLesson_UsersTable, because the name is already in use {"exception":"[object] (Symfony\\Component\\ErrorHandler\\Error\\FatalError(code: 0): Cannot declare class CreateLesson_UsersTable, because the name is already in use at /app/database/migrations/2022_04_21_022904_create_lesson__users_table.php:7)
[stacktrace]
#0 {main}
"} 
[2022-04-21 02:52:21] production.ERROR: Cannot declare class CreateLesson_UsersTable, because the name is already in use {"exception":"[object] (Symfony\\Component\\ErrorHandler\\Error\\FatalError(code: 0): Cannot declare class CreateLesson_UsersTable, because the name is already in use at /app/database/migrations/2022_04_21_022904_create_lesson__users_table.php:7)
[stacktrace]
#0 {main}
"} 
[2022-04-21 02:52:26] production.ERROR: Cannot declare class CreateLesson_UsersTable, because the name is already in use {"exception":"[object] (Symfony\\Component\\ErrorHandler\\Error\\FatalError(code: 0): Cannot declare class CreateLesson_UsersTable, because the name is already in use at /app/database/migrations/2022_04_21_022904_create_lesson__users_table.php:7)
[stacktrace]
#0 {main}
"} 
[2022-04-21 02:52:31] production.ERROR: Cannot declare class CreateLesson_UsersTable, because the name is already in use {"exception":"[object] (Symfony\\Component\\ErrorHandler\\Error\\FatalError(code: 0): Cannot declare class CreateLesson_UsersTable, because the name is already in use at /app/database/migrations/2022_04_21_022904_create_lesson__users_table.php:7)
[stacktrace]
#0 {main}
"} 
[2022-04-21 02:52:36] production.ERROR: Cannot declare class CreateLesson_UsersTable, because the name is already in use {"exception":"[object] (Symfony\\Component\\ErrorHandler\\Error\\FatalError(code: 0): Cannot declare class CreateLesson_UsersTable, because the name is already in use at /app/database/migrations/2022_04_21_022904_create_lesson__users_table.php:7)
[stacktrace]
#0 {main}
"} 
[2022-04-21 02:52:42] production.ERROR: Cannot declare class CreateLesson_UsersTable, because the name is already in use {"exception":"[object] (Symfony\\Component\\ErrorHandler\\Error\\FatalError(code: 0): Cannot declare class CreateLesson_UsersTable, because the name is already in use at /app/database/migrations/2022_04_21_022904_create_lesson__users_table.php:7)
[stacktrace]
#0 {main}
"} 
[2022-04-21 02:52:50] production.ERROR: Cannot declare class CreateLesson_UsersTable, because the name is already in use {"exception":"[object] (Symfony\\Component\\ErrorHandler\\Error\\FatalError(code: 0): Cannot declare class CreateLesson_UsersTable, because the name is already in use at /app/database/migrations/2022_04_21_022904_create_lesson__users_table.php:7)
[stacktrace]
#0 {main}
"} 
[2022-04-21 02:52:50] production.ERROR: Command "migrations" is not defined. {"exception":"[object] (Symfony\\Component\\Console\\Exception\\CommandNotFoundException(code: 0): Command \"migrations\" is not defined. at /app/vendor/symfony/console/Application.php:709)
[stacktrace]
#0 /app/vendor/symfony/console/Application.php(259): Symfony\\Component\\Console\\Application->find('migrations')
#1 /app/vendor/symfony/console/Application.php(171): Symfony\\Component\\Console\\Application->doRun(Object(Symfony\\Component\\Console\\Input\\ArgvInput), Object(Symfony\\Component\\Console\\Output\\ConsoleOutput))
#2 /app/vendor/illuminate/console/Application.php(94): Symfony\\Component\\Console\\Application->run(Object(Symfony\\Component\\Console\\Input\\ArgvInput), Object(Symfony\\Component\\Console\\Output\\ConsoleOutput))
#3 /app/vendor/laravel/lumen-framework/src/Console/Kernel.php(116): Illuminate\\Console\\Application->run(Object(Symfony\\Component\\Console\\Input\\ArgvInput), Object(Symfony\\Component\\Console\\Output\\ConsoleOutput))
#4 /app/artisan(35): Laravel\\Lumen\\Console\\Kernel->handle(Object(Symfony\\Component\\Console\\Input\\ArgvInput), Object(Symfony\\Component\\Console\\Output\\ConsoleOutput))
#5 {main}
"} 
[2022-04-21 02:53:00] production.ERROR: Cannot declare class CreateLesson_UsersTable, because the name is already in use {"exception":"[object] (Symfony\\Component\\ErrorHandler\\Error\\FatalError(code: 0): Cannot declare class CreateLesson_UsersTable, because the name is already in use at /app/database/migrations/2022_04_21_022904_create_lesson__users_table.php:7)
[stacktrace]
#0 {main}
"} 
[2022-04-21 02:53:18] production.ERROR: Cannot declare class CreateLesson_UsersTable, because the name is already in use {"exception":"[object] (Symfony\\Component\\ErrorHandler\\Error\\FatalError(code: 0): Cannot declare class CreateLesson_UsersTable, because the name is already in use at /app/database/migrations/2022_04_21_022904_create_lesson__users_table.php:7)
[stacktrace]
#0 {main}
"} 
[2022-04-21 02:53:50] production.ERROR: Cannot declare class CreateLesson_UsersTable, because the name is already in use {"exception":"[object] (Symfony\\Component\\ErrorHandler\\Error\\FatalError(code: 0): Cannot declare class CreateLesson_UsersTable, because the name is already in use at /app/database/migrations/2022_04_21_022904_create_lesson__users_table.php:7)
[stacktrace]
#0 {main}
"} 
[2022-04-21 02:54:03] production.ERROR: Cannot declare class CreateLesson_UsersTable, because the name is already in use {"exception":"[object] (Symfony\\Component\\ErrorHandler\\Error\\FatalError(code: 0): Cannot declare class CreateLesson_UsersTable, because the name is already in use at /app/database/migrations/2022_04_21_022904_create_lesson__users_table.php:7)
[stacktrace]
#0 {main}
"} 
[2022-04-21 02:54:08] production.ERROR: Cannot declare class CreateLesson_UsersTable, because the name is already in use {"exception":"[object] (Symfony\\Component\\ErrorHandler\\Error\\FatalError(code: 0): Cannot declare class CreateLesson_UsersTable, because the name is already in use at /app/database/migrations/2022_04_21_022904_create_lesson__users_table.php:7)
[stacktrace]
#0 {main}
"} 
[2022-04-21 02:54:13] production.ERROR: Cannot declare class CreateLesson_UsersTable, because the name is already in use {"exception":"[object] (Symfony\\Component\\ErrorHandler\\Error\\FatalError(code: 0): Cannot declare class CreateLesson_UsersTable, because the name is already in use at /app/database/migrations/2022_04_21_022904_create_lesson__users_table.php:7)
[stacktrace]
#0 {main}
"} 
[2022-04-21 02:54:17] production.ERROR: Cannot declare class CreateLesson_UsersTable, because the name is already in use {"exception":"[object] (Symfony\\Component\\ErrorHandler\\Error\\FatalError(code: 0): Cannot declare class CreateLesson_UsersTable, because the name is already in use at /app/database/migrations/2022_04_21_022904_create_lesson__users_table.php:7)
[stacktrace]
#0 {main}
"} 
[2022-04-21 02:54:22] production.ERROR: Cannot declare class CreateLesson_UsersTable, because the name is already in use {"exception":"[object] (Symfony\\Component\\ErrorHandler\\Error\\FatalError(code: 0): Cannot declare class CreateLesson_UsersTable, because the name is already in use at /app/database/migrations/2022_04_21_022904_create_lesson__users_table.php:7)
[stacktrace]
#0 {main}
"} 
[2022-04-21 02:54:29] production.ERROR: Cannot declare class CreateLesson_UsersTable, because the name is already in use {"exception":"[object] (Symfony\\Component\\ErrorHandler\\Error\\FatalError(code: 0): Cannot declare class CreateLesson_UsersTable, because the name is already in use at /app/database/migrations/2022_04_21_022904_create_lesson__users_table.php:7)
[stacktrace]
#0 {main}
"} 
[2022-04-21 02:54:37] production.ERROR: Cannot declare class CreateLesson_UsersTable, because the name is already in use {"exception":"[object] (Symfony\\Component\\ErrorHandler\\Error\\FatalError(code: 0): Cannot declare class CreateLesson_UsersTable, because the name is already in use at /app/database/migrations/2022_04_21_022904_create_lesson__users_table.php:7)
[stacktrace]
#0 {main}
"} 
[2022-04-21 02:54:48] production.ERROR: Cannot declare class CreateLesson_UsersTable, because the name is already in use {"exception":"[object] (Symfony\\Component\\ErrorHandler\\Error\\FatalError(code: 0): Cannot declare class CreateLesson_UsersTable, because the name is already in use at /app/database/migrations/2022_04_21_022904_create_lesson__users_table.php:7)
[stacktrace]
#0 {main}
"} 
[2022-04-21 02:55:05] production.ERROR: Cannot declare class CreateLesson_UsersTable, because the name is already in use {"exception":"[object] (Symfony\\Component\\ErrorHandler\\Error\\FatalError(code: 0): Cannot declare class CreateLesson_UsersTable, because the name is already in use at /app/database/migrations/2022_04_21_022904_create_lesson__users_table.php:7)
[stacktrace]
#0 {main}
"} 
[2022-04-21 02:55:36] production.ERROR: Cannot declare class CreateLesson_UsersTable, because the name is already in use {"exception":"[object] (Symfony\\Component\\ErrorHandler\\Error\\FatalError(code: 0): Cannot declare class CreateLesson_UsersTable, because the name is already in use at /app/database/migrations/2022_04_21_022904_create_lesson__users_table.php:7)
[stacktrace]
#0 {main}
"} 
[2022-04-21 02:56:06] production.ERROR: Cannot declare class CreateLesson_UsersTable, because the name is already in use {"exception":"[object] (Symfony\\Component\\ErrorHandler\\Error\\FatalError(code: 0): Cannot declare class CreateLesson_UsersTable, because the name is already in use at /app/database/migrations/2022_04_21_022904_create_lesson__users_table.php:7)
[stacktrace]
#0 {main}
"} 
[2022-04-21 02:56:11] production.ERROR: Cannot declare class CreateLesson_UsersTable, because the name is already in use {"exception":"[object] (Symfony\\Component\\ErrorHandler\\Error\\FatalError(code: 0): Cannot declare class CreateLesson_UsersTable, because the name is already in use at /app/database/migrations/2022_04_21_022904_create_lesson__users_table.php:7)
[stacktrace]
#0 {main}
"} 
[2022-04-21 02:56:16] production.ERROR: Cannot declare class CreateLesson_UsersTable, because the name is already in use {"exception":"[object] (Symfony\\Component\\ErrorHandler\\Error\\FatalError(code: 0): Cannot declare class CreateLesson_UsersTable, because the name is already in use at /app/database/migrations/2022_04_21_022904_create_lesson__users_table.php:7)
[stacktrace]
#0 {main}
"} 
[2022-04-21 02:56:21] production.ERROR: Cannot declare class CreateLesson_UsersTable, because the name is already in use {"exception":"[object] (Symfony\\Component\\ErrorHandler\\Error\\FatalError(code: 0): Cannot declare class CreateLesson_UsersTable, because the name is already in use at /app/database/migrations/2022_04_21_022904_create_lesson__users_table.php:7)
[stacktrace]
#0 {main}
"} 
[2022-04-21 02:56:26] production.ERROR: Cannot declare class CreateLesson_UsersTable, because the name is already in use {"exception":"[object] (Symfony\\Component\\ErrorHandler\\Error\\FatalError(code: 0): Cannot declare class CreateLesson_UsersTable, because the name is already in use at /app/database/migrations/2022_04_21_022904_create_lesson__users_table.php:7)
[stacktrace]
#0 {main}
"} 
[2022-04-21 02:56:33] production.ERROR: Cannot declare class CreateLesson_UsersTable, because the name is already in use {"exception":"[object] (Symfony\\Component\\ErrorHandler\\Error\\FatalError(code: 0): Cannot declare class CreateLesson_UsersTable, because the name is already in use at /app/database/migrations/2022_04_21_022904_create_lesson__users_table.php:7)
[stacktrace]
#0 {main}
"} 
[2022-04-21 02:56:40] production.ERROR: Cannot declare class CreateLesson_UsersTable, because the name is already in use {"exception":"[object] (Symfony\\Component\\ErrorHandler\\Error\\FatalError(code: 0): Cannot declare class CreateLesson_UsersTable, because the name is already in use at /app/database/migrations/2022_04_21_022904_create_lesson__users_table.php:7)
[stacktrace]
#0 {main}
"} 
[2022-04-21 02:56:51] production.ERROR: Cannot declare class CreateLesson_UsersTable, because the name is already in use {"exception":"[object] (Symfony\\Component\\ErrorHandler\\Error\\FatalError(code: 0): Cannot declare class CreateLesson_UsersTable, because the name is already in use at /app/database/migrations/2022_04_21_022904_create_lesson__users_table.php:7)
[stacktrace]
#0 {main}
"} 
[2022-04-21 02:57:08] production.ERROR: Cannot declare class CreateLesson_UsersTable, because the name is already in use {"exception":"[object] (Symfony\\Component\\ErrorHandler\\Error\\FatalError(code: 0): Cannot declare class CreateLesson_UsersTable, because the name is already in use at /app/database/migrations/2022_04_21_022904_create_lesson__users_table.php:7)
[stacktrace]
#0 {main}
"} 
[2022-04-21 02:57:39] production.ERROR: Cannot declare class CreateLesson_UsersTable, because the name is already in use {"exception":"[object] (Symfony\\Component\\ErrorHandler\\Error\\FatalError(code: 0): Cannot declare class CreateLesson_UsersTable, because the name is already in use at /app/database/migrations/2022_04_21_022904_create_lesson__users_table.php:7)
[stacktrace]
#0 {main}
"} 
[2022-04-21 02:58:34] production.ERROR: Cannot declare class CreateLesson_UsersTable, because the name is already in use {"exception":"[object] (Symfony\\Component\\ErrorHandler\\Error\\FatalError(code: 0): Cannot declare class CreateLesson_UsersTable, because the name is already in use at /app/database/migrations/2022_04_21_022904_create_lesson__users_table.php:7)
[stacktrace]
#0 {main}
"} 
[2022-04-21 02:59:39] production.ERROR: Cannot declare class CreateLesson_UsersTable, because the name is already in use {"exception":"[object] (Symfony\\Component\\ErrorHandler\\Error\\FatalError(code: 0): Cannot declare class CreateLesson_UsersTable, because the name is already in use at /app/database/migrations/2022_04_21_022904_create_lesson__users_table.php:7)
[stacktrace]
#0 {main}
"} 
[2022-04-21 03:00:44] production.ERROR: Cannot declare class CreateLesson_UsersTable, because the name is already in use {"exception":"[object] (Symfony\\Component\\ErrorHandler\\Error\\FatalError(code: 0): Cannot declare class CreateLesson_UsersTable, because the name is already in use at /app/database/migrations/2022_04_21_022904_create_lesson__users_table.php:7)
[stacktrace]
#0 {main}
"} 
[2022-04-21 03:00:59] production.ERROR: Cannot declare class CreateLesson_UsersTable, because the name is already in use {"exception":"[object] (Symfony\\Component\\ErrorHandler\\Error\\FatalError(code: 0): Cannot declare class CreateLesson_UsersTable, because the name is already in use at /app/database/migrations/2022_04_21_022904_create_lesson__users_table.php:7)
[stacktrace]
#0 {main}
"} 
[2022-04-21 03:01:05] production.ERROR: Cannot declare class CreateLesson_UsersTable, because the name is already in use {"exception":"[object] (Symfony\\Component\\ErrorHandler\\Error\\FatalError(code: 0): Cannot declare class CreateLesson_UsersTable, because the name is already in use at /app/database/migrations/2022_04_21_022904_create_lesson__users_table.php:7)
[stacktrace]
#0 {main}
"} 
[2022-04-21 03:01:10] production.ERROR: Cannot declare class CreateLesson_UsersTable, because the name is already in use {"exception":"[object] (Symfony\\Component\\ErrorHandler\\Error\\FatalError(code: 0): Cannot declare class CreateLesson_UsersTable, because the name is already in use at /app/database/migrations/2022_04_21_022904_create_lesson__users_table.php:7)
[stacktrace]
#0 {main}
"} 
[2022-04-21 03:01:15] production.ERROR: Cannot declare class CreateLesson_UsersTable, because the name is already in use {"exception":"[object] (Symfony\\Component\\ErrorHandler\\Error\\FatalError(code: 0): Cannot declare class CreateLesson_UsersTable, because the name is already in use at /app/database/migrations/2022_04_21_022904_create_lesson__users_table.php:7)
[stacktrace]
#0 {main}
"} 
[2022-04-21 03:01:21] production.ERROR: Cannot declare class CreateLesson_UsersTable, because the name is already in use {"exception":"[object] (Symfony\\Component\\ErrorHandler\\Error\\FatalError(code: 0): Cannot declare class CreateLesson_UsersTable, because the name is already in use at /app/database/migrations/2022_04_21_022904_create_lesson__users_table.php:7)
[stacktrace]
#0 {main}
"} 
[2022-04-21 03:01:28] production.ERROR: Cannot declare class CreateLesson_UsersTable, because the name is already in use {"exception":"[object] (Symfony\\Component\\ErrorHandler\\Error\\FatalError(code: 0): Cannot declare class CreateLesson_UsersTable, because the name is already in use at /app/database/migrations/2022_04_21_022904_create_lesson__users_table.php:7)
[stacktrace]
#0 {main}
"} 
[2022-04-21 03:01:36] production.ERROR: Cannot declare class CreateLesson_UsersTable, because the name is already in use {"exception":"[object] (Symfony\\Component\\ErrorHandler\\Error\\FatalError(code: 0): Cannot declare class CreateLesson_UsersTable, because the name is already in use at /app/database/migrations/2022_04_21_022904_create_lesson__users_table.php:7)
[stacktrace]
#0 {main}
"} 
[2022-04-21 03:01:47] production.ERROR: Cannot declare class CreateLesson_UsersTable, because the name is already in use {"exception":"[object] (Symfony\\Component\\ErrorHandler\\Error\\FatalError(code: 0): Cannot declare class CreateLesson_UsersTable, because the name is already in use at /app/database/migrations/2022_04_21_022904_create_lesson__users_table.php:7)
[stacktrace]
#0 {main}
"} 
[2022-04-21 03:02:05] production.ERROR: Cannot declare class CreateLesson_UsersTable, because the name is already in use {"exception":"[object] (Symfony\\Component\\ErrorHandler\\Error\\FatalError(code: 0): Cannot declare class CreateLesson_UsersTable, because the name is already in use at /app/database/migrations/2022_04_21_022904_create_lesson__users_table.php:7)
[stacktrace]
#0 {main}
"} 
[2022-04-21 03:02:35] production.ERROR: Cannot declare class CreateLesson_UsersTable, because the name is already in use {"exception":"[object] (Symfony\\Component\\ErrorHandler\\Error\\FatalError(code: 0): Cannot declare class CreateLesson_UsersTable, because the name is already in use at /app/database/migrations/2022_04_21_022904_create_lesson__users_table.php:7)
[stacktrace]
#0 {main}
"} 
[2022-04-21 03:03:31] production.ERROR: Cannot declare class CreateLesson_UsersTable, because the name is already in use {"exception":"[object] (Symfony\\Component\\ErrorHandler\\Error\\FatalError(code: 0): Cannot declare class CreateLesson_UsersTable, because the name is already in use at /app/database/migrations/2022_04_21_022904_create_lesson__users_table.php:7)
[stacktrace]
#0 {main}
"} 
[2022-04-21 03:04:36] production.ERROR: Cannot declare class CreateLesson_UsersTable, because the name is already in use {"exception":"[object] (Symfony\\Component\\ErrorHandler\\Error\\FatalError(code: 0): Cannot declare class CreateLesson_UsersTable, because the name is already in use at /app/database/migrations/2022_04_21_022904_create_lesson__users_table.php:7)
[stacktrace]
#0 {main}
"} 
[2022-04-21 03:05:41] production.ERROR: Cannot declare class CreateLesson_UsersTable, because the name is already in use {"exception":"[object] (Symfony\\Component\\ErrorHandler\\Error\\FatalError(code: 0): Cannot declare class CreateLesson_UsersTable, because the name is already in use at /app/database/migrations/2022_04_21_022904_create_lesson__users_table.php:7)
[stacktrace]
#0 {main}
"} 
[2022-04-21 03:07:24] production.ERROR: Cannot declare class CreateLesson_UsersTable, because the name is already in use {"exception":"[object] (Symfony\\Component\\ErrorHandler\\Error\\FatalError(code: 0): Cannot declare class CreateLesson_UsersTable, because the name is already in use at /app/database/migrations/2022_04_21_022904_create_lesson__users_table.php:7)
[stacktrace]
#0 {main}
"} 
[2022-04-21 03:07:39] production.ERROR: Cannot declare class CreateLesson_UsersTable, because the name is already in use {"exception":"[object] (Symfony\\Component\\ErrorHandler\\Error\\FatalError(code: 0): Cannot declare class CreateLesson_UsersTable, because the name is already in use at /app/database/migrations/2022_04_21_022904_create_lesson__users_table.php:7)
[stacktrace]
#0 {main}
"} 
[2022-04-21 03:07:44] production.ERROR: Cannot declare class CreateLesson_UsersTable, because the name is already in use {"exception":"[object] (Symfony\\Component\\ErrorHandler\\Error\\FatalError(code: 0): Cannot declare class CreateLesson_UsersTable, because the name is already in use at /app/database/migrations/2022_04_21_022904_create_lesson__users_table.php:7)
[stacktrace]
#0 {main}
"} 
[2022-04-21 03:07:49] production.ERROR: Cannot declare class CreateLesson_UsersTable, because the name is already in use {"exception":"[object] (Symfony\\Component\\ErrorHandler\\Error\\FatalError(code: 0): Cannot declare class CreateLesson_UsersTable, because the name is already in use at /app/database/migrations/2022_04_21_022904_create_lesson__users_table.php:7)
[stacktrace]
#0 {main}
"} 
[2022-04-21 03:07:54] production.ERROR: Cannot declare class CreateLesson_UsersTable, because the name is already in use {"exception":"[object] (Symfony\\Component\\ErrorHandler\\Error\\FatalError(code: 0): Cannot declare class CreateLesson_UsersTable, because the name is already in use at /app/database/migrations/2022_04_21_022904_create_lesson__users_table.php:7)
[stacktrace]
#0 {main}
"} 
[2022-04-21 03:07:59] production.ERROR: Cannot declare class CreateLesson_UsersTable, because the name is already in use {"exception":"[object] (Symfony\\Component\\ErrorHandler\\Error\\FatalError(code: 0): Cannot declare class CreateLesson_UsersTable, because the name is already in use at /app/database/migrations/2022_04_21_022904_create_lesson__users_table.php:7)
[stacktrace]
#0 {main}
"} 
[2022-04-21 03:08:05] production.ERROR: Cannot declare class CreateLesson_UsersTable, because the name is already in use {"exception":"[object] (Symfony\\Component\\ErrorHandler\\Error\\FatalError(code: 0): Cannot declare class CreateLesson_UsersTable, because the name is already in use at /app/database/migrations/2022_04_21_022904_create_lesson__users_table.php:7)
[stacktrace]
#0 {main}
"} 
[2022-04-21 03:08:13] production.ERROR: Cannot declare class CreateLesson_UsersTable, because the name is already in use {"exception":"[object] (Symfony\\Component\\ErrorHandler\\Error\\FatalError(code: 0): Cannot declare class CreateLesson_UsersTable, because the name is already in use at /app/database/migrations/2022_04_21_022904_create_lesson__users_table.php:7)
[stacktrace]
#0 {main}
"} 
[2022-04-21 03:08:24] production.ERROR: Cannot declare class CreateLesson_UsersTable, because the name is already in use {"exception":"[object] (Symfony\\Component\\ErrorHandler\\Error\\FatalError(code: 0): Cannot declare class CreateLesson_UsersTable, because the name is already in use at /app/database/migrations/2022_04_21_022904_create_lesson__users_table.php:7)
[stacktrace]
#0 {main}
"} 
[2022-04-21 03:08:41] production.ERROR: Cannot declare class CreateLesson_UsersTable, because the name is already in use {"exception":"[object] (Symfony\\Component\\ErrorHandler\\Error\\FatalError(code: 0): Cannot declare class CreateLesson_UsersTable, because the name is already in use at /app/database/migrations/2022_04_21_022904_create_lesson__users_table.php:7)
[stacktrace]
#0 {main}
"} 
[2022-04-21 03:09:11] production.ERROR: Cannot declare class CreateLesson_UsersTable, because the name is already in use {"exception":"[object] (Symfony\\Component\\ErrorHandler\\Error\\FatalError(code: 0): Cannot declare class CreateLesson_UsersTable, because the name is already in use at /app/database/migrations/2022_04_21_022904_create_lesson__users_table.php:7)
[stacktrace]
#0 {main}
"} 
[2022-04-21 03:10:07] production.ERROR: Cannot declare class CreateLesson_UsersTable, because the name is already in use {"exception":"[object] (Symfony\\Component\\ErrorHandler\\Error\\FatalError(code: 0): Cannot declare class CreateLesson_UsersTable, because the name is already in use at /app/database/migrations/2022_04_21_022904_create_lesson__users_table.php:7)
[stacktrace]
#0 {main}
"} 
[2022-04-21 03:11:11] production.ERROR: Cannot declare class CreateLesson_UsersTable, because the name is already in use {"exception":"[object] (Symfony\\Component\\ErrorHandler\\Error\\FatalError(code: 0): Cannot declare class CreateLesson_UsersTable, because the name is already in use at /app/database/migrations/2022_04_21_022904_create_lesson__users_table.php:7)
[stacktrace]
#0 {main}
"} 
[2022-04-21 03:12:15] production.ERROR: Cannot declare class CreateLesson_UsersTable, because the name is already in use {"exception":"[object] (Symfony\\Component\\ErrorHandler\\Error\\FatalError(code: 0): Cannot declare class CreateLesson_UsersTable, because the name is already in use at /app/database/migrations/2022_04_21_022904_create_lesson__users_table.php:7)
[stacktrace]
#0 {main}
"} 
[2022-04-21 03:13:11] production.ERROR: Cannot declare class CreateCourse_UsersTable, because the name is already in use {"exception":"[object] (Symfony\\Component\\ErrorHandler\\Error\\FatalError(code: 0): Cannot declare class CreateCourse_UsersTable, because the name is already in use at /app/database/migrations/2022_04_21_022903_create_course__users_table.php:7)
[stacktrace]
#0 {main}
"} 
[2022-04-21 03:13:16] production.ERROR: Cannot declare class CreateCourse_UsersTable, because the name is already in use {"exception":"[object] (Symfony\\Component\\ErrorHandler\\Error\\FatalError(code: 0): Cannot declare class CreateCourse_UsersTable, because the name is already in use at /app/database/migrations/2022_04_21_022903_create_course__users_table.php:7)
[stacktrace]
#0 {main}
"} 
[2022-04-21 03:13:21] production.ERROR: Cannot declare class CreateCourse_UsersTable, because the name is already in use {"exception":"[object] (Symfony\\Component\\ErrorHandler\\Error\\FatalError(code: 0): Cannot declare class CreateCourse_UsersTable, because the name is already in use at /app/database/migrations/2022_04_21_022903_create_course__users_table.php:7)
[stacktrace]
#0 {main}
"} 
[2022-04-21 03:13:26] production.ERROR: Cannot declare class CreateCourse_UsersTable, because the name is already in use {"exception":"[object] (Symfony\\Component\\ErrorHandler\\Error\\FatalError(code: 0): Cannot declare class CreateCourse_UsersTable, because the name is already in use at /app/database/migrations/2022_04_21_022903_create_course__users_table.php:7)
[stacktrace]
#0 {main}
"} 
[2022-04-21 03:13:31] production.ERROR: Cannot declare class CreateCourse_UsersTable, because the name is already in use {"exception":"[object] (Symfony\\Component\\ErrorHandler\\Error\\FatalError(code: 0): Cannot declare class CreateCourse_UsersTable, because the name is already in use at /app/database/migrations/2022_04_21_022903_create_course__users_table.php:7)
[stacktrace]
#0 {main}
"} 
[2022-04-21 03:13:38] production.ERROR: Cannot declare class CreateCourse_UsersTable, because the name is already in use {"exception":"[object] (Symfony\\Component\\ErrorHandler\\Error\\FatalError(code: 0): Cannot declare class CreateCourse_UsersTable, because the name is already in use at /app/database/migrations/2022_04_21_022903_create_course__users_table.php:7)
[stacktrace]
#0 {main}
"} 
[2022-04-21 03:13:45] production.ERROR: Cannot declare class CreateCourse_UsersTable, because the name is already in use {"exception":"[object] (Symfony\\Component\\ErrorHandler\\Error\\FatalError(code: 0): Cannot declare class CreateCourse_UsersTable, because the name is already in use at /app/database/migrations/2022_04_21_022903_create_course__users_table.php:7)
[stacktrace]
#0 {main}
"} 
[2022-04-21 03:13:56] production.ERROR: Cannot declare class CreateCourse_UsersTable, because the name is already in use {"exception":"[object] (Symfony\\Component\\ErrorHandler\\Error\\FatalError(code: 0): Cannot declare class CreateCourse_UsersTable, because the name is already in use at /app/database/migrations/2022_04_21_022903_create_course__users_table.php:7)
[stacktrace]
#0 {main}
"} 
[2022-04-21 03:14:13] production.ERROR: Cannot declare class CreateCourse_UsersTable, because the name is already in use {"exception":"[object] (Symfony\\Component\\ErrorHandler\\Error\\FatalError(code: 0): Cannot declare class CreateCourse_UsersTable, because the name is already in use at /app/database/migrations/2022_04_21_022903_create_course__users_table.php:7)
[stacktrace]
#0 {main}
"} 
[2022-04-21 03:14:44] production.ERROR: Cannot declare class CreateCourse_UsersTable, because the name is already in use {"exception":"[object] (Symfony\\Component\\ErrorHandler\\Error\\FatalError(code: 0): Cannot declare class CreateCourse_UsersTable, because the name is already in use at /app/database/migrations/2022_04_21_022903_create_course__users_table.php:7)
[stacktrace]
#0 {main}
"} 
