[2022-05-04 01:51:11] production.ERROR: Cannot assign null to property App\Providers\DebugModelsServiceProvider::$dir of type string {"exception":"[object] (TypeError(code: 0): Cannot assign null to property App\\Providers\\DebugModelsServiceProvider::$dir of type string at /app/app/Providers/DebugModelsServiceProvider.php:24)
[stacktrace]
#0 /app/app/Providers/DebugModelsServiceProvider.php(17): App\\Providers\\DebugModelsServiceProvider->setDir()
#1 /app/vendor/laravel/lumen-framework/src/Application.php(223): App\\Providers\\DebugModelsServiceProvider->__construct(Object(Egal\\Core\\Application))
#2 /app/bootstrap/app.php(70): Laravel\\Lumen\\Application->register('App\\\\Providers\\\\D...')
#3 /app/artisan(18): require('/app/bootstrap/...')
#4 {main}
"}
[2022-05-04 01:51:13] production.ERROR: Cannot assign null to property App\Providers\DebugModelsServiceProvider::$dir of type string {"exception":"[object] (TypeError(code: 0): Cannot assign null to property App\\Providers\\DebugModelsServiceProvider::$dir of type string at /app/app/Providers/DebugModelsServiceProvider.php:24)
[stacktrace]
#0 /app/app/Providers/DebugModelsServiceProvider.php(17): App\\Providers\\DebugModelsServiceProvider->setDir()
#1 /app/vendor/laravel/lumen-framework/src/Application.php(223): App\\Providers\\DebugModelsServiceProvider->__construct(Object(Egal\\Core\\Application))
#2 /app/bootstrap/app.php(70): Laravel\\Lumen\\Application->register('App\\\\Providers\\\\D...')
#3 /app/artisan(18): require('/app/bootstrap/...')
#4 {main}
"}
[2022-05-04 01:54:30] production.ERROR: scandir(DebugModels/): Failed to open directory: No such file or directory {"exception":"[object] (ErrorException(code: 0): scandir(DebugModels/): Failed to open directory: No such file or directory at /app/app/Providers/DebugModelsServiceProvider.php:42)
[stacktrace]
#0 /app/vendor/laravel/lumen-framework/src/Concerns/RegistersExceptionHandlers.php(47): Laravel\\Lumen\\Application->handleError(2, 'scandir(DebugMo...', '/app/app/Provid...', 42)
#1 [internal function]: Laravel\\Lumen\\Application->Laravel\\Lumen\\Concerns\\{closure}(2, 'scandir(DebugMo...', '/app/app/Provid...', 42)
#2 /app/app/Providers/DebugModelsServiceProvider.php(42): scandir('DebugModels/')
#3 /app/app/Providers/DebugModelsServiceProvider.php(19): App\\Providers\\DebugModelsServiceProvider->scanModels('DebugModels/')
#4 /app/vendor/laravel/lumen-framework/src/Application.php(223): App\\Providers\\DebugModelsServiceProvider->__construct(Object(Egal\\Core\\Application))
#5 /app/bootstrap/app.php(70): Laravel\\Lumen\\Application->register('App\\\\Providers\\\\D...')
#6 /app/artisan(18): require('/app/bootstrap/...')
#7 {main}
"}
[2022-05-04 01:54:32] production.ERROR: scandir(DebugModels/): Failed to open directory: No such file or directory {"exception":"[object] (ErrorException(code: 0): scandir(DebugModels/): Failed to open directory: No such file or directory at /app/app/Providers/DebugModelsServiceProvider.php:42)
[stacktrace]
#0 /app/vendor/laravel/lumen-framework/src/Concerns/RegistersExceptionHandlers.php(47): Laravel\\Lumen\\Application->handleError(2, 'scandir(DebugMo...', '/app/app/Provid...', 42)
#1 [internal function]: Laravel\\Lumen\\Application->Laravel\\Lumen\\Concerns\\{closure}(2, 'scandir(DebugMo...', '/app/app/Provid...', 42)
#2 /app/app/Providers/DebugModelsServiceProvider.php(42): scandir('DebugModels/')
#3 /app/app/Providers/DebugModelsServiceProvider.php(19): App\\Providers\\DebugModelsServiceProvider->scanModels('DebugModels/')
#4 /app/vendor/laravel/lumen-framework/src/Application.php(223): App\\Providers\\DebugModelsServiceProvider->__construct(Object(Egal\\Core\\Application))
#5 /app/bootstrap/app.php(70): Laravel\\Lumen\\Application->register('App\\\\Providers\\\\D...')
#6 /app/artisan(18): require('/app/bootstrap/...')
#7 {main}
"}
[2022-05-04 02:11:09] production.ERROR: scandir(DebugModels/): Failed to open directory: No such file or directory {"exception":"[object] (ErrorException(code: 0): scandir(DebugModels/): Failed to open directory: No such file or directory at /app/app/Providers/DebugModelsServiceProvider.php:42)
[stacktrace]
#0 /app/vendor/laravel/lumen-framework/src/Concerns/RegistersExceptionHandlers.php(47): Laravel\\Lumen\\Application->handleError(2, 'scandir(DebugMo...', '/app/app/Provid...', 42)
#1 [internal function]: Laravel\\Lumen\\Application->Laravel\\Lumen\\Concerns\\{closure}(2, 'scandir(DebugMo...', '/app/app/Provid...', 42)
#2 /app/app/Providers/DebugModelsServiceProvider.php(42): scandir('DebugModels/')
#3 /app/app/Providers/DebugModelsServiceProvider.php(19): App\\Providers\\DebugModelsServiceProvider->scanModels('DebugModels/')
#4 /app/vendor/laravel/lumen-framework/src/Application.php(223): App\\Providers\\DebugModelsServiceProvider->__construct(Object(Egal\\Core\\Application))
#5 /app/bootstrap/app.php(70): Laravel\\Lumen\\Application->register('App\\\\Providers\\\\D...')
#6 /app/artisan(18): require('/app/bootstrap/...')
#7 {main}
"}
[2022-05-04 02:11:11] production.ERROR: scandir(DebugModels/): Failed to open directory: No such file or directory {"exception":"[object] (ErrorException(code: 0): scandir(DebugModels/): Failed to open directory: No such file or directory at /app/app/Providers/DebugModelsServiceProvider.php:42)
[stacktrace]
#0 /app/vendor/laravel/lumen-framework/src/Concerns/RegistersExceptionHandlers.php(47): Laravel\\Lumen\\Application->handleError(2, 'scandir(DebugMo...', '/app/app/Provid...', 42)
#1 [internal function]: Laravel\\Lumen\\Application->Laravel\\Lumen\\Concerns\\{closure}(2, 'scandir(DebugMo...', '/app/app/Provid...', 42)
#2 /app/app/Providers/DebugModelsServiceProvider.php(42): scandir('DebugModels/')
#3 /app/app/Providers/DebugModelsServiceProvider.php(19): App\\Providers\\DebugModelsServiceProvider->scanModels('DebugModels/')
#4 /app/vendor/laravel/lumen-framework/src/Application.php(223): App\\Providers\\DebugModelsServiceProvider->__construct(Object(Egal\\Core\\Application))
#5 /app/bootstrap/app.php(70): Laravel\\Lumen\\Application->register('App\\\\Providers\\\\D...')
#6 /app/artisan(18): require('/app/bootstrap/...')
#7 {main}
"}


[2022-05-04 05:08:54] production.INFO: Event [App\Events\CourseUsersCreatingEvent] was fired with model [App\Models\CourseUsers]. [Dirty: true]. Serialized model [753d4004-6298-438e-981e-cf3666b3ca151]
[2022-05-04 05:08:54] production.INFO: Listener [App\Listeners\CourseUsersValidateUniqueListener] event [App\Events\CourseUsersCreatingEvent]
[2022-05-04 05:08:54] production.INFO: Listener [App\Listeners\CourseUsersCheckIdListener] event [App\Events\CourseUsersCreatingEvent]
[2022-05-04 05:08:54] production.INFO: Listener [App\Listeners\CourseUsersCheckCapacityListener] event [App\Events\CourseUsersCreatingEvent]
[2022-05-04 05:08:54] production.INFO: Event [App\Events\CourseUsersCreatedEvent] was fired with model [App\Models\CourseUsers]. [Dirty: true]. Serialized model [753d4004-6298-438e-981e-cf3666b3ca1511]
[2022-05-04 05:08:54] production.INFO: Listener [App\Listeners\CourseUsersUpdateCapacityListener] event [App\Events\CourseUsersCreatedEvent]
[2022-05-04 05:08:54] production.INFO: Listener [App\Listeners\CourseUsersRecordToLessonsListener] event [App\Events\CourseUsersCreatedEvent]


[2022-05-04 05:10:52] production.INFO: Event [App\Events\CourseUsersCreatingEvent] was fired with model [App\Models\CourseUsers]. [Dirty: true]. Serialized model [{"user_id":"753d4004-6298-438e-981e-cf3666b3ca15","course_id":1}]
[2022-05-04 05:10:52] production.INFO: Listener [App\Listeners\CourseUsersValidateUniqueListener] event [App\Events\CourseUsersCreatingEvent]
[2022-05-04 05:11:10] production.INFO: Event [App\Events\LessonUsersUpdatingEvent] was fired with model [App\Models\LessonUsers]. [Dirty: true]. Serialized model [{"id":1,"user_id":"753d4004-6298-438e-981e-cf3666b3ca15","lesson_id":2,"is_passed":true}]
[2022-05-04 05:11:10] production.INFO: Listener [App\Listeners\LessonUsersCheckIdListener] event [App\Events\LessonUsersUpdatingEvent]
[2022-05-04 05:11:10] production.INFO: Listener [App\Listeners\LessonUsersCheckFinishCourseListener] event [App\Events\LessonUsersUpdatingEvent]
[2022-05-04 05:11:10] production.INFO: Listener [App\Listeners\LessonUsersCheckIsPassedListener] event [App\Events\LessonUsersUpdatingEvent]
[2022-05-04 05:11:10] production.INFO: Listener [App\Listeners\LessonUsersCheckFieldsListener] event [App\Events\LessonUsersUpdatingEvent]
[2022-05-04 05:11:10] production.INFO: Event [App\Events\LessonUsersUpdatedEvent] was fired with model [App\Models\LessonUsers]. [Changes: true]. Serialized model [{"id":1,"user_id":"753d4004-6298-438e-981e-cf3666b3ca15","lesson_id":2,"is_passed":true}]
[2022-05-04 05:11:10] production.INFO: Listener [App\Listeners\LessonUsersUpdatePercentListener] event [App\Events\LessonUsersUpdatedEvent]



[2022-05-04 05:11:30] production.INFO: Event [App\Events\LessonUsersUpdatingEvent] was fired with model [App\Models\LessonUsers]. [Dirty: true]. Serialized model [{"id":2,"user_id":"753d4004-6298-438e-981e-cf3666b3ca15","lesson_id":7,"is_passed":true}]  
[2022-05-04 05:11:30] production.INFO: Listener [App\Listeners\LessonUsersCheckIdListener] event [App\Events\LessonUsersUpdatingEvent]  
[2022-05-04 05:11:30] production.INFO: Listener [App\Listeners\LessonUsersCheckFinishCourseListener] event [App\Events\LessonUsersUpdatingEvent]  
[2022-05-04 05:11:30] production.INFO: Listener [App\Listeners\LessonUsersCheckIsPassedListener] event [App\Events\LessonUsersUpdatingEvent]  
[2022-05-04 05:11:30] production.INFO: Listener [App\Listeners\LessonUsersCheckFieldsListener] event [App\Events\LessonUsersUpdatingEvent]  
[2022-05-04 05:11:30] production.INFO: Event [App\Events\LessonUsersUpdatedEvent] was fired with model [App\Models\LessonUsers]. [Changes: true]. Serialized model [{"id":2,"user_id":"753d4004-6298-438e-981e-cf3666b3ca15","lesson_id":7,"is_passed":true}]  
[2022-05-04 05:11:30] production.INFO: Listener [App\Listeners\LessonUsersUpdatePercentListener] event [App\Events\LessonUsersUpdatedEvent]  
