[2022-05-08 15:46:59] production.INFO: Event [App\Events\CourseUsersCreatingEvent] was fired with model [App\Models\CourseUsers]. [Dirty: true]. Serialized model [{"user_id":"{{user_id}}","course_id":9}]  
[2022-05-08 15:46:59] production.INFO: Listener [App\Listeners\CourseUsersValidateUniqueListener] event [App\Events\CourseUsersCreatingEvent]  
[2022-05-08 15:47:30] production.INFO: Event [App\Events\CourseUsersCreatingEvent] was fired with model [App\Models\CourseUsers]. [Dirty: true]. Serialized model [{"user_id":"4c1dfb6c-f66d-46e7-a2b7-51f60213dd66","course_id":9}]  
[2022-05-08 15:47:30] production.INFO: Listener [App\Listeners\CourseUsersValidateUniqueListener] event [App\Events\CourseUsersCreatingEvent]  
[2022-05-08 15:47:30] production.INFO: Listener [App\Listeners\CourseUsersCheckIdListener] event [App\Events\CourseUsersCreatingEvent]  
[2022-05-08 15:47:30] production.INFO: Listener [App\Listeners\CourseUsersCheckCapacityListener] event [App\Events\CourseUsersCreatingEvent]  
[2022-05-08 15:47:30] production.INFO: Event [App\Events\CourseUsersCreatedEvent] was fired with model [App\Models\CourseUsers]. [Dirty: true]. Serialized model [{"user_id":"4c1dfb6c-f66d-46e7-a2b7-51f60213dd66","course_id":9,"id":1}]  
[2022-05-08 15:47:30] production.INFO: Listener [App\Listeners\CourseUsersUpdateCapacityListener] event [App\Events\CourseUsersCreatedEvent]  
[2022-05-08 15:47:30] production.INFO: Listener [App\Listeners\CourseUsersRecordToLessonsListener] event [App\Events\CourseUsersCreatedEvent]  
[2022-05-08 15:48:27] production.INFO: Event [App\Events\CourseUsersCreatingEvent] was fired with model [App\Models\CourseUsers]. [Dirty: true]. Serialized model [{"user_id":"4c1dfb6c-f66d-46e7-a2b7-51f60213dd66","course_id":9}]  
[2022-05-08 15:48:27] production.INFO: Listener [App\Listeners\CourseUsersValidateUniqueListener] event [App\Events\CourseUsersCreatingEvent]  
[2022-05-08 15:49:44] production.INFO: Event [App\Events\CourseUsersCreatingEvent] was fired with model [App\Models\CourseUsers]. [Dirty: true]. Serialized model [{"user_id":"792528d8-20e8-4503-b5d6-7cef50b9b708","course_id":9}]  
[2022-05-08 15:49:44] production.INFO: Listener [App\Listeners\CourseUsersValidateUniqueListener] event [App\Events\CourseUsersCreatingEvent]  
[2022-05-08 15:49:44] production.INFO: Listener [App\Listeners\CourseUsersCheckIdListener] event [App\Events\CourseUsersCreatingEvent]  
[2022-05-08 15:49:44] production.INFO: Listener [App\Listeners\CourseUsersCheckCapacityListener] event [App\Events\CourseUsersCreatingEvent]  
[2022-05-08 15:49:44] production.INFO: Event [App\Events\CourseUsersCreatedEvent] was fired with model [App\Models\CourseUsers]. [Dirty: true]. Serialized model [{"user_id":"792528d8-20e8-4503-b5d6-7cef50b9b708","course_id":9,"id":2}]  
[2022-05-08 15:49:44] production.INFO: Listener [App\Listeners\CourseUsersUpdateCapacityListener] event [App\Events\CourseUsersCreatedEvent]  
[2022-05-08 15:49:44] production.INFO: Listener [App\Listeners\CourseUsersRecordToLessonsListener] event [App\Events\CourseUsersCreatedEvent]  
[2022-05-08 15:50:06] production.INFO: Event [App\Events\CourseUsersCreatingEvent] was fired with model [App\Models\CourseUsers]. [Dirty: true]. Serialized model [{"user_id":"18d1cfc7-d21b-4c71-99cc-e3b3a7ad8556","course_id":9}]  
[2022-05-08 15:50:06] production.INFO: Listener [App\Listeners\CourseUsersValidateUniqueListener] event [App\Events\CourseUsersCreatingEvent]  
[2022-05-08 15:50:06] production.INFO: Listener [App\Listeners\CourseUsersCheckIdListener] event [App\Events\CourseUsersCreatingEvent]  
[2022-05-08 15:50:06] production.INFO: Listener [App\Listeners\CourseUsersCheckCapacityListener] event [App\Events\CourseUsersCreatingEvent]  
[2022-05-08 15:50:06] production.INFO: Event [App\Events\CourseUsersCreatedEvent] was fired with model [App\Models\CourseUsers]. [Dirty: true]. Serialized model [{"user_id":"18d1cfc7-d21b-4c71-99cc-e3b3a7ad8556","course_id":9,"id":3}]  
[2022-05-08 15:50:06] production.INFO: Listener [App\Listeners\CourseUsersUpdateCapacityListener] event [App\Events\CourseUsersCreatedEvent]  
[2022-05-08 15:50:06] production.INFO: Listener [App\Listeners\CourseUsersRecordToLessonsListener] event [App\Events\CourseUsersCreatedEvent]  
[2022-05-08 15:50:14] production.INFO: Event [App\Events\CourseUsersCreatingEvent] was fired with model [App\Models\CourseUsers]. [Dirty: true]. Serialized model [{"user_id":"18d1cfc7-d21b-4c71-99cc-e3b3a7ad8556","course_id":9}]  
[2022-05-08 15:50:14] production.INFO: Listener [App\Listeners\CourseUsersValidateUniqueListener] event [App\Events\CourseUsersCreatingEvent]  
[2022-05-08 15:51:10] production.INFO: Event [App\Events\CourseUsersCreatingEvent] was fired with model [App\Models\CourseUsers]. [Dirty: true]. Serialized model [{"user_id":"44532036-d9ec-48d6-a508-efa728f979a3","course_id":10}]  
[2022-05-08 15:51:10] production.INFO: Listener [App\Listeners\CourseUsersValidateUniqueListener] event [App\Events\CourseUsersCreatingEvent]  
[2022-05-08 15:51:10] production.INFO: Listener [App\Listeners\CourseUsersCheckIdListener] event [App\Events\CourseUsersCreatingEvent]  
[2022-05-08 15:51:10] production.INFO: Listener [App\Listeners\CourseUsersCheckCapacityListener] event [App\Events\CourseUsersCreatingEvent]  
[2022-05-08 15:51:10] production.INFO: Event [App\Events\CourseUsersCreatedEvent] was fired with model [App\Models\CourseUsers]. [Dirty: true]. Serialized model [{"user_id":"44532036-d9ec-48d6-a508-efa728f979a3","course_id":10,"id":4}]  
[2022-05-08 15:51:10] production.INFO: Listener [App\Listeners\CourseUsersUpdateCapacityListener] event [App\Events\CourseUsersCreatedEvent]  
[2022-05-08 15:51:10] production.INFO: Listener [App\Listeners\CourseUsersRecordToLessonsListener] event [App\Events\CourseUsersCreatedEvent]  
[2022-05-08 15:51:10] production.INFO: Event [App\Events\CourseUsersCreatingEvent] was fired with model [App\Models\CourseUsers]. [Dirty: true]. Serialized model [{"user_id":"44532036-d9ec-48d6-a508-efa728f979a3","course_id":10}]  
[2022-05-08 15:51:10] production.INFO: Listener [App\Listeners\CourseUsersValidateUniqueListener] event [App\Events\CourseUsersCreatingEvent]  
