[2022-04-29 01:38:30] production.ERROR: Class "App\DebugModels\gg\JJ" does not exist {"exception":"[object] (ReflectionException(code: -1): Class \"App\\DebugModels\\gg\\JJ\" does not exist at /app/vendor/egal/framework/src/Model/Metadata/ModelMetadata.php:71)
[stacktrace]
#0 /app/vendor/egal/framework/src/Model/Metadata/ModelMetadata.php(71): ReflectionClass->__construct('App\\\\DebugModels...')
#1 /app/app/Helpers/ModelManagerHelper.php(103): Egal\\Model\\Metadata\\ModelMetadata->__construct('App\\\\DebugModels...')
#2 /app/app/Helpers/ModelManagerHelper.php(91): App\\Helpers\\ModelManagerHelper->scanModels('/app/app/DebugM...')
#3 /app/app/Helpers/ModelManagerHelper.php(20): App\\Helpers\\ModelManagerHelper->scanModels()
#4 /app/app/Providers/DebugModelsServiceProvider.php(39): App\\Helpers\\ModelManagerHelper->__construct()
#5 /app/vendor/illuminate/container/Container.php(873): App\\Providers\\DebugModelsServiceProvider->App\\Providers\\{closure}(Object(Egal\\Core\\Application), Array)
#6 /app/vendor/illuminate/container/Container.php(758): Illuminate\\Container\\Container->build(Object(Closure))
#7 /app/vendor/illuminate/container/Container.php(694): Illuminate\\Container\\Container->resolve('App\\\\Helpers\\\\Mod...', Array)
#8 /app/vendor/laravel/lumen-framework/src/Application.php(300): Illuminate\\Container\\Container->make('App\\\\Helpers\\\\Mod...', Array)
#9 /app/vendor/laravel/lumen-framework/src/helpers.php(42): Laravel\\Lumen\\Application->make('App\\\\Helpers\\\\Mod...', Array)
#10 /app/app/Helpers/ModelManagerHelper.php(25): app('App\\\\Helpers\\\\Mod...')
#11 /app/app/Helpers/ModelManagerHelper.php(61): App\\Helpers\\ModelManagerHelper::getInstance()
#12 /app/app/Providers/DebugModelsServiceProvider.php(42): App\\Helpers\\ModelManagerHelper::loadModel('App\\\\Helpers\\\\Mod...')
#13 /app/vendor/laravel/lumen-framework/src/Application.php(233): App\\Providers\\DebugModelsServiceProvider->register()
#14 /app/bootstrap/app.php(70): Laravel\\Lumen\\Application->register(Object(App\\Providers\\DebugModelsServiceProvider))
#15 /app/artisan(18): require('/app/bootstrap/...')
#16 {main}
"} 
[2022-04-29 01:38:51] production.ERROR: Class "App\DebugModels\gg\JJ" does not exist {"exception":"[object] (ReflectionException(code: -1): Class \"App\\DebugModels\\gg\\JJ\" does not exist at /app/vendor/egal/framework/src/Model/Metadata/ModelMetadata.php:71)
[stacktrace]
#0 /app/vendor/egal/framework/src/Model/Metadata/ModelMetadata.php(71): ReflectionClass->__construct('App\\\\DebugModels...')
#1 /app/app/Helpers/ModelManagerHelper.php(103): Egal\\Model\\Metadata\\ModelMetadata->__construct('App\\\\DebugModels...')
#2 /app/app/Helpers/ModelManagerHelper.php(91): App\\Helpers\\ModelManagerHelper->scanModels('/app/app/DebugM...')
#3 /app/app/Helpers/ModelManagerHelper.php(20): App\\Helpers\\ModelManagerHelper->scanModels()
#4 /app/app/Providers/DebugModelsServiceProvider.php(39): App\\Helpers\\ModelManagerHelper->__construct()
#5 /app/vendor/illuminate/container/Container.php(873): App\\Providers\\DebugModelsServiceProvider->App\\Providers\\{closure}(Object(Egal\\Core\\Application), Array)
#6 /app/vendor/illuminate/container/Container.php(758): Illuminate\\Container\\Container->build(Object(Closure))
#7 /app/vendor/illuminate/container/Container.php(694): Illuminate\\Container\\Container->resolve('App\\\\Helpers\\\\Mod...', Array)
#8 /app/vendor/laravel/lumen-framework/src/Application.php(300): Illuminate\\Container\\Container->make('App\\\\Helpers\\\\Mod...', Array)
#9 /app/vendor/laravel/lumen-framework/src/helpers.php(42): Laravel\\Lumen\\Application->make('App\\\\Helpers\\\\Mod...', Array)
#10 /app/app/Helpers/ModelManagerHelper.php(25): app('App\\\\Helpers\\\\Mod...')
#11 /app/app/Helpers/ModelManagerHelper.php(61): App\\Helpers\\ModelManagerHelper::getInstance()
#12 /app/app/Providers/DebugModelsServiceProvider.php(42): App\\Helpers\\ModelManagerHelper::loadModel('App\\\\Helpers\\\\Mod...')
#13 /app/vendor/laravel/lumen-framework/src/Application.php(233): App\\Providers\\DebugModelsServiceProvider->register()
#14 /app/bootstrap/app.php(70): Laravel\\Lumen\\Application->register(Object(App\\Providers\\DebugModelsServiceProvider))
#15 /app/artisan(18): require('/app/bootstrap/...')
#16 {main}
"} 
[2022-04-29 01:55:59] production.ERROR: Class "App\Models\TetsDebug" does not exist {"exception":"[object] (ReflectionException(code: -1): Class \"App\\Models\\TetsDebug\" does not exist at /app/vendor/egal/framework/src/Model/Metadata/ModelMetadata.php:71)
[stacktrace]
#0 /app/vendor/egal/framework/src/Model/Metadata/ModelMetadata.php(71): ReflectionClass->__construct('App\\\\Models\\\\Tets...')
#1 /app/app/Helpers/ModelManagerHelper.php(124): Egal\\Model\\Metadata\\ModelMetadata->__construct('App\\\\Models\\\\Tets...')
#2 /app/app/Helpers/ModelManagerHelper.php(20): App\\Helpers\\ModelManagerHelper->scanModels()
#3 /app/app/Providers/DebugModelsServiceProvider.php(39): App\\Helpers\\ModelManagerHelper->__construct()
#4 /app/vendor/illuminate/container/Container.php(873): App\\Providers\\DebugModelsServiceProvider->App\\Providers\\{closure}(Object(Egal\\Core\\Application), Array)
#5 /app/vendor/illuminate/container/Container.php(758): Illuminate\\Container\\Container->build(Object(Closure))
#6 /app/vendor/illuminate/container/Container.php(694): Illuminate\\Container\\Container->resolve('App\\\\Helpers\\\\Mod...', Array)
#7 /app/vendor/laravel/lumen-framework/src/Application.php(300): Illuminate\\Container\\Container->make('App\\\\Helpers\\\\Mod...', Array)
#8 /app/vendor/laravel/lumen-framework/src/helpers.php(42): Laravel\\Lumen\\Application->make('App\\\\Helpers\\\\Mod...', Array)
#9 /app/app/Helpers/ModelManagerHelper.php(25): app('App\\\\Helpers\\\\Mod...')
#10 /app/app/Helpers/ModelManagerHelper.php(75): App\\Helpers\\ModelManagerHelper::getInstance()
#11 /app/app/Providers/DebugModelsServiceProvider.php(42): App\\Helpers\\ModelManagerHelper::loadModel('App\\\\Helpers\\\\Mod...')
#12 /app/vendor/laravel/lumen-framework/src/Application.php(233): App\\Providers\\DebugModelsServiceProvider->register()
#13 /app/bootstrap/app.php(70): Laravel\\Lumen\\Application->register(Object(App\\Providers\\DebugModelsServiceProvider))
#14 /app/artisan(18): require('/app/bootstrap/...')
#15 {main}
"} 
[2022-04-29 01:56:30] production.ERROR: Class "App\DebugModels\TetsDebug" does not exist {"exception":"[object] (ReflectionException(code: -1): Class \"App\\DebugModels\\TetsDebug\" does not exist at /app/vendor/egal/framework/src/Model/Metadata/ModelMetadata.php:71)
[stacktrace]
#0 /app/vendor/egal/framework/src/Model/Metadata/ModelMetadata.php(71): ReflectionClass->__construct('App\\\\DebugModels...')
#1 /app/app/Helpers/ModelManagerHelper.php(124): Egal\\Model\\Metadata\\ModelMetadata->__construct('App\\\\DebugModels...')
#2 /app/app/Helpers/ModelManagerHelper.php(20): App\\Helpers\\ModelManagerHelper->scanModels()
#3 /app/app/Providers/DebugModelsServiceProvider.php(39): App\\Helpers\\ModelManagerHelper->__construct()
#4 /app/vendor/illuminate/container/Container.php(873): App\\Providers\\DebugModelsServiceProvider->App\\Providers\\{closure}(Object(Egal\\Core\\Application), Array)
#5 /app/vendor/illuminate/container/Container.php(758): Illuminate\\Container\\Container->build(Object(Closure))
#6 /app/vendor/illuminate/container/Container.php(694): Illuminate\\Container\\Container->resolve('App\\\\Helpers\\\\Mod...', Array)
#7 /app/vendor/laravel/lumen-framework/src/Application.php(300): Illuminate\\Container\\Container->make('App\\\\Helpers\\\\Mod...', Array)
#8 /app/vendor/laravel/lumen-framework/src/helpers.php(42): Laravel\\Lumen\\Application->make('App\\\\Helpers\\\\Mod...', Array)
#9 /app/app/Helpers/ModelManagerHelper.php(25): app('App\\\\Helpers\\\\Mod...')
#10 /app/app/Helpers/ModelManagerHelper.php(75): App\\Helpers\\ModelManagerHelper::getInstance()
#11 /app/app/Providers/DebugModelsServiceProvider.php(42): App\\Helpers\\ModelManagerHelper::loadModel('App\\\\Helpers\\\\Mod...')
#12 /app/vendor/laravel/lumen-framework/src/Application.php(233): App\\Providers\\DebugModelsServiceProvider->register()
#13 /app/bootstrap/app.php(70): Laravel\\Lumen\\Application->register(Object(App\\Providers\\DebugModelsServiceProvider))
#14 /app/artisan(18): require('/app/bootstrap/...')
#15 {main}
"} 
[2022-04-29 01:57:48] production.ERROR: Class "App\DebugModels\TetsDebug" does not exist {"exception":"[object] (ReflectionException(code: -1): Class \"App\\DebugModels\\TetsDebug\" does not exist at /app/vendor/egal/framework/src/Model/Metadata/ModelMetadata.php:71)
[stacktrace]
#0 /app/vendor/egal/framework/src/Model/Metadata/ModelMetadata.php(71): ReflectionClass->__construct('App\\\\DebugModels...')
#1 /app/app/Helpers/ModelManagerHelper.php(126): Egal\\Model\\Metadata\\ModelMetadata->__construct('App\\\\DebugModels...')
#2 /app/app/Helpers/ModelManagerHelper.php(20): App\\Helpers\\ModelManagerHelper->scanModels()
#3 /app/app/Providers/DebugModelsServiceProvider.php(39): App\\Helpers\\ModelManagerHelper->__construct()
#4 /app/vendor/illuminate/container/Container.php(873): App\\Providers\\DebugModelsServiceProvider->App\\Providers\\{closure}(Object(Egal\\Core\\Application), Array)
#5 /app/vendor/illuminate/container/Container.php(758): Illuminate\\Container\\Container->build(Object(Closure))
#6 /app/vendor/illuminate/container/Container.php(694): Illuminate\\Container\\Container->resolve('App\\\\Helpers\\\\Mod...', Array)
#7 /app/vendor/laravel/lumen-framework/src/Application.php(300): Illuminate\\Container\\Container->make('App\\\\Helpers\\\\Mod...', Array)
#8 /app/vendor/laravel/lumen-framework/src/helpers.php(42): Laravel\\Lumen\\Application->make('App\\\\Helpers\\\\Mod...', Array)
#9 /app/app/Helpers/ModelManagerHelper.php(25): app('App\\\\Helpers\\\\Mod...')
#10 /app/app/Helpers/ModelManagerHelper.php(75): App\\Helpers\\ModelManagerHelper::getInstance()
#11 /app/app/Providers/DebugModelsServiceProvider.php(42): App\\Helpers\\ModelManagerHelper::loadModel('App\\\\Helpers\\\\Mod...')
#12 /app/vendor/laravel/lumen-framework/src/Application.php(233): App\\Providers\\DebugModelsServiceProvider->register()
#13 /app/bootstrap/app.php(70): Laravel\\Lumen\\Application->register(Object(App\\Providers\\DebugModelsServiceProvider))
#14 /app/artisan(18): require('/app/bootstrap/...')
#15 {main}
"} 
[2022-04-29 01:58:45] production.ERROR: Class "App\Models\TetsDebug" does not exist {"exception":"[object] (ReflectionException(code: -1): Class \"App\\Models\\TetsDebug\" does not exist at /app/vendor/egal/framework/src/Model/Metadata/ModelMetadata.php:71)
[stacktrace]
#0 /app/vendor/egal/framework/src/Model/Metadata/ModelMetadata.php(71): ReflectionClass->__construct('App\\\\Models\\\\Tets...')
#1 /app/app/Helpers/ModelManagerHelper.php(126): Egal\\Model\\Metadata\\ModelMetadata->__construct('App\\\\Models\\\\Tets...')
#2 /app/app/Helpers/ModelManagerHelper.php(20): App\\Helpers\\ModelManagerHelper->scanModels()
#3 /app/app/Providers/DebugModelsServiceProvider.php(39): App\\Helpers\\ModelManagerHelper->__construct()
#4 /app/vendor/illuminate/container/Container.php(873): App\\Providers\\DebugModelsServiceProvider->App\\Providers\\{closure}(Object(Egal\\Core\\Application), Array)
#5 /app/vendor/illuminate/container/Container.php(758): Illuminate\\Container\\Container->build(Object(Closure))
#6 /app/vendor/illuminate/container/Container.php(694): Illuminate\\Container\\Container->resolve('App\\\\Helpers\\\\Mod...', Array)
#7 /app/vendor/laravel/lumen-framework/src/Application.php(300): Illuminate\\Container\\Container->make('App\\\\Helpers\\\\Mod...', Array)
#8 /app/vendor/laravel/lumen-framework/src/helpers.php(42): Laravel\\Lumen\\Application->make('App\\\\Helpers\\\\Mod...', Array)
#9 /app/app/Helpers/ModelManagerHelper.php(25): app('App\\\\Helpers\\\\Mod...')
#10 /app/app/Helpers/ModelManagerHelper.php(75): App\\Helpers\\ModelManagerHelper::getInstance()
#11 /app/app/Providers/DebugModelsServiceProvider.php(42): App\\Helpers\\ModelManagerHelper::loadModel('App\\\\Helpers\\\\Mod...')
#12 /app/vendor/laravel/lumen-framework/src/Application.php(233): App\\Providers\\DebugModelsServiceProvider->register()
#13 /app/bootstrap/app.php(70): Laravel\\Lumen\\Application->register(Object(App\\Providers\\DebugModelsServiceProvider))
#14 /app/artisan(18): require('/app/bootstrap/...')
#15 {main}
"} 
[2022-04-29 02:04:23] production.ERROR: Class "App\Models\TetsDebug" does not exist {"exception":"[object] (ReflectionException(code: -1): Class \"App\\Models\\TetsDebug\" does not exist at /app/vendor/egal/framework/src/Model/Metadata/ModelMetadata.php:71)
[stacktrace]
#0 /app/vendor/egal/framework/src/Model/Metadata/ModelMetadata.php(71): ReflectionClass->__construct('App\\\\Models\\\\Tets...')
#1 /app/app/Helpers/ModelManagerHelper.php(125): Egal\\Model\\Metadata\\ModelMetadata->__construct('App\\\\Models\\\\Tets...')
#2 /app/app/Helpers/ModelManagerHelper.php(20): App\\Helpers\\ModelManagerHelper->scanModels()
#3 /app/app/Providers/DebugModelsServiceProvider.php(39): App\\Helpers\\ModelManagerHelper->__construct()
#4 /app/vendor/illuminate/container/Container.php(873): App\\Providers\\DebugModelsServiceProvider->App\\Providers\\{closure}(Object(Egal\\Core\\Application), Array)
#5 /app/vendor/illuminate/container/Container.php(758): Illuminate\\Container\\Container->build(Object(Closure))
#6 /app/vendor/illuminate/container/Container.php(694): Illuminate\\Container\\Container->resolve('App\\\\Helpers\\\\Mod...', Array)
#7 /app/vendor/laravel/lumen-framework/src/Application.php(300): Illuminate\\Container\\Container->make('App\\\\Helpers\\\\Mod...', Array)
#8 /app/vendor/laravel/lumen-framework/src/helpers.php(42): Laravel\\Lumen\\Application->make('App\\\\Helpers\\\\Mod...', Array)
#9 /app/app/Helpers/ModelManagerHelper.php(25): app('App\\\\Helpers\\\\Mod...')
#10 /app/app/Helpers/ModelManagerHelper.php(75): App\\Helpers\\ModelManagerHelper::getInstance()
#11 /app/app/Providers/DebugModelsServiceProvider.php(42): App\\Helpers\\ModelManagerHelper::loadModel('App\\\\Helpers\\\\Mod...')
#12 /app/vendor/laravel/lumen-framework/src/Application.php(233): App\\Providers\\DebugModelsServiceProvider->register()
#13 /app/bootstrap/app.php(70): Laravel\\Lumen\\Application->register(Object(App\\Providers\\DebugModelsServiceProvider))
#14 /app/artisan(18): require('/app/bootstrap/...')
#15 {main}
"} 
[2022-04-29 03:12:50] production.ERROR: App\Helpers\ModelManagerHelper::getInstance(): Return value must be of type App\Helpers\ModelManagerHelper, Egal\Model\ModelManager returned {"exception":"[object] (TypeError(code: 0): App\\Helpers\\ModelManagerHelper::getInstance(): Return value must be of type App\\Helpers\\ModelManagerHelper, Egal\\Model\\ModelManager returned at /app/app/Helpers/ModelManagerHelper.php:25)
[stacktrace]
#0 /app/app/Helpers/ModelManagerHelper.php(75): App\\Helpers\\ModelManagerHelper::getInstance()
#1 /app/app/Providers/DebugModelsServiceProvider.php(42): App\\Helpers\\ModelManagerHelper::loadModel('App\\\\Helpers\\\\Mod...')
#2 /app/vendor/laravel/lumen-framework/src/Application.php(233): App\\Providers\\DebugModelsServiceProvider->register()
#3 /app/bootstrap/app.php(70): Laravel\\Lumen\\Application->register(Object(App\\Providers\\DebugModelsServiceProvider))
#4 /app/artisan(18): require('/app/bootstrap/...')
#5 {main}
"} 
[2022-04-29 03:12:52] production.ERROR: App\Helpers\ModelManagerHelper::getInstance(): Return value must be of type App\Helpers\ModelManagerHelper, Egal\Model\ModelManager returned {"exception":"[object] (TypeError(code: 0): App\\Helpers\\ModelManagerHelper::getInstance(): Return value must be of type App\\Helpers\\ModelManagerHelper, Egal\\Model\\ModelManager returned at /app/app/Helpers/ModelManagerHelper.php:25)
[stacktrace]
#0 /app/app/Helpers/ModelManagerHelper.php(75): App\\Helpers\\ModelManagerHelper::getInstance()
#1 /app/app/Providers/DebugModelsServiceProvider.php(42): App\\Helpers\\ModelManagerHelper::loadModel('App\\\\Helpers\\\\Mod...')
#2 /app/vendor/laravel/lumen-framework/src/Application.php(233): App\\Providers\\DebugModelsServiceProvider->register()
#3 /app/bootstrap/app.php(70): Laravel\\Lumen\\Application->register(Object(App\\Providers\\DebugModelsServiceProvider))
#4 /app/artisan(18): require('/app/bootstrap/...')
#5 {main}
"} 
[2022-04-29 03:12:54] production.ERROR: App\Helpers\ModelManagerHelper::getInstance(): Return value must be of type App\Helpers\ModelManagerHelper, Egal\Model\ModelManager returned {"exception":"[object] (TypeError(code: 0): App\\Helpers\\ModelManagerHelper::getInstance(): Return value must be of type App\\Helpers\\ModelManagerHelper, Egal\\Model\\ModelManager returned at /app/app/Helpers/ModelManagerHelper.php:25)
[stacktrace]
#0 /app/app/Helpers/ModelManagerHelper.php(75): App\\Helpers\\ModelManagerHelper::getInstance()
#1 /app/app/Providers/DebugModelsServiceProvider.php(42): App\\Helpers\\ModelManagerHelper::loadModel('App\\\\Helpers\\\\Mod...')
#2 /app/vendor/laravel/lumen-framework/src/Application.php(233): App\\Providers\\DebugModelsServiceProvider->register()
#3 /app/bootstrap/app.php(70): Laravel\\Lumen\\Application->register(Object(App\\Providers\\DebugModelsServiceProvider))
#4 /app/artisan(18): require('/app/bootstrap/...')
#5 {main}
"} 
[2022-04-29 04:14:22] production.ERROR: stream_socket_client(): Unable to connect to tcp://project-rabbitmq:5672 (Connection refused) {"exception":"[object] (PhpAmqpLib\\Exception\\AMQPIOException(code: 0): stream_socket_client(): Unable to connect to tcp://project-rabbitmq:5672 (Connection refused) at /app/vendor/php-amqplib/php-amqplib/PhpAmqpLib/Wire/IO/StreamIO.php:108)
[stacktrace]
#0 /app/vendor/php-amqplib/php-amqplib/PhpAmqpLib/Connection/AbstractConnection.php(253): PhpAmqpLib\\Wire\\IO\\StreamIO->connect()
#1 /app/vendor/php-amqplib/php-amqplib/PhpAmqpLib/Connection/AMQPLazyConnection.php(12): PhpAmqpLib\\Connection\\AbstractConnection->connect()
#2 /app/vendor/egal/framework/src/Core/Bus/RabbitMQBus.php(61): PhpAmqpLib\\Connection\\AMQPLazyConnection->channel()
#3 /app/vendor/egal/framework/src/Core/Bus/BusCreator.php(23): Egal\\Core\\Bus\\RabbitMQBus->__construct(Array)
#4 /app/vendor/egal/framework/src/Core/ServiceProvider.php(56): Egal\\Core\\Bus\\BusCreator::createBus()
#5 /app/vendor/illuminate/container/Container.php(873): Egal\\Core\\ServiceProvider::Egal\\Core\\{closure}(Object(Egal\\Core\\Application), Array)
#6 /app/vendor/illuminate/container/Container.php(758): Illuminate\\Container\\Container->build(Object(Closure))
#7 /app/vendor/illuminate/container/Container.php(694): Illuminate\\Container\\Container->resolve('Egal\\\\Core\\\\Bus\\\\B...', Array)
#8 /app/vendor/laravel/lumen-framework/src/Application.php(300): Illuminate\\Container\\Container->make('Egal\\\\Core\\\\Bus\\\\B...', Array)
#9 /app/vendor/laravel/lumen-framework/src/helpers.php(42): Laravel\\Lumen\\Application->make('Egal\\\\Core\\\\Bus\\\\B...', Array)
#10 /app/vendor/egal/framework/src/Core/Bus/Bus.php(28): app('Egal\\\\Core\\\\Bus\\\\B...')
#11 /app/vendor/egal/framework/src/Core/Commands/EgalRunCommand.php(25): Egal\\Core\\Bus\\Bus::instance()
#12 /app/vendor/illuminate/container/BoundMethod.php(36): Egal\\Core\\Commands\\EgalRunCommand->handle()
#13 /app/vendor/illuminate/container/Util.php(40): Illuminate\\Container\\BoundMethod::Illuminate\\Container\\{closure}()
#14 /app/vendor/illuminate/container/BoundMethod.php(93): Illuminate\\Container\\Util::unwrapIfClosure(Object(Closure))
#15 /app/vendor/illuminate/container/BoundMethod.php(37): Illuminate\\Container\\BoundMethod::callBoundMethod(Object(Egal\\Core\\Application), Array, Object(Closure))
#16 /app/vendor/illuminate/container/Container.php(653): Illuminate\\Container\\BoundMethod::call(Object(Egal\\Core\\Application), Array, Array, NULL)
#17 /app/vendor/illuminate/console/Command.php(136): Illuminate\\Container\\Container->call(Array)
#18 /app/vendor/egal/framework/src/Core/Commands/EgalRunCommand.php(42): Illuminate\\Console\\Command->execute(Object(Symfony\\Component\\Console\\Input\\ArgvInput), Object(Illuminate\\Console\\OutputStyle))
#19 /app/vendor/symfony/console/Command/Command.php(298): Egal\\Core\\Commands\\EgalRunCommand->execute(Object(Symfony\\Component\\Console\\Input\\ArgvInput), Object(Illuminate\\Console\\OutputStyle))
#20 /app/vendor/illuminate/console/Command.php(121): Symfony\\Component\\Console\\Command\\Command->run(Object(Symfony\\Component\\Console\\Input\\ArgvInput), Object(Illuminate\\Console\\OutputStyle))
#21 /app/vendor/symfony/console/Application.php(1015): Illuminate\\Console\\Command->run(Object(Symfony\\Component\\Console\\Input\\ArgvInput), Object(Symfony\\Component\\Console\\Output\\ConsoleOutput))
#22 /app/vendor/symfony/console/Application.php(299): Symfony\\Component\\Console\\Application->doRunCommand(Object(Egal\\Core\\Commands\\EgalRunCommand), Object(Symfony\\Component\\Console\\Input\\ArgvInput), Object(Symfony\\Component\\Console\\Output\\ConsoleOutput))
#23 /app/vendor/symfony/console/Application.php(171): Symfony\\Component\\Console\\Application->doRun(Object(Symfony\\Component\\Console\\Input\\ArgvInput), Object(Symfony\\Component\\Console\\Output\\ConsoleOutput))
#24 /app/vendor/illuminate/console/Application.php(94): Symfony\\Component\\Console\\Application->run(Object(Symfony\\Component\\Console\\Input\\ArgvInput), Object(Symfony\\Component\\Console\\Output\\ConsoleOutput))
#25 /app/vendor/laravel/lumen-framework/src/Console/Kernel.php(116): Illuminate\\Console\\Application->run(Object(Symfony\\Component\\Console\\Input\\ArgvInput), Object(Symfony\\Component\\Console\\Output\\ConsoleOutput))
#26 /app/artisan(35): Laravel\\Lumen\\Console\\Kernel->handle(Object(Symfony\\Component\\Console\\Input\\ArgvInput), Object(Symfony\\Component\\Console\\Output\\ConsoleOutput))
#27 {main}
"} 
[2022-04-29 04:18:38] production.ERROR: stream_socket_client(): Unable to connect to tcp://project-rabbitmq:5672 (Connection refused) {"exception":"[object] (PhpAmqpLib\\Exception\\AMQPIOException(code: 0): stream_socket_client(): Unable to connect to tcp://project-rabbitmq:5672 (Connection refused) at /app/vendor/php-amqplib/php-amqplib/PhpAmqpLib/Wire/IO/StreamIO.php:108)
[stacktrace]
#0 /app/vendor/php-amqplib/php-amqplib/PhpAmqpLib/Connection/AbstractConnection.php(253): PhpAmqpLib\\Wire\\IO\\StreamIO->connect()
#1 /app/vendor/php-amqplib/php-amqplib/PhpAmqpLib/Connection/AMQPLazyConnection.php(12): PhpAmqpLib\\Connection\\AbstractConnection->connect()
#2 /app/vendor/egal/framework/src/Core/Bus/RabbitMQBus.php(61): PhpAmqpLib\\Connection\\AMQPLazyConnection->channel()
#3 /app/vendor/egal/framework/src/Core/Bus/BusCreator.php(23): Egal\\Core\\Bus\\RabbitMQBus->__construct(Array)
#4 /app/vendor/egal/framework/src/Core/ServiceProvider.php(56): Egal\\Core\\Bus\\BusCreator::createBus()
#5 /app/vendor/illuminate/container/Container.php(873): Egal\\Core\\ServiceProvider::Egal\\Core\\{closure}(Object(Egal\\Core\\Application), Array)
#6 /app/vendor/illuminate/container/Container.php(758): Illuminate\\Container\\Container->build(Object(Closure))
#7 /app/vendor/illuminate/container/Container.php(694): Illuminate\\Container\\Container->resolve('Egal\\\\Core\\\\Bus\\\\B...', Array)
#8 /app/vendor/laravel/lumen-framework/src/Application.php(300): Illuminate\\Container\\Container->make('Egal\\\\Core\\\\Bus\\\\B...', Array)
#9 /app/vendor/laravel/lumen-framework/src/helpers.php(42): Laravel\\Lumen\\Application->make('Egal\\\\Core\\\\Bus\\\\B...', Array)
#10 /app/vendor/egal/framework/src/Core/Bus/Bus.php(28): app('Egal\\\\Core\\\\Bus\\\\B...')
#11 /app/vendor/egal/framework/src/Core/Commands/EgalRunCommand.php(25): Egal\\Core\\Bus\\Bus::instance()
#12 /app/vendor/illuminate/container/BoundMethod.php(36): Egal\\Core\\Commands\\EgalRunCommand->handle()
#13 /app/vendor/illuminate/container/Util.php(40): Illuminate\\Container\\BoundMethod::Illuminate\\Container\\{closure}()
#14 /app/vendor/illuminate/container/BoundMethod.php(93): Illuminate\\Container\\Util::unwrapIfClosure(Object(Closure))
#15 /app/vendor/illuminate/container/BoundMethod.php(37): Illuminate\\Container\\BoundMethod::callBoundMethod(Object(Egal\\Core\\Application), Array, Object(Closure))
#16 /app/vendor/illuminate/container/Container.php(653): Illuminate\\Container\\BoundMethod::call(Object(Egal\\Core\\Application), Array, Array, NULL)
#17 /app/vendor/illuminate/console/Command.php(136): Illuminate\\Container\\Container->call(Array)
#18 /app/vendor/egal/framework/src/Core/Commands/EgalRunCommand.php(42): Illuminate\\Console\\Command->execute(Object(Symfony\\Component\\Console\\Input\\ArgvInput), Object(Illuminate\\Console\\OutputStyle))
#19 /app/vendor/symfony/console/Command/Command.php(298): Egal\\Core\\Commands\\EgalRunCommand->execute(Object(Symfony\\Component\\Console\\Input\\ArgvInput), Object(Illuminate\\Console\\OutputStyle))
#20 /app/vendor/illuminate/console/Command.php(121): Symfony\\Component\\Console\\Command\\Command->run(Object(Symfony\\Component\\Console\\Input\\ArgvInput), Object(Illuminate\\Console\\OutputStyle))
#21 /app/vendor/symfony/console/Application.php(1015): Illuminate\\Console\\Command->run(Object(Symfony\\Component\\Console\\Input\\ArgvInput), Object(Symfony\\Component\\Console\\Output\\ConsoleOutput))
#22 /app/vendor/symfony/console/Application.php(299): Symfony\\Component\\Console\\Application->doRunCommand(Object(Egal\\Core\\Commands\\EgalRunCommand), Object(Symfony\\Component\\Console\\Input\\ArgvInput), Object(Symfony\\Component\\Console\\Output\\ConsoleOutput))
#23 /app/vendor/symfony/console/Application.php(171): Symfony\\Component\\Console\\Application->doRun(Object(Symfony\\Component\\Console\\Input\\ArgvInput), Object(Symfony\\Component\\Console\\Output\\ConsoleOutput))
#24 /app/vendor/illuminate/console/Application.php(94): Symfony\\Component\\Console\\Application->run(Object(Symfony\\Component\\Console\\Input\\ArgvInput), Object(Symfony\\Component\\Console\\Output\\ConsoleOutput))
#25 /app/vendor/laravel/lumen-framework/src/Console/Kernel.php(116): Illuminate\\Console\\Application->run(Object(Symfony\\Component\\Console\\Input\\ArgvInput), Object(Symfony\\Component\\Console\\Output\\ConsoleOutput))
#26 /app/artisan(35): Laravel\\Lumen\\Console\\Kernel->handle(Object(Symfony\\Component\\Console\\Input\\ArgvInput), Object(Symfony\\Component\\Console\\Output\\ConsoleOutput))
#27 {main}
"} 
[2022-04-29 05:00:29] production.ERROR: include(/app): Failed to open stream: No error information {"exception":"[object] (ErrorException(code: 0): include(/app): Failed to open stream: No error information at /app/vendor/composer/ClassLoader.php:571)
[stacktrace]
#0 /app/vendor/laravel/lumen-framework/src/Concerns/RegistersExceptionHandlers.php(47): Laravel\\Lumen\\Application->handleError(2, 'include(/app): ...', '/app/vendor/com...', 571)
#1 /app/vendor/composer/ClassLoader.php(571): Laravel\\Lumen\\Application->Laravel\\Lumen\\Concerns\\{closure}(2, 'include(/app): ...', '/app/vendor/com...', 571)
#2 /app/vendor/composer/ClassLoader.php(571): include()
#3 /app/vendor/composer/ClassLoader.php(428): Composer\\Autoload\\includeFile('/app/vendor/com...')
#4 [internal function]: Composer\\Autoload\\ClassLoader->loadClass('App\\\\DebugModels...')
#5 /app/vendor/egal/framework/src/Model/Metadata/ModelMetadata.php(71): ReflectionClass->__construct('App\\\\DebugModels...')
#6 /app/vendor/egal/framework/src/Model/ModelManager.php(69): Egal\\Model\\Metadata\\ModelMetadata->__construct('App\\\\DebugModels...')
#7 /app/app/Providers/DebugModelsServiceProvider.php(66): Egal\\Model\\ModelManager::loadModel('App\\\\DebugModels...')
#8 /app/vendor/laravel/lumen-framework/src/Application.php(233): App\\Providers\\DebugModelsServiceProvider->register()
#9 /app/bootstrap/app.php(70): Laravel\\Lumen\\Application->register(Object(App\\Providers\\DebugModelsServiceProvider))
#10 /app/artisan(18): require('/app/bootstrap/...')
#11 {main}
"} 
[2022-04-29 05:00:31] production.ERROR: include(/app): Failed to open stream: No error information {"exception":"[object] (ErrorException(code: 0): include(/app): Failed to open stream: No error information at /app/vendor/composer/ClassLoader.php:571)
[stacktrace]
#0 /app/vendor/laravel/lumen-framework/src/Concerns/RegistersExceptionHandlers.php(47): Laravel\\Lumen\\Application->handleError(2, 'include(/app): ...', '/app/vendor/com...', 571)
#1 /app/vendor/composer/ClassLoader.php(571): Laravel\\Lumen\\Application->Laravel\\Lumen\\Concerns\\{closure}(2, 'include(/app): ...', '/app/vendor/com...', 571)
#2 /app/vendor/composer/ClassLoader.php(571): include()
#3 /app/vendor/composer/ClassLoader.php(428): Composer\\Autoload\\includeFile('/app/vendor/com...')
#4 [internal function]: Composer\\Autoload\\ClassLoader->loadClass('App\\\\DebugModels...')
#5 /app/vendor/egal/framework/src/Model/Metadata/ModelMetadata.php(71): ReflectionClass->__construct('App\\\\DebugModels...')
#6 /app/vendor/egal/framework/src/Model/ModelManager.php(69): Egal\\Model\\Metadata\\ModelMetadata->__construct('App\\\\DebugModels...')
#7 /app/app/Providers/DebugModelsServiceProvider.php(66): Egal\\Model\\ModelManager::loadModel('App\\\\DebugModels...')
#8 /app/vendor/laravel/lumen-framework/src/Application.php(233): App\\Providers\\DebugModelsServiceProvider->register()
#9 /app/bootstrap/app.php(70): Laravel\\Lumen\\Application->register(Object(App\\Providers\\DebugModelsServiceProvider))
#10 /app/artisan(18): require('/app/bootstrap/...')
#11 {main}
"} 
[2022-04-29 05:00:33] production.ERROR: include(/app): Failed to open stream: No error information {"exception":"[object] (ErrorException(code: 0): include(/app): Failed to open stream: No error information at /app/vendor/composer/ClassLoader.php:571)
[stacktrace]
#0 /app/vendor/laravel/lumen-framework/src/Concerns/RegistersExceptionHandlers.php(47): Laravel\\Lumen\\Application->handleError(2, 'include(/app): ...', '/app/vendor/com...', 571)
#1 /app/vendor/composer/ClassLoader.php(571): Laravel\\Lumen\\Application->Laravel\\Lumen\\Concerns\\{closure}(2, 'include(/app): ...', '/app/vendor/com...', 571)
#2 /app/vendor/composer/ClassLoader.php(571): include()
#3 /app/vendor/composer/ClassLoader.php(428): Composer\\Autoload\\includeFile('/app/vendor/com...')
#4 [internal function]: Composer\\Autoload\\ClassLoader->loadClass('App\\\\DebugModels...')
#5 /app/vendor/egal/framework/src/Model/Metadata/ModelMetadata.php(71): ReflectionClass->__construct('App\\\\DebugModels...')
#6 /app/vendor/egal/framework/src/Model/ModelManager.php(69): Egal\\Model\\Metadata\\ModelMetadata->__construct('App\\\\DebugModels...')
#7 /app/app/Providers/DebugModelsServiceProvider.php(66): Egal\\Model\\ModelManager::loadModel('App\\\\DebugModels...')
#8 /app/vendor/laravel/lumen-framework/src/Application.php(233): App\\Providers\\DebugModelsServiceProvider->register()
#9 /app/bootstrap/app.php(70): Laravel\\Lumen\\Application->register(Object(App\\Providers\\DebugModelsServiceProvider))
#10 /app/artisan(18): require('/app/bootstrap/...')
#11 {main}
"} 
[2022-04-29 05:02:20] production.ERROR: include(/app): Failed to open stream: No error information {"exception":"[object] (ErrorException(code: 0): include(/app): Failed to open stream: No error information at /app/vendor/composer/ClassLoader.php:571)
[stacktrace]
#0 /app/vendor/laravel/lumen-framework/src/Concerns/RegistersExceptionHandlers.php(47): Laravel\\Lumen\\Application->handleError(2, 'include(/app): ...', '/app/vendor/com...', 571)
#1 /app/vendor/composer/ClassLoader.php(571): Laravel\\Lumen\\Application->Laravel\\Lumen\\Concerns\\{closure}(2, 'include(/app): ...', '/app/vendor/com...', 571)
#2 /app/vendor/composer/ClassLoader.php(571): include()
#3 /app/vendor/composer/ClassLoader.php(428): Composer\\Autoload\\includeFile('/app/vendor/com...')
#4 [internal function]: Composer\\Autoload\\ClassLoader->loadClass('App\\\\DebugModels...')
#5 /app/vendor/egal/framework/src/Model/Metadata/ModelMetadata.php(71): ReflectionClass->__construct('App\\\\DebugModels...')
#6 /app/vendor/egal/framework/src/Model/ModelManager.php(69): Egal\\Model\\Metadata\\ModelMetadata->__construct('App\\\\DebugModels...')
#7 /app/app/Providers/DebugModelsServiceProvider.php(66): Egal\\Model\\ModelManager::loadModel('App\\\\DebugModels...')
#8 /app/vendor/laravel/lumen-framework/src/Application.php(233): App\\Providers\\DebugModelsServiceProvider->register()
#9 /app/bootstrap/app.php(70): Laravel\\Lumen\\Application->register(Object(App\\Providers\\DebugModelsServiceProvider))
#10 /app/artisan(18): require('/app/bootstrap/...')
#11 {main}
"} 
[2022-04-29 05:02:22] production.ERROR: include(/app): Failed to open stream: No error information {"exception":"[object] (ErrorException(code: 0): include(/app): Failed to open stream: No error information at /app/vendor/composer/ClassLoader.php:571)
[stacktrace]
#0 /app/vendor/laravel/lumen-framework/src/Concerns/RegistersExceptionHandlers.php(47): Laravel\\Lumen\\Application->handleError(2, 'include(/app): ...', '/app/vendor/com...', 571)
#1 /app/vendor/composer/ClassLoader.php(571): Laravel\\Lumen\\Application->Laravel\\Lumen\\Concerns\\{closure}(2, 'include(/app): ...', '/app/vendor/com...', 571)
#2 /app/vendor/composer/ClassLoader.php(571): include()
#3 /app/vendor/composer/ClassLoader.php(428): Composer\\Autoload\\includeFile('/app/vendor/com...')
#4 [internal function]: Composer\\Autoload\\ClassLoader->loadClass('App\\\\DebugModels...')
#5 /app/vendor/egal/framework/src/Model/Metadata/ModelMetadata.php(71): ReflectionClass->__construct('App\\\\DebugModels...')
#6 /app/vendor/egal/framework/src/Model/ModelManager.php(69): Egal\\Model\\Metadata\\ModelMetadata->__construct('App\\\\DebugModels...')
#7 /app/app/Providers/DebugModelsServiceProvider.php(66): Egal\\Model\\ModelManager::loadModel('App\\\\DebugModels...')
#8 /app/vendor/laravel/lumen-framework/src/Application.php(233): App\\Providers\\DebugModelsServiceProvider->register()
#9 /app/bootstrap/app.php(70): Laravel\\Lumen\\Application->register(Object(App\\Providers\\DebugModelsServiceProvider))
#10 /app/artisan(18): require('/app/bootstrap/...')
#11 {main}
"} 
[2022-04-29 05:02:23] production.ERROR: include(/app): Failed to open stream: No error information {"exception":"[object] (ErrorException(code: 0): include(/app): Failed to open stream: No error information at /app/vendor/composer/ClassLoader.php:571)
[stacktrace]
#0 /app/vendor/laravel/lumen-framework/src/Concerns/RegistersExceptionHandlers.php(47): Laravel\\Lumen\\Application->handleError(2, 'include(/app): ...', '/app/vendor/com...', 571)
#1 /app/vendor/composer/ClassLoader.php(571): Laravel\\Lumen\\Application->Laravel\\Lumen\\Concerns\\{closure}(2, 'include(/app): ...', '/app/vendor/com...', 571)
#2 /app/vendor/composer/ClassLoader.php(571): include()
#3 /app/vendor/composer/ClassLoader.php(428): Composer\\Autoload\\includeFile('/app/vendor/com...')
#4 [internal function]: Composer\\Autoload\\ClassLoader->loadClass('App\\\\DebugModels...')
#5 /app/vendor/egal/framework/src/Model/Metadata/ModelMetadata.php(71): ReflectionClass->__construct('App\\\\DebugModels...')
#6 /app/vendor/egal/framework/src/Model/ModelManager.php(69): Egal\\Model\\Metadata\\ModelMetadata->__construct('App\\\\DebugModels...')
#7 /app/app/Providers/DebugModelsServiceProvider.php(66): Egal\\Model\\ModelManager::loadModel('App\\\\DebugModels...')
#8 /app/vendor/laravel/lumen-framework/src/Application.php(233): App\\Providers\\DebugModelsServiceProvider->register()
#9 /app/bootstrap/app.php(70): Laravel\\Lumen\\Application->register(Object(App\\Providers\\DebugModelsServiceProvider))
#10 /app/artisan(18): require('/app/bootstrap/...')
#11 {main}
"} 
[2022-04-29 05:04:24] production.ERROR: include(/app): Failed to open stream: No error information {"exception":"[object] (ErrorException(code: 0): include(/app): Failed to open stream: No error information at /app/vendor/composer/ClassLoader.php:571)
[stacktrace]
#0 /app/vendor/laravel/lumen-framework/src/Concerns/RegistersExceptionHandlers.php(47): Laravel\\Lumen\\Application->handleError(2, 'include(/app): ...', '/app/vendor/com...', 571)
#1 /app/vendor/composer/ClassLoader.php(571): Laravel\\Lumen\\Application->Laravel\\Lumen\\Concerns\\{closure}(2, 'include(/app): ...', '/app/vendor/com...', 571)
#2 /app/vendor/composer/ClassLoader.php(571): include()
#3 /app/vendor/composer/ClassLoader.php(428): Composer\\Autoload\\includeFile('/app/vendor/com...')
#4 [internal function]: Composer\\Autoload\\ClassLoader->loadClass('App\\\\DebugModels...')
#5 /app/vendor/egal/framework/src/Model/Metadata/ModelMetadata.php(71): ReflectionClass->__construct('App\\\\DebugModels...')
#6 /app/vendor/egal/framework/src/Model/ModelManager.php(69): Egal\\Model\\Metadata\\ModelMetadata->__construct('App\\\\DebugModels...')
#7 /app/app/Providers/DebugModelsServiceProvider.php(66): Egal\\Model\\ModelManager::loadModel('App\\\\DebugModels...')
#8 /app/vendor/laravel/lumen-framework/src/Application.php(233): App\\Providers\\DebugModelsServiceProvider->register()
#9 /app/bootstrap/app.php(70): Laravel\\Lumen\\Application->register(Object(App\\Providers\\DebugModelsServiceProvider))
#10 /app/artisan(18): require('/app/bootstrap/...')
#11 {main}
"} 
[2022-04-29 05:04:26] production.ERROR: include(/app): Failed to open stream: No error information {"exception":"[object] (ErrorException(code: 0): include(/app): Failed to open stream: No error information at /app/vendor/composer/ClassLoader.php:571)
[stacktrace]
#0 /app/vendor/laravel/lumen-framework/src/Concerns/RegistersExceptionHandlers.php(47): Laravel\\Lumen\\Application->handleError(2, 'include(/app): ...', '/app/vendor/com...', 571)
#1 /app/vendor/composer/ClassLoader.php(571): Laravel\\Lumen\\Application->Laravel\\Lumen\\Concerns\\{closure}(2, 'include(/app): ...', '/app/vendor/com...', 571)
#2 /app/vendor/composer/ClassLoader.php(571): include()
#3 /app/vendor/composer/ClassLoader.php(428): Composer\\Autoload\\includeFile('/app/vendor/com...')
#4 [internal function]: Composer\\Autoload\\ClassLoader->loadClass('App\\\\DebugModels...')
#5 /app/vendor/egal/framework/src/Model/Metadata/ModelMetadata.php(71): ReflectionClass->__construct('App\\\\DebugModels...')
#6 /app/vendor/egal/framework/src/Model/ModelManager.php(69): Egal\\Model\\Metadata\\ModelMetadata->__construct('App\\\\DebugModels...')
#7 /app/app/Providers/DebugModelsServiceProvider.php(66): Egal\\Model\\ModelManager::loadModel('App\\\\DebugModels...')
#8 /app/vendor/laravel/lumen-framework/src/Application.php(233): App\\Providers\\DebugModelsServiceProvider->register()
#9 /app/bootstrap/app.php(70): Laravel\\Lumen\\Application->register(Object(App\\Providers\\DebugModelsServiceProvider))
#10 /app/artisan(18): require('/app/bootstrap/...')
#11 {main}
"} 
[2022-04-29 05:04:28] production.ERROR: include(/app): Failed to open stream: No error information {"exception":"[object] (ErrorException(code: 0): include(/app): Failed to open stream: No error information at /app/vendor/composer/ClassLoader.php:571)
[stacktrace]
#0 /app/vendor/laravel/lumen-framework/src/Concerns/RegistersExceptionHandlers.php(47): Laravel\\Lumen\\Application->handleError(2, 'include(/app): ...', '/app/vendor/com...', 571)
#1 /app/vendor/composer/ClassLoader.php(571): Laravel\\Lumen\\Application->Laravel\\Lumen\\Concerns\\{closure}(2, 'include(/app): ...', '/app/vendor/com...', 571)
#2 /app/vendor/composer/ClassLoader.php(571): include()
#3 /app/vendor/composer/ClassLoader.php(428): Composer\\Autoload\\includeFile('/app/vendor/com...')
#4 [internal function]: Composer\\Autoload\\ClassLoader->loadClass('App\\\\DebugModels...')
#5 /app/vendor/egal/framework/src/Model/Metadata/ModelMetadata.php(71): ReflectionClass->__construct('App\\\\DebugModels...')
#6 /app/vendor/egal/framework/src/Model/ModelManager.php(69): Egal\\Model\\Metadata\\ModelMetadata->__construct('App\\\\DebugModels...')
#7 /app/app/Providers/DebugModelsServiceProvider.php(66): Egal\\Model\\ModelManager::loadModel('App\\\\DebugModels...')
#8 /app/vendor/laravel/lumen-framework/src/Application.php(233): App\\Providers\\DebugModelsServiceProvider->register()
#9 /app/bootstrap/app.php(70): Laravel\\Lumen\\Application->register(Object(App\\Providers\\DebugModelsServiceProvider))
#10 /app/artisan(18): require('/app/bootstrap/...')
#11 {main}
"} 
[2022-04-29 05:05:35] production.ERROR: include(/app): Failed to open stream: No error information {"exception":"[object] (ErrorException(code: 0): include(/app): Failed to open stream: No error information at /app/vendor/composer/ClassLoader.php:571)
[stacktrace]
#0 /app/vendor/laravel/lumen-framework/src/Concerns/RegistersExceptionHandlers.php(47): Laravel\\Lumen\\Application->handleError(2, 'include(/app): ...', '/app/vendor/com...', 571)
#1 /app/vendor/composer/ClassLoader.php(571): Laravel\\Lumen\\Application->Laravel\\Lumen\\Concerns\\{closure}(2, 'include(/app): ...', '/app/vendor/com...', 571)
#2 /app/vendor/composer/ClassLoader.php(571): include()
#3 /app/vendor/composer/ClassLoader.php(428): Composer\\Autoload\\includeFile('/app/vendor/com...')
#4 [internal function]: Composer\\Autoload\\ClassLoader->loadClass('App\\\\DebugModels...')
#5 /app/vendor/egal/framework/src/Model/Metadata/ModelMetadata.php(71): ReflectionClass->__construct('App\\\\DebugModels...')
#6 /app/vendor/egal/framework/src/Model/ModelManager.php(69): Egal\\Model\\Metadata\\ModelMetadata->__construct('App\\\\DebugModels...')
#7 /app/app/Providers/DebugModelsServiceProvider.php(66): Egal\\Model\\ModelManager::loadModel('App\\\\DebugModels...')
#8 /app/vendor/laravel/lumen-framework/src/Application.php(233): App\\Providers\\DebugModelsServiceProvider->register()
#9 /app/bootstrap/app.php(70): Laravel\\Lumen\\Application->register(Object(App\\Providers\\DebugModelsServiceProvider))
#10 /app/artisan(18): require('/app/bootstrap/...')
#11 {main}
"} 
[2022-04-29 05:05:37] production.ERROR: include(/app): Failed to open stream: No error information {"exception":"[object] (ErrorException(code: 0): include(/app): Failed to open stream: No error information at /app/vendor/composer/ClassLoader.php:571)
[stacktrace]
#0 /app/vendor/laravel/lumen-framework/src/Concerns/RegistersExceptionHandlers.php(47): Laravel\\Lumen\\Application->handleError(2, 'include(/app): ...', '/app/vendor/com...', 571)
#1 /app/vendor/composer/ClassLoader.php(571): Laravel\\Lumen\\Application->Laravel\\Lumen\\Concerns\\{closure}(2, 'include(/app): ...', '/app/vendor/com...', 571)
#2 /app/vendor/composer/ClassLoader.php(571): include()
#3 /app/vendor/composer/ClassLoader.php(428): Composer\\Autoload\\includeFile('/app/vendor/com...')
#4 [internal function]: Composer\\Autoload\\ClassLoader->loadClass('App\\\\DebugModels...')
#5 /app/vendor/egal/framework/src/Model/Metadata/ModelMetadata.php(71): ReflectionClass->__construct('App\\\\DebugModels...')
#6 /app/vendor/egal/framework/src/Model/ModelManager.php(69): Egal\\Model\\Metadata\\ModelMetadata->__construct('App\\\\DebugModels...')
#7 /app/app/Providers/DebugModelsServiceProvider.php(66): Egal\\Model\\ModelManager::loadModel('App\\\\DebugModels...')
#8 /app/vendor/laravel/lumen-framework/src/Application.php(233): App\\Providers\\DebugModelsServiceProvider->register()
#9 /app/bootstrap/app.php(70): Laravel\\Lumen\\Application->register(Object(App\\Providers\\DebugModelsServiceProvider))
#10 /app/artisan(18): require('/app/bootstrap/...')
#11 {main}
"} 
[2022-04-29 05:05:39] production.ERROR: include(/app): Failed to open stream: No error information {"exception":"[object] (ErrorException(code: 0): include(/app): Failed to open stream: No error information at /app/vendor/composer/ClassLoader.php:571)
[stacktrace]
#0 /app/vendor/laravel/lumen-framework/src/Concerns/RegistersExceptionHandlers.php(47): Laravel\\Lumen\\Application->handleError(2, 'include(/app): ...', '/app/vendor/com...', 571)
#1 /app/vendor/composer/ClassLoader.php(571): Laravel\\Lumen\\Application->Laravel\\Lumen\\Concerns\\{closure}(2, 'include(/app): ...', '/app/vendor/com...', 571)
#2 /app/vendor/composer/ClassLoader.php(571): include()
#3 /app/vendor/composer/ClassLoader.php(428): Composer\\Autoload\\includeFile('/app/vendor/com...')
#4 [internal function]: Composer\\Autoload\\ClassLoader->loadClass('App\\\\DebugModels...')
#5 /app/vendor/egal/framework/src/Model/Metadata/ModelMetadata.php(71): ReflectionClass->__construct('App\\\\DebugModels...')
#6 /app/vendor/egal/framework/src/Model/ModelManager.php(69): Egal\\Model\\Metadata\\ModelMetadata->__construct('App\\\\DebugModels...')
#7 /app/app/Providers/DebugModelsServiceProvider.php(66): Egal\\Model\\ModelManager::loadModel('App\\\\DebugModels...')
#8 /app/vendor/laravel/lumen-framework/src/Application.php(233): App\\Providers\\DebugModelsServiceProvider->register()
#9 /app/bootstrap/app.php(70): Laravel\\Lumen\\Application->register(Object(App\\Providers\\DebugModelsServiceProvider))
#10 /app/artisan(18): require('/app/bootstrap/...')
#11 {main}
"} 
[2022-04-29 05:06:57] production.ERROR: Class "App\Providers\DebugModelsServiceProvider" not found {"exception":"[object] (Error(code: 0): Class \"App\\Providers\\DebugModelsServiceProvider\" not found at /app/vendor/laravel/lumen-framework/src/Application.php:223)
[stacktrace]
#0 /app/bootstrap/app.php(70): Laravel\\Lumen\\Application->register('App\\\\Providers\\\\D...')
#1 /app/artisan(18): require('/app/bootstrap/...')
#2 {main}
"} 
[2022-04-29 05:06:58] production.ERROR: Class "App\Providers\DebugModelsServiceProvider" not found {"exception":"[object] (Error(code: 0): Class \"App\\Providers\\DebugModelsServiceProvider\" not found at /app/vendor/laravel/lumen-framework/src/Application.php:223)
[stacktrace]
#0 /app/bootstrap/app.php(70): Laravel\\Lumen\\Application->register('App\\\\Providers\\\\D...')
#1 /app/artisan(18): require('/app/bootstrap/...')
#2 {main}
"} 
[2022-04-29 05:07:00] production.ERROR: Class "App\Providers\DebugModelsServiceProvider" not found {"exception":"[object] (Error(code: 0): Class \"App\\Providers\\DebugModelsServiceProvider\" not found at /app/vendor/laravel/lumen-framework/src/Application.php:223)
[stacktrace]
#0 /app/bootstrap/app.php(70): Laravel\\Lumen\\Application->register('App\\\\Providers\\\\D...')
#1 /app/artisan(18): require('/app/bootstrap/...')
#2 {main}
"} 
[2022-04-29 05:07:24] production.ERROR: Cannot assign null to property App\Providers\DebugModelsServiceProvider::$dir of type string {"exception":"[object] (TypeError(code: 0): Cannot assign null to property App\\Providers\\DebugModelsServiceProvider::$dir of type string at /app/app/Providers/DebugModelsServiceProvider.php:25)
[stacktrace]
#0 /app/app/Providers/DebugModelsServiceProvider.php(18): App\\Providers\\DebugModelsServiceProvider->setDir()
#1 /app/vendor/laravel/lumen-framework/src/Application.php(223): App\\Providers\\DebugModelsServiceProvider->__construct(Object(Egal\\Core\\Application))
#2 /app/bootstrap/app.php(70): Laravel\\Lumen\\Application->register('App\\\\Providers\\\\D...')
#3 /app/artisan(18): require('/app/bootstrap/...')
#4 {main}
"} 
[2022-04-29 05:07:26] production.ERROR: Cannot assign null to property App\Providers\DebugModelsServiceProvider::$dir of type string {"exception":"[object] (TypeError(code: 0): Cannot assign null to property App\\Providers\\DebugModelsServiceProvider::$dir of type string at /app/app/Providers/DebugModelsServiceProvider.php:25)
[stacktrace]
#0 /app/app/Providers/DebugModelsServiceProvider.php(18): App\\Providers\\DebugModelsServiceProvider->setDir()
#1 /app/vendor/laravel/lumen-framework/src/Application.php(223): App\\Providers\\DebugModelsServiceProvider->__construct(Object(Egal\\Core\\Application))
#2 /app/bootstrap/app.php(70): Laravel\\Lumen\\Application->register('App\\\\Providers\\\\D...')
#3 /app/artisan(18): require('/app/bootstrap/...')
#4 {main}
"} 
[2022-04-29 05:07:28] production.ERROR: Cannot assign null to property App\Providers\DebugModelsServiceProvider::$dir of type string {"exception":"[object] (TypeError(code: 0): Cannot assign null to property App\\Providers\\DebugModelsServiceProvider::$dir of type string at /app/app/Providers/DebugModelsServiceProvider.php:25)
[stacktrace]
#0 /app/app/Providers/DebugModelsServiceProvider.php(18): App\\Providers\\DebugModelsServiceProvider->setDir()
#1 /app/vendor/laravel/lumen-framework/src/Application.php(223): App\\Providers\\DebugModelsServiceProvider->__construct(Object(Egal\\Core\\Application))
#2 /app/bootstrap/app.php(70): Laravel\\Lumen\\Application->register('App\\\\Providers\\\\D...')
#3 /app/artisan(18): require('/app/bootstrap/...')
#4 {main}
"} 
[2022-04-29 05:12:42] production.ERROR: include(/app): Failed to open stream: No error information {"exception":"[object] (ErrorException(code: 0): include(/app): Failed to open stream: No error information at /app/vendor/composer/ClassLoader.php:571)
[stacktrace]
#0 /app/vendor/laravel/lumen-framework/src/Concerns/RegistersExceptionHandlers.php(47): Laravel\\Lumen\\Application->handleError(2, 'include(/app): ...', '/app/vendor/com...', 571)
#1 /app/vendor/composer/ClassLoader.php(571): Laravel\\Lumen\\Application->Laravel\\Lumen\\Concerns\\{closure}(2, 'include(/app): ...', '/app/vendor/com...', 571)
#2 /app/vendor/composer/ClassLoader.php(571): include()
#3 /app/vendor/composer/ClassLoader.php(428): Composer\\Autoload\\includeFile('/app/vendor/com...')
#4 [internal function]: Composer\\Autoload\\ClassLoader->loadClass('App\\\\DebugModels...')
#5 /app/vendor/egal/framework/src/Model/Metadata/ModelMetadata.php(71): ReflectionClass->__construct('App\\\\DebugModels...')
#6 /app/vendor/egal/framework/src/Model/ModelManager.php(69): Egal\\Model\\Metadata\\ModelMetadata->__construct('App\\\\DebugModels...')
#7 /app/app/Providers/DebugModelsServiceProvider.php(75): Egal\\Model\\ModelManager::loadModel('App\\\\DebugModels...')
#8 /app/vendor/laravel/lumen-framework/src/Application.php(233): App\\Providers\\DebugModelsServiceProvider->register()
#9 /app/bootstrap/app.php(70): Laravel\\Lumen\\Application->register(Object(App\\Providers\\DebugModelsServiceProvider))
#10 /app/artisan(18): require('/app/bootstrap/...')
#11 {main}
"} 
[2022-04-29 05:12:44] production.ERROR: include(/app): Failed to open stream: No error information {"exception":"[object] (ErrorException(code: 0): include(/app): Failed to open stream: No error information at /app/vendor/composer/ClassLoader.php:571)
[stacktrace]
#0 /app/vendor/laravel/lumen-framework/src/Concerns/RegistersExceptionHandlers.php(47): Laravel\\Lumen\\Application->handleError(2, 'include(/app): ...', '/app/vendor/com...', 571)
#1 /app/vendor/composer/ClassLoader.php(571): Laravel\\Lumen\\Application->Laravel\\Lumen\\Concerns\\{closure}(2, 'include(/app): ...', '/app/vendor/com...', 571)
#2 /app/vendor/composer/ClassLoader.php(571): include()
#3 /app/vendor/composer/ClassLoader.php(428): Composer\\Autoload\\includeFile('/app/vendor/com...')
#4 [internal function]: Composer\\Autoload\\ClassLoader->loadClass('App\\\\DebugModels...')
#5 /app/vendor/egal/framework/src/Model/Metadata/ModelMetadata.php(71): ReflectionClass->__construct('App\\\\DebugModels...')
#6 /app/vendor/egal/framework/src/Model/ModelManager.php(69): Egal\\Model\\Metadata\\ModelMetadata->__construct('App\\\\DebugModels...')
#7 /app/app/Providers/DebugModelsServiceProvider.php(75): Egal\\Model\\ModelManager::loadModel('App\\\\DebugModels...')
#8 /app/vendor/laravel/lumen-framework/src/Application.php(233): App\\Providers\\DebugModelsServiceProvider->register()
#9 /app/bootstrap/app.php(70): Laravel\\Lumen\\Application->register(Object(App\\Providers\\DebugModelsServiceProvider))
#10 /app/artisan(18): require('/app/bootstrap/...')
#11 {main}
"} 
[2022-04-29 05:12:46] production.ERROR: include(/app): Failed to open stream: No error information {"exception":"[object] (ErrorException(code: 0): include(/app): Failed to open stream: No error information at /app/vendor/composer/ClassLoader.php:571)
[stacktrace]
#0 /app/vendor/laravel/lumen-framework/src/Concerns/RegistersExceptionHandlers.php(47): Laravel\\Lumen\\Application->handleError(2, 'include(/app): ...', '/app/vendor/com...', 571)
#1 /app/vendor/composer/ClassLoader.php(571): Laravel\\Lumen\\Application->Laravel\\Lumen\\Concerns\\{closure}(2, 'include(/app): ...', '/app/vendor/com...', 571)
#2 /app/vendor/composer/ClassLoader.php(571): include()
#3 /app/vendor/composer/ClassLoader.php(428): Composer\\Autoload\\includeFile('/app/vendor/com...')
#4 [internal function]: Composer\\Autoload\\ClassLoader->loadClass('App\\\\DebugModels...')
#5 /app/vendor/egal/framework/src/Model/Metadata/ModelMetadata.php(71): ReflectionClass->__construct('App\\\\DebugModels...')
#6 /app/vendor/egal/framework/src/Model/ModelManager.php(69): Egal\\Model\\Metadata\\ModelMetadata->__construct('App\\\\DebugModels...')
#7 /app/app/Providers/DebugModelsServiceProvider.php(75): Egal\\Model\\ModelManager::loadModel('App\\\\DebugModels...')
#8 /app/vendor/laravel/lumen-framework/src/Application.php(233): App\\Providers\\DebugModelsServiceProvider->register()
#9 /app/bootstrap/app.php(70): Laravel\\Lumen\\Application->register(Object(App\\Providers\\DebugModelsServiceProvider))
#10 /app/artisan(18): require('/app/bootstrap/...')
#11 {main}
"} 
[2022-04-29 05:15:59] production.ERROR: include(/app): Failed to open stream: No error information {"exception":"[object] (ErrorException(code: 0): include(/app): Failed to open stream: No error information at /app/vendor/composer/ClassLoader.php:571)
[stacktrace]
#0 /app/vendor/laravel/lumen-framework/src/Concerns/RegistersExceptionHandlers.php(47): Laravel\\Lumen\\Application->handleError(2, 'include(/app): ...', '/app/vendor/com...', 571)
#1 /app/vendor/composer/ClassLoader.php(571): Laravel\\Lumen\\Application->Laravel\\Lumen\\Concerns\\{closure}(2, 'include(/app): ...', '/app/vendor/com...', 571)
#2 /app/vendor/composer/ClassLoader.php(571): include()
#3 /app/vendor/composer/ClassLoader.php(428): Composer\\Autoload\\includeFile('/app/vendor/com...')
#4 [internal function]: Composer\\Autoload\\ClassLoader->loadClass('App\\\\DebugModels...')
#5 /app/vendor/egal/framework/src/Model/Metadata/ModelMetadata.php(71): ReflectionClass->__construct('App\\\\DebugModels...')
#6 /app/vendor/egal/framework/src/Model/ModelManager.php(69): Egal\\Model\\Metadata\\ModelMetadata->__construct('App\\\\DebugModels...')
#7 /app/app/Providers/DebugModelsServiceProvider.php(75): Egal\\Model\\ModelManager::loadModel('App\\\\DebugModels...')
#8 /app/vendor/laravel/lumen-framework/src/Application.php(233): App\\Providers\\DebugModelsServiceProvider->register()
#9 /app/bootstrap/app.php(70): Laravel\\Lumen\\Application->register(Object(App\\Providers\\DebugModelsServiceProvider))
#10 /app/artisan(18): require('/app/bootstrap/...')
#11 {main}
"} 
[2022-04-29 05:16:01] production.ERROR: include(/app): Failed to open stream: No error information {"exception":"[object] (ErrorException(code: 0): include(/app): Failed to open stream: No error information at /app/vendor/composer/ClassLoader.php:571)
[stacktrace]
#0 /app/vendor/laravel/lumen-framework/src/Concerns/RegistersExceptionHandlers.php(47): Laravel\\Lumen\\Application->handleError(2, 'include(/app): ...', '/app/vendor/com...', 571)
#1 /app/vendor/composer/ClassLoader.php(571): Laravel\\Lumen\\Application->Laravel\\Lumen\\Concerns\\{closure}(2, 'include(/app): ...', '/app/vendor/com...', 571)
#2 /app/vendor/composer/ClassLoader.php(571): include()
#3 /app/vendor/composer/ClassLoader.php(428): Composer\\Autoload\\includeFile('/app/vendor/com...')
#4 [internal function]: Composer\\Autoload\\ClassLoader->loadClass('App\\\\DebugModels...')
#5 /app/vendor/egal/framework/src/Model/Metadata/ModelMetadata.php(71): ReflectionClass->__construct('App\\\\DebugModels...')
#6 /app/vendor/egal/framework/src/Model/ModelManager.php(69): Egal\\Model\\Metadata\\ModelMetadata->__construct('App\\\\DebugModels...')
#7 /app/app/Providers/DebugModelsServiceProvider.php(75): Egal\\Model\\ModelManager::loadModel('App\\\\DebugModels...')
#8 /app/vendor/laravel/lumen-framework/src/Application.php(233): App\\Providers\\DebugModelsServiceProvider->register()
#9 /app/bootstrap/app.php(70): Laravel\\Lumen\\Application->register(Object(App\\Providers\\DebugModelsServiceProvider))
#10 /app/artisan(18): require('/app/bootstrap/...')
#11 {main}
"} 
[2022-04-29 05:16:03] production.ERROR: include(/app): Failed to open stream: No error information {"exception":"[object] (ErrorException(code: 0): include(/app): Failed to open stream: No error information at /app/vendor/composer/ClassLoader.php:571)
[stacktrace]
#0 /app/vendor/laravel/lumen-framework/src/Concerns/RegistersExceptionHandlers.php(47): Laravel\\Lumen\\Application->handleError(2, 'include(/app): ...', '/app/vendor/com...', 571)
#1 /app/vendor/composer/ClassLoader.php(571): Laravel\\Lumen\\Application->Laravel\\Lumen\\Concerns\\{closure}(2, 'include(/app): ...', '/app/vendor/com...', 571)
#2 /app/vendor/composer/ClassLoader.php(571): include()
#3 /app/vendor/composer/ClassLoader.php(428): Composer\\Autoload\\includeFile('/app/vendor/com...')
#4 [internal function]: Composer\\Autoload\\ClassLoader->loadClass('App\\\\DebugModels...')
#5 /app/vendor/egal/framework/src/Model/Metadata/ModelMetadata.php(71): ReflectionClass->__construct('App\\\\DebugModels...')
#6 /app/vendor/egal/framework/src/Model/ModelManager.php(69): Egal\\Model\\Metadata\\ModelMetadata->__construct('App\\\\DebugModels...')
#7 /app/app/Providers/DebugModelsServiceProvider.php(75): Egal\\Model\\ModelManager::loadModel('App\\\\DebugModels...')
#8 /app/vendor/laravel/lumen-framework/src/Application.php(233): App\\Providers\\DebugModelsServiceProvider->register()
#9 /app/bootstrap/app.php(70): Laravel\\Lumen\\Application->register(Object(App\\Providers\\DebugModelsServiceProvider))
#10 /app/artisan(18): require('/app/bootstrap/...')
#11 {main}
"} 
[2022-04-29 05:18:03] production.ERROR: include(/app): Failed to open stream: No error information {"exception":"[object] (ErrorException(code: 0): include(/app): Failed to open stream: No error information at /app/vendor/composer/ClassLoader.php:571)
[stacktrace]
#0 /app/vendor/laravel/lumen-framework/src/Concerns/RegistersExceptionHandlers.php(47): Laravel\\Lumen\\Application->handleError(2, 'include(/app): ...', '/app/vendor/com...', 571)
#1 /app/vendor/composer/ClassLoader.php(571): Laravel\\Lumen\\Application->Laravel\\Lumen\\Concerns\\{closure}(2, 'include(/app): ...', '/app/vendor/com...', 571)
#2 /app/vendor/composer/ClassLoader.php(571): include()
#3 /app/vendor/composer/ClassLoader.php(428): Composer\\Autoload\\includeFile('/app/vendor/com...')
#4 [internal function]: Composer\\Autoload\\ClassLoader->loadClass('App\\\\DebugModels...')
#5 /app/vendor/egal/framework/src/Model/Metadata/ModelMetadata.php(71): ReflectionClass->__construct('App\\\\DebugModels...')
#6 /app/vendor/egal/framework/src/Model/ModelManager.php(69): Egal\\Model\\Metadata\\ModelMetadata->__construct('App\\\\DebugModels...')
#7 /app/app/Providers/DebugModelsServiceProvider.php(75): Egal\\Model\\ModelManager::loadModel('App\\\\DebugModels...')
#8 /app/vendor/laravel/lumen-framework/src/Application.php(233): App\\Providers\\DebugModelsServiceProvider->register()
#9 /app/bootstrap/app.php(70): Laravel\\Lumen\\Application->register(Object(App\\Providers\\DebugModelsServiceProvider))
#10 /app/artisan(18): require('/app/bootstrap/...')
#11 {main}
"} 
[2022-04-29 05:18:05] production.ERROR: include(/app): Failed to open stream: No error information {"exception":"[object] (ErrorException(code: 0): include(/app): Failed to open stream: No error information at /app/vendor/composer/ClassLoader.php:571)
[stacktrace]
#0 /app/vendor/laravel/lumen-framework/src/Concerns/RegistersExceptionHandlers.php(47): Laravel\\Lumen\\Application->handleError(2, 'include(/app): ...', '/app/vendor/com...', 571)
#1 /app/vendor/composer/ClassLoader.php(571): Laravel\\Lumen\\Application->Laravel\\Lumen\\Concerns\\{closure}(2, 'include(/app): ...', '/app/vendor/com...', 571)
#2 /app/vendor/composer/ClassLoader.php(571): include()
#3 /app/vendor/composer/ClassLoader.php(428): Composer\\Autoload\\includeFile('/app/vendor/com...')
#4 [internal function]: Composer\\Autoload\\ClassLoader->loadClass('App\\\\DebugModels...')
#5 /app/vendor/egal/framework/src/Model/Metadata/ModelMetadata.php(71): ReflectionClass->__construct('App\\\\DebugModels...')
#6 /app/vendor/egal/framework/src/Model/ModelManager.php(69): Egal\\Model\\Metadata\\ModelMetadata->__construct('App\\\\DebugModels...')
#7 /app/app/Providers/DebugModelsServiceProvider.php(75): Egal\\Model\\ModelManager::loadModel('App\\\\DebugModels...')
#8 /app/vendor/laravel/lumen-framework/src/Application.php(233): App\\Providers\\DebugModelsServiceProvider->register()
#9 /app/bootstrap/app.php(70): Laravel\\Lumen\\Application->register(Object(App\\Providers\\DebugModelsServiceProvider))
#10 /app/artisan(18): require('/app/bootstrap/...')
#11 {main}
"} 
[2022-04-29 05:18:07] production.ERROR: include(/app): Failed to open stream: No error information {"exception":"[object] (ErrorException(code: 0): include(/app): Failed to open stream: No error information at /app/vendor/composer/ClassLoader.php:571)
[stacktrace]
#0 /app/vendor/laravel/lumen-framework/src/Concerns/RegistersExceptionHandlers.php(47): Laravel\\Lumen\\Application->handleError(2, 'include(/app): ...', '/app/vendor/com...', 571)
#1 /app/vendor/composer/ClassLoader.php(571): Laravel\\Lumen\\Application->Laravel\\Lumen\\Concerns\\{closure}(2, 'include(/app): ...', '/app/vendor/com...', 571)
#2 /app/vendor/composer/ClassLoader.php(571): include()
#3 /app/vendor/composer/ClassLoader.php(428): Composer\\Autoload\\includeFile('/app/vendor/com...')
#4 [internal function]: Composer\\Autoload\\ClassLoader->loadClass('App\\\\DebugModels...')
#5 /app/vendor/egal/framework/src/Model/Metadata/ModelMetadata.php(71): ReflectionClass->__construct('App\\\\DebugModels...')
#6 /app/vendor/egal/framework/src/Model/ModelManager.php(69): Egal\\Model\\Metadata\\ModelMetadata->__construct('App\\\\DebugModels...')
#7 /app/app/Providers/DebugModelsServiceProvider.php(75): Egal\\Model\\ModelManager::loadModel('App\\\\DebugModels...')
#8 /app/vendor/laravel/lumen-framework/src/Application.php(233): App\\Providers\\DebugModelsServiceProvider->register()
#9 /app/bootstrap/app.php(70): Laravel\\Lumen\\Application->register(Object(App\\Providers\\DebugModelsServiceProvider))
#10 /app/artisan(18): require('/app/bootstrap/...')
#11 {main}
"} 
[2022-04-29 05:18:18] production.ERROR: include(/app): Failed to open stream: No error information {"exception":"[object] (ErrorException(code: 0): include(/app): Failed to open stream: No error information at /app/vendor/composer/ClassLoader.php:571)
[stacktrace]
#0 /app/vendor/laravel/lumen-framework/src/Concerns/RegistersExceptionHandlers.php(47): Laravel\\Lumen\\Application->handleError(2, 'include(/app): ...', '/app/vendor/com...', 571)
#1 /app/vendor/composer/ClassLoader.php(571): Laravel\\Lumen\\Application->Laravel\\Lumen\\Concerns\\{closure}(2, 'include(/app): ...', '/app/vendor/com...', 571)
#2 /app/vendor/composer/ClassLoader.php(571): include()
#3 /app/vendor/composer/ClassLoader.php(428): Composer\\Autoload\\includeFile('/app/vendor/com...')
#4 [internal function]: Composer\\Autoload\\ClassLoader->loadClass('App\\\\DebugModels...')
#5 /app/vendor/egal/framework/src/Model/Metadata/ModelMetadata.php(71): ReflectionClass->__construct('App\\\\DebugModels...')
#6 /app/vendor/egal/framework/src/Model/ModelManager.php(69): Egal\\Model\\Metadata\\ModelMetadata->__construct('App\\\\DebugModels...')
#7 /app/app/Providers/DebugModelsServiceProvider.php(75): Egal\\Model\\ModelManager::loadModel('App\\\\DebugModels...')
#8 /app/vendor/laravel/lumen-framework/src/Application.php(233): App\\Providers\\DebugModelsServiceProvider->register()
#9 /app/bootstrap/app.php(70): Laravel\\Lumen\\Application->register(Object(App\\Providers\\DebugModelsServiceProvider))
#10 /app/artisan(18): require('/app/bootstrap/...')
#11 {main}
"} 
[2022-04-29 05:18:19] production.ERROR: include(/app): Failed to open stream: No error information {"exception":"[object] (ErrorException(code: 0): include(/app): Failed to open stream: No error information at /app/vendor/composer/ClassLoader.php:571)
[stacktrace]
#0 /app/vendor/laravel/lumen-framework/src/Concerns/RegistersExceptionHandlers.php(47): Laravel\\Lumen\\Application->handleError(2, 'include(/app): ...', '/app/vendor/com...', 571)
#1 /app/vendor/composer/ClassLoader.php(571): Laravel\\Lumen\\Application->Laravel\\Lumen\\Concerns\\{closure}(2, 'include(/app): ...', '/app/vendor/com...', 571)
#2 /app/vendor/composer/ClassLoader.php(571): include()
#3 /app/vendor/composer/ClassLoader.php(428): Composer\\Autoload\\includeFile('/app/vendor/com...')
#4 [internal function]: Composer\\Autoload\\ClassLoader->loadClass('App\\\\DebugModels...')
#5 /app/vendor/egal/framework/src/Model/Metadata/ModelMetadata.php(71): ReflectionClass->__construct('App\\\\DebugModels...')
#6 /app/vendor/egal/framework/src/Model/ModelManager.php(69): Egal\\Model\\Metadata\\ModelMetadata->__construct('App\\\\DebugModels...')
#7 /app/app/Providers/DebugModelsServiceProvider.php(75): Egal\\Model\\ModelManager::loadModel('App\\\\DebugModels...')
#8 /app/vendor/laravel/lumen-framework/src/Application.php(233): App\\Providers\\DebugModelsServiceProvider->register()
#9 /app/bootstrap/app.php(70): Laravel\\Lumen\\Application->register(Object(App\\Providers\\DebugModelsServiceProvider))
#10 /app/artisan(18): require('/app/bootstrap/...')
#11 {main}
"} 
[2022-04-29 05:18:21] production.ERROR: include(/app): Failed to open stream: No error information {"exception":"[object] (ErrorException(code: 0): include(/app): Failed to open stream: No error information at /app/vendor/composer/ClassLoader.php:571)
[stacktrace]
#0 /app/vendor/laravel/lumen-framework/src/Concerns/RegistersExceptionHandlers.php(47): Laravel\\Lumen\\Application->handleError(2, 'include(/app): ...', '/app/vendor/com...', 571)
#1 /app/vendor/composer/ClassLoader.php(571): Laravel\\Lumen\\Application->Laravel\\Lumen\\Concerns\\{closure}(2, 'include(/app): ...', '/app/vendor/com...', 571)
#2 /app/vendor/composer/ClassLoader.php(571): include()
#3 /app/vendor/composer/ClassLoader.php(428): Composer\\Autoload\\includeFile('/app/vendor/com...')
#4 [internal function]: Composer\\Autoload\\ClassLoader->loadClass('App\\\\DebugModels...')
#5 /app/vendor/egal/framework/src/Model/Metadata/ModelMetadata.php(71): ReflectionClass->__construct('App\\\\DebugModels...')
#6 /app/vendor/egal/framework/src/Model/ModelManager.php(69): Egal\\Model\\Metadata\\ModelMetadata->__construct('App\\\\DebugModels...')
#7 /app/app/Providers/DebugModelsServiceProvider.php(75): Egal\\Model\\ModelManager::loadModel('App\\\\DebugModels...')
#8 /app/vendor/laravel/lumen-framework/src/Application.php(233): App\\Providers\\DebugModelsServiceProvider->register()
#9 /app/bootstrap/app.php(70): Laravel\\Lumen\\Application->register(Object(App\\Providers\\DebugModelsServiceProvider))
#10 /app/artisan(18): require('/app/bootstrap/...')
#11 {main}
"} 
[2022-04-29 05:19:43] production.ERROR: include(/app): Failed to open stream: No error information {"exception":"[object] (ErrorException(code: 0): include(/app): Failed to open stream: No error information at /app/vendor/composer/ClassLoader.php:571)
[stacktrace]
#0 /app/vendor/laravel/lumen-framework/src/Concerns/RegistersExceptionHandlers.php(47): Laravel\\Lumen\\Application->handleError(2, 'include(/app): ...', '/app/vendor/com...', 571)
#1 /app/vendor/composer/ClassLoader.php(571): Laravel\\Lumen\\Application->Laravel\\Lumen\\Concerns\\{closure}(2, 'include(/app): ...', '/app/vendor/com...', 571)
#2 /app/vendor/composer/ClassLoader.php(571): include()
#3 /app/vendor/composer/ClassLoader.php(428): Composer\\Autoload\\includeFile('/app/vendor/com...')
#4 [internal function]: Composer\\Autoload\\ClassLoader->loadClass('App\\\\DebugModels...')
#5 /app/vendor/egal/framework/src/Model/Metadata/ModelMetadata.php(71): ReflectionClass->__construct('App\\\\DebugModels...')
#6 /app/vendor/egal/framework/src/Model/ModelManager.php(69): Egal\\Model\\Metadata\\ModelMetadata->__construct('App\\\\DebugModels...')
#7 /app/app/Providers/DebugModelsServiceProvider.php(74): Egal\\Model\\ModelManager::loadModel('App\\\\DebugModels...')
#8 /app/vendor/laravel/lumen-framework/src/Application.php(233): App\\Providers\\DebugModelsServiceProvider->register()
#9 /app/bootstrap/app.php(70): Laravel\\Lumen\\Application->register(Object(App\\Providers\\DebugModelsServiceProvider))
#10 /app/artisan(18): require('/app/bootstrap/...')
#11 {main}
"} 
[2022-04-29 05:19:45] production.ERROR: include(/app): Failed to open stream: No error information {"exception":"[object] (ErrorException(code: 0): include(/app): Failed to open stream: No error information at /app/vendor/composer/ClassLoader.php:571)
[stacktrace]
#0 /app/vendor/laravel/lumen-framework/src/Concerns/RegistersExceptionHandlers.php(47): Laravel\\Lumen\\Application->handleError(2, 'include(/app): ...', '/app/vendor/com...', 571)
#1 /app/vendor/composer/ClassLoader.php(571): Laravel\\Lumen\\Application->Laravel\\Lumen\\Concerns\\{closure}(2, 'include(/app): ...', '/app/vendor/com...', 571)
#2 /app/vendor/composer/ClassLoader.php(571): include()
#3 /app/vendor/composer/ClassLoader.php(428): Composer\\Autoload\\includeFile('/app/vendor/com...')
#4 [internal function]: Composer\\Autoload\\ClassLoader->loadClass('App\\\\DebugModels...')
#5 /app/vendor/egal/framework/src/Model/Metadata/ModelMetadata.php(71): ReflectionClass->__construct('App\\\\DebugModels...')
#6 /app/vendor/egal/framework/src/Model/ModelManager.php(69): Egal\\Model\\Metadata\\ModelMetadata->__construct('App\\\\DebugModels...')
#7 /app/app/Providers/DebugModelsServiceProvider.php(74): Egal\\Model\\ModelManager::loadModel('App\\\\DebugModels...')
#8 /app/vendor/laravel/lumen-framework/src/Application.php(233): App\\Providers\\DebugModelsServiceProvider->register()
#9 /app/bootstrap/app.php(70): Laravel\\Lumen\\Application->register(Object(App\\Providers\\DebugModelsServiceProvider))
#10 /app/artisan(18): require('/app/bootstrap/...')
#11 {main}
"} 
[2022-04-29 05:19:47] production.ERROR: include(/app): Failed to open stream: No error information {"exception":"[object] (ErrorException(code: 0): include(/app): Failed to open stream: No error information at /app/vendor/composer/ClassLoader.php:571)
[stacktrace]
#0 /app/vendor/laravel/lumen-framework/src/Concerns/RegistersExceptionHandlers.php(47): Laravel\\Lumen\\Application->handleError(2, 'include(/app): ...', '/app/vendor/com...', 571)
#1 /app/vendor/composer/ClassLoader.php(571): Laravel\\Lumen\\Application->Laravel\\Lumen\\Concerns\\{closure}(2, 'include(/app): ...', '/app/vendor/com...', 571)
#2 /app/vendor/composer/ClassLoader.php(571): include()
#3 /app/vendor/composer/ClassLoader.php(428): Composer\\Autoload\\includeFile('/app/vendor/com...')
#4 [internal function]: Composer\\Autoload\\ClassLoader->loadClass('App\\\\DebugModels...')
#5 /app/vendor/egal/framework/src/Model/Metadata/ModelMetadata.php(71): ReflectionClass->__construct('App\\\\DebugModels...')
#6 /app/vendor/egal/framework/src/Model/ModelManager.php(69): Egal\\Model\\Metadata\\ModelMetadata->__construct('App\\\\DebugModels...')
#7 /app/app/Providers/DebugModelsServiceProvider.php(74): Egal\\Model\\ModelManager::loadModel('App\\\\DebugModels...')
#8 /app/vendor/laravel/lumen-framework/src/Application.php(233): App\\Providers\\DebugModelsServiceProvider->register()
#9 /app/bootstrap/app.php(70): Laravel\\Lumen\\Application->register(Object(App\\Providers\\DebugModelsServiceProvider))
#10 /app/artisan(18): require('/app/bootstrap/...')
#11 {main}
"} 
[2022-04-29 14:05:37] production.ERROR: scandir(DebugModels/): Failed to open directory: No such file or directory {"exception":"[object] (ErrorException(code: 0): scandir(DebugModels/): Failed to open directory: No such file or directory at /app/app/Providers/DebugModelsServiceProvider.php:42)
[stacktrace]
#0 /app/vendor/laravel/lumen-framework/src/Concerns/RegistersExceptionHandlers.php(47): Laravel\\Lumen\\Application->handleError(2, 'scandir(DebugMo...', '/app/app/Provid...', 42)
#1 [internal function]: Laravel\\Lumen\\Application->Laravel\\Lumen\\Concerns\\{closure}(2, 'scandir(DebugMo...', '/app/app/Provid...', 42)
#2 /app/app/Providers/DebugModelsServiceProvider.php(42): scandir('DebugModels/')
#3 /app/app/Providers/DebugModelsServiceProvider.php(19): App\\Providers\\DebugModelsServiceProvider->scanModels('DebugModels/')
#4 /app/vendor/laravel/lumen-framework/src/Application.php(223): App\\Providers\\DebugModelsServiceProvider->__construct(Object(Egal\\Core\\Application))
#5 /app/bootstrap/app.php(70): Laravel\\Lumen\\Application->register('App\\\\Providers\\\\D...')
#6 /app/artisan(18): require('/app/bootstrap/...')
#7 {main}
"} 
[2022-04-29 14:05:39] production.ERROR: scandir(DebugModels/): Failed to open directory: No such file or directory {"exception":"[object] (ErrorException(code: 0): scandir(DebugModels/): Failed to open directory: No such file or directory at /app/app/Providers/DebugModelsServiceProvider.php:42)
[stacktrace]
#0 /app/vendor/laravel/lumen-framework/src/Concerns/RegistersExceptionHandlers.php(47): Laravel\\Lumen\\Application->handleError(2, 'scandir(DebugMo...', '/app/app/Provid...', 42)
#1 [internal function]: Laravel\\Lumen\\Application->Laravel\\Lumen\\Concerns\\{closure}(2, 'scandir(DebugMo...', '/app/app/Provid...', 42)
#2 /app/app/Providers/DebugModelsServiceProvider.php(42): scandir('DebugModels/')
#3 /app/app/Providers/DebugModelsServiceProvider.php(19): App\\Providers\\DebugModelsServiceProvider->scanModels('DebugModels/')
#4 /app/vendor/laravel/lumen-framework/src/Application.php(223): App\\Providers\\DebugModelsServiceProvider->__construct(Object(Egal\\Core\\Application))
#5 /app/bootstrap/app.php(70): Laravel\\Lumen\\Application->register('App\\\\Providers\\\\D...')
#6 /app/artisan(18): require('/app/bootstrap/...')
#7 {main}
"} 
[2022-04-29 14:05:42] production.ERROR: scandir(DebugModels/): Failed to open directory: No such file or directory {"exception":"[object] (ErrorException(code: 0): scandir(DebugModels/): Failed to open directory: No such file or directory at /app/app/Providers/DebugModelsServiceProvider.php:42)
[stacktrace]
#0 /app/vendor/laravel/lumen-framework/src/Concerns/RegistersExceptionHandlers.php(47): Laravel\\Lumen\\Application->handleError(2, 'scandir(DebugMo...', '/app/app/Provid...', 42)
#1 [internal function]: Laravel\\Lumen\\Application->Laravel\\Lumen\\Concerns\\{closure}(2, 'scandir(DebugMo...', '/app/app/Provid...', 42)
#2 /app/app/Providers/DebugModelsServiceProvider.php(42): scandir('DebugModels/')
#3 /app/app/Providers/DebugModelsServiceProvider.php(19): App\\Providers\\DebugModelsServiceProvider->scanModels('DebugModels/')
#4 /app/vendor/laravel/lumen-framework/src/Application.php(223): App\\Providers\\DebugModelsServiceProvider->__construct(Object(Egal\\Core\\Application))
#5 /app/bootstrap/app.php(70): Laravel\\Lumen\\Application->register('App\\\\Providers\\\\D...')
#6 /app/artisan(18): require('/app/bootstrap/...')
#7 {main}
"} 
[2022-04-29 14:33:07] production.INFO: Event App\Events\CourseUsersCreatingEvent was fired with model: App\Models\CourseUsers(Changes: , Dirty: 1) 
Serialized model:  [{"user_id":"d762c890-11fc-42e0-af44-c72057fc53e7","course_id":2}] 
[2022-04-29 14:33:07] production.INFO: Listener: App\Listeners\CourseUsersValidateUniqueListener. Event: App\Events\CourseUsersCreatingEvent  
[2022-04-29 14:36:42] production.INFO: Event App\Events\CourseUsersCreatingEvent was fired with model: App\Models\CourseUsers(Changes: , Dirty: 1) 
Serialized model:  [{"user_id":"d762c890-11fc-42e0-af44-c72057fc53e7","course_id":2}] 
[2022-04-29 14:36:42] production.INFO: Listener: App\Listeners\CourseUsersValidateUniqueListener. Event: App\Events\CourseUsersCreatingEvent  
[2022-04-29 14:40:11] production.INFO: Event App\Events\CourseUsersCreatingEvent was fired with model: App\Models\CourseUsers(Changes: , Dirty: 1) 
Serialized model:  [{"user_id":"d762c890-11fc-42e0-af44-c72057fc53e7","course_id":2}] 
[2022-04-29 14:40:11] production.INFO: Listener: App\Listeners\CourseUsersValidateUniqueListener. Event: App\Events\CourseUsersCreatingEvent  
[2022-04-29 14:40:11] production.INFO: Listener: App\Listeners\CourseUsersCheckIdListener. Event: App\Events\CourseUsersCreatingEvent  
[2022-04-29 14:40:11] production.INFO: Listener: App\Listeners\CourseUsersCheckCapacityListener. Event: App\Events\CourseUsersCreatingEvent  
[2022-04-29 14:40:11] production.INFO: Event App\Events\CourseUsersCreatedEvent was fired with model: App\Models\CourseUsers(Changes: , Dirty: 1) 
Serialized model:  [{"user_id":"d762c890-11fc-42e0-af44-c72057fc53e7","course_id":2,"id":1}] 
[2022-04-29 14:40:11] production.INFO: Listener: App\Listeners\CourseUsersUpdateCapacityListener. Event: App\Events\CourseUsersCreatedEvent  
[2022-04-29 14:40:11] production.INFO: Listener: App\Listeners\CourseUsersRecordToLessonsListener. Event: App\Events\CourseUsersCreatedEvent  
[2022-04-29 14:43:04] production.INFO: Event App\Events\CourseUsersCreatingEvent was fired with model: App\Models\CourseUsers(Changes: , Dirty: 1) 
Serialized model:  [{"user_id":"d762c890-11fc-42e0-af44-c72057fc53e7","course_id":2}] 
[2022-04-29 14:43:04] production.INFO: Listener: App\Listeners\CourseUsersValidateUniqueListener. Event: App\Events\CourseUsersCreatingEvent  
[2022-04-29 14:43:34] production.INFO: Event App\Events\CourseUsersCreatingEvent was fired with model: App\Models\CourseUsers(Changes: , Dirty: 1) 
Serialized model:  [{"user_id":"6df49a7f-ffc4-40cb-a124-643d42fcdc27","course_id":2}] 
[2022-04-29 14:43:34] production.INFO: Listener: App\Listeners\CourseUsersValidateUniqueListener. Event: App\Events\CourseUsersCreatingEvent  
[2022-04-29 14:43:34] production.INFO: Listener: App\Listeners\CourseUsersCheckIdListener. Event: App\Events\CourseUsersCreatingEvent  
[2022-04-29 14:43:34] production.INFO: Listener: App\Listeners\CourseUsersCheckCapacityListener. Event: App\Events\CourseUsersCreatingEvent  
[2022-04-29 14:43:34] production.INFO: Event App\Events\CourseUsersCreatedEvent was fired with model: App\Models\CourseUsers(Changes: , Dirty: 1) 
Serialized model:  [{"user_id":"6df49a7f-ffc4-40cb-a124-643d42fcdc27","course_id":2,"id":2}] 
[2022-04-29 14:43:34] production.INFO: Listener: App\Listeners\CourseUsersUpdateCapacityListener. Event: App\Events\CourseUsersCreatedEvent  
[2022-04-29 14:43:34] production.INFO: Listener: App\Listeners\CourseUsersRecordToLessonsListener. Event: App\Events\CourseUsersCreatedEvent  
