[2022-05-10 05:12:44] production.INFO: Event [App\Events\CourseUsersCreatingEvent] was fired with model [App\Models\CourseUsers]. [Dirty: true]. Serialized model [{"user_id":"784a035d-b7b1-42d9-9cb2-0df43c2d7abd","course_id":1}]  
[2022-05-10 05:12:44] production.INFO: Listener [App\Listeners\CourseUsersValidateUniqueListener] event [App\Events\CourseUsersCreatingEvent]  
[2022-05-10 05:12:44] production.INFO: Listener [App\Listeners\CourseUsersCheckIdListener] event [App\Events\CourseUsersCreatingEvent]  
[2022-05-10 05:12:44] production.INFO: Listener [App\Listeners\CourseUsersCheckCapacityListener] event [App\Events\CourseUsersCreatingEvent]  
[2022-05-10 05:12:44] production.INFO: Event [App\Events\CourseUsersCreatedEvent] was fired with model [App\Models\CourseUsers]. [Dirty: true]. Serialized model [{"user_id":"784a035d-b7b1-42d9-9cb2-0df43c2d7abd","course_id":1,"id":6}]  
[2022-05-10 05:12:44] production.INFO: Listener [App\Listeners\CourseUsersUpdateCapacityListener] event [App\Events\CourseUsersCreatedEvent]  
[2022-05-10 05:12:44] production.INFO: Listener [App\Listeners\CourseUsersRecordToLessonsListener] event [App\Events\CourseUsersCreatedEvent]  
[2022-05-10 05:13:00] production.INFO: Event [App\Events\LessonUsersUpdatingEvent] was fired with model [App\Models\LessonUsers]. [Dirty: true]. Serialized model [{"id":1,"user_id":"784a035d-b7b1-42d9-9cb2-0df43c2d7abd","lesson_id":3,"is_passed":true}]  
[2022-05-10 05:13:00] production.INFO: Listener [App\Listeners\LessonUsersCheckIdListener] event [App\Events\LessonUsersUpdatingEvent]  
[2022-05-10 05:13:00] production.INFO: Listener [App\Listeners\LessonUsersCheckFinishCourseListener] event [App\Events\LessonUsersUpdatingEvent]  
[2022-05-10 05:13:00] production.INFO: Listener [App\Listeners\LessonUsersCheckIsPassedListener] event [App\Events\LessonUsersUpdatingEvent]  
[2022-05-10 05:13:00] production.INFO: Listener [App\Listeners\LessonUsersCheckFieldsListener] event [App\Events\LessonUsersUpdatingEvent]  
[2022-05-10 05:13:00] production.INFO: Event [App\Events\LessonUsersUpdatedEvent] was fired with model [App\Models\LessonUsers]. [Changes: true]. Serialized model [{"id":1,"user_id":"784a035d-b7b1-42d9-9cb2-0df43c2d7abd","lesson_id":3,"is_passed":true}]  
[2022-05-10 05:13:00] production.INFO: Listener [App\Listeners\LessonUsersUpdatePercentListener] event [App\Events\LessonUsersUpdatedEvent]  
[2022-05-10 06:12:06] production.INFO: Event [App\Events\CourseUsersCreatingEvent] was fired with model [App\Models\CourseUsers]. [Dirty: true]. Serialized model [{"user_id":"0e15bc1e-c533-453e-863a-8feb3445bbd1","course_id":12}]  
[2022-05-10 06:12:06] production.INFO: Listener [App\Listeners\CourseUsersValidateUniqueListener] event [App\Events\CourseUsersCreatingEvent]  
[2022-05-10 06:12:06] production.INFO: Listener [App\Listeners\CourseUsersCheckIdListener] event [App\Events\CourseUsersCreatingEvent]  
[2022-05-10 06:12:06] production.INFO: Listener [App\Listeners\CourseUsersCheckCapacityListener] event [App\Events\CourseUsersCreatingEvent]  
[2022-05-10 06:12:06] production.INFO: Event [App\Events\CourseUsersCreatedEvent] was fired with model [App\Models\CourseUsers]. [Dirty: true]. Serialized model [{"user_id":"0e15bc1e-c533-453e-863a-8feb3445bbd1","course_id":12,"id":7}]  
[2022-05-10 06:12:06] production.INFO: Listener [App\Listeners\CourseUsersUpdateCapacityListener] event [App\Events\CourseUsersCreatedEvent]  
[2022-05-10 06:12:06] production.INFO: Listener [App\Listeners\CourseUsersRecordToLessonsListener] event [App\Events\CourseUsersCreatedEvent]  
[2022-05-10 06:12:06] production.INFO: Event [App\Events\CourseUsersCreatingEvent] was fired with model [App\Models\CourseUsers]. [Dirty: true]. Serialized model [{"user_id":"0e15bc1e-c533-453e-863a-8feb3445bbd1","course_id":12}]  
[2022-05-10 06:12:06] production.INFO: Listener [App\Listeners\CourseUsersValidateUniqueListener] event [App\Events\CourseUsersCreatingEvent]  
[2022-05-10 07:20:26] production.INFO: Event [App\Events\CourseUsersCreatingEvent] was fired with model [App\Models\CourseUsers]. [Dirty: true]. Serialized model [{"user_id":"150cc429-e37e-46eb-b1de-f47030a62a06","course_id":14}]  
[2022-05-10 07:20:26] production.INFO: Listener [App\Listeners\CourseUsersValidateUniqueListener] event [App\Events\CourseUsersCreatingEvent]  
[2022-05-10 07:20:26] production.INFO: Listener [App\Listeners\CourseUsersCheckIdListener] event [App\Events\CourseUsersCreatingEvent]  
[2022-05-10 07:20:26] production.INFO: Listener [App\Listeners\CourseUsersCheckCapacityListener] event [App\Events\CourseUsersCreatingEvent]  
[2022-05-10 07:20:26] production.INFO: Event [App\Events\CourseUsersCreatedEvent] was fired with model [App\Models\CourseUsers]. [Dirty: true]. Serialized model [{"user_id":"150cc429-e37e-46eb-b1de-f47030a62a06","course_id":14,"id":8}]  
[2022-05-10 07:20:26] production.INFO: Listener [App\Listeners\CourseUsersUpdateCapacityListener] event [App\Events\CourseUsersCreatedEvent]  
[2022-05-10 07:20:26] production.INFO: Listener [App\Listeners\CourseUsersRecordToLessonsListener] event [App\Events\CourseUsersCreatedEvent]  
[2022-05-10 07:20:26] production.INFO: Event [App\Events\CourseUsersCreatingEvent] was fired with model [App\Models\CourseUsers]. [Dirty: true]. Serialized model [{"user_id":"150cc429-e37e-46eb-b1de-f47030a62a06","course_id":14}]  
[2022-05-10 07:20:26] production.INFO: Listener [App\Listeners\CourseUsersValidateUniqueListener] event [App\Events\CourseUsersCreatingEvent]  
