[2022-04-21 01:38:14] production.ERROR: stream_socket_client(): Unable to connect to tcp://project-rabbitmq:5672 (Connection refused) {"exception":"[object] (PhpAmqpLib\\Exception\\AMQPIOException(code: 0): stream_socket_client(): Unable to connect to tcp://project-rabbitmq:5672 (Connection refused) at /app/vendor/php-amqplib/php-amqplib/PhpAmqpLib/Wire/IO/StreamIO.php:108)
[stacktrace]
#0 /app/vendor/php-amqplib/php-amqplib/PhpAmqpLib/Connection/AbstractConnection.php(253): PhpAmqpLib\\Wire\\IO\\StreamIO->connect()
#1 /app/vendor/php-amqplib/php-amqplib/PhpAmqpLib/Connection/AMQPLazyConnection.php(12): PhpAmqpLib\\Connection\\AbstractConnection->connect()
#2 /app/vendor/egal/framework/src/Core/Bus/RabbitMQBus.php(62): PhpAmqpLib\\Connection\\AMQPLazyConnection->channel()
#3 /app/vendor/egal/framework/src/Core/Bus/BusCreator.php(23): Egal\\Core\\Bus\\RabbitMQBus->__construct(Array)
#4 /app/vendor/egal/framework/src/Core/ServiceProvider.php(56): Egal\\Core\\Bus\\BusCreator::createBus()
#5 /app/vendor/illuminate/container/Container.php(873): Egal\\Core\\ServiceProvider::Egal\\Core\\{closure}(Object(Egal\\Core\\Application), Array)
#6 /app/vendor/illuminate/container/Container.php(758): Illuminate\\Container\\Container->build(Object(Closure))
#7 /app/vendor/illuminate/container/Container.php(694): Illuminate\\Container\\Container->resolve('Egal\\\\Core\\\\Bus\\\\B...', Array)
#8 /app/vendor/laravel/lumen-framework/src/Application.php(300): Illuminate\\Container\\Container->make('Egal\\\\Core\\\\Bus\\\\B...', Array)
#9 /app/vendor/laravel/lumen-framework/src/helpers.php(42): Laravel\\Lumen\\Application->make('Egal\\\\Core\\\\Bus\\\\B...', Array)
#10 /app/vendor/egal/framework/src/Core/Bus/Bus.php(28): app('Egal\\\\Core\\\\Bus\\\\B...')
#11 /app/vendor/egal/framework/src/Core/Commands/EgalRunCommand.php(25): Egal\\Core\\Bus\\Bus::instance()
#12 /app/vendor/illuminate/container/BoundMethod.php(36): Egal\\Core\\Commands\\EgalRunCommand->handle()
#13 /app/vendor/illuminate/container/Util.php(40): Illuminate\\Container\\BoundMethod::Illuminate\\Container\\{closure}()
#14 /app/vendor/illuminate/container/BoundMethod.php(93): Illuminate\\Container\\Util::unwrapIfClosure(Object(Closure))
#15 /app/vendor/illuminate/container/BoundMethod.php(37): Illuminate\\Container\\BoundMethod::callBoundMethod(Object(Egal\\Core\\Application), Array, Object(Closure))
#16 /app/vendor/illuminate/container/Container.php(653): Illuminate\\Container\\BoundMethod::call(Object(Egal\\Core\\Application), Array, Array, NULL)
#17 /app/vendor/illuminate/console/Command.php(136): Illuminate\\Container\\Container->call(Array)
#18 /app/vendor/egal/framework/src/Core/Commands/EgalRunCommand.php(42): Illuminate\\Console\\Command->execute(Object(Symfony\\Component\\Console\\Input\\ArgvInput), Object(Illuminate\\Console\\OutputStyle))
#19 /app/vendor/symfony/console/Command/Command.php(298): Egal\\Core\\Commands\\EgalRunCommand->execute(Object(Symfony\\Component\\Console\\Input\\ArgvInput), Object(Illuminate\\Console\\OutputStyle))
#20 /app/vendor/illuminate/console/Command.php(121): Symfony\\Component\\Console\\Command\\Command->run(Object(Symfony\\Component\\Console\\Input\\ArgvInput), Object(Illuminate\\Console\\OutputStyle))
#21 /app/vendor/symfony/console/Application.php(1015): Illuminate\\Console\\Command->run(Object(Symfony\\Component\\Console\\Input\\ArgvInput), Object(Symfony\\Component\\Console\\Output\\ConsoleOutput))
#22 /app/vendor/symfony/console/Application.php(299): Symfony\\Component\\Console\\Application->doRunCommand(Object(Egal\\Core\\Commands\\EgalRunCommand), Object(Symfony\\Component\\Console\\Input\\ArgvInput), Object(Symfony\\Component\\Console\\Output\\ConsoleOutput))
#23 /app/vendor/symfony/console/Application.php(171): Symfony\\Component\\Console\\Application->doRun(Object(Symfony\\Component\\Console\\Input\\ArgvInput), Object(Symfony\\Component\\Console\\Output\\ConsoleOutput))
#24 /app/vendor/illuminate/console/Application.php(94): Symfony\\Component\\Console\\Application->run(Object(Symfony\\Component\\Console\\Input\\ArgvInput), Object(Symfony\\Component\\Console\\Output\\ConsoleOutput))
#25 /app/vendor/laravel/lumen-framework/src/Console/Kernel.php(116): Illuminate\\Console\\Application->run(Object(Symfony\\Component\\Console\\Input\\ArgvInput), Object(Symfony\\Component\\Console\\Output\\ConsoleOutput))
#26 /app/artisan(35): Laravel\\Lumen\\Console\\Kernel->handle(Object(Symfony\\Component\\Console\\Input\\ArgvInput), Object(Symfony\\Component\\Console\\Output\\ConsoleOutput))
#27 {main}
"} 
[2022-04-21 02:51:24] production.ERROR: Broken pipe {"exception":"[object] (PhpAmqpLib\\Exception\\AMQPConnectionClosedException(code: 32): Broken pipe at /app/vendor/php-amqplib/php-amqplib/PhpAmqpLib/Wire/IO/StreamIO.php:266)
[stacktrace]
#0 /app/vendor/php-amqplib/php-amqplib/PhpAmqpLib/Connection/AbstractConnection.php(408): PhpAmqpLib\\Wire\\IO\\StreamIO->write('\\x01\\x00\\x00\\x00\\x00\\x00\\x04\\x00\
\\x003\\xCE')
#1 /app/vendor/php-amqplib/php-amqplib/PhpAmqpLib/Connection/AbstractConnection.php(536): PhpAmqpLib\\Connection\\AbstractConnection->write('\\x01\\x00\\x00\\x00\\x00\\x00\\x04\\x00\
\\x003\\xCE')
#2 /app/vendor/php-amqplib/php-amqplib/PhpAmqpLib/Channel/AbstractChannel.php(248): PhpAmqpLib\\Connection\\AbstractConnection->send_channel_method_frame(0, Array, '')
#3 /app/vendor/php-amqplib/php-amqplib/PhpAmqpLib/Connection/AbstractConnection.php(788): PhpAmqpLib\\Channel\\AbstractChannel->send_method_frame(Array)
#4 /app/vendor/php-amqplib/php-amqplib/PhpAmqpLib/Connection/AbstractConnection.php(777): PhpAmqpLib\\Connection\\AbstractConnection->x_close_ok()
#5 [internal function]: PhpAmqpLib\\Connection\\AbstractConnection->connection_close(Object(PhpAmqpLib\\Wire\\AMQPReader))
#6 /app/vendor/php-amqplib/php-amqplib/PhpAmqpLib/Channel/AbstractChannel.php(217): call_user_func(Array, Object(PhpAmqpLib\\Wire\\AMQPReader))
#7 /app/vendor/php-amqplib/php-amqplib/PhpAmqpLib/Channel/AbstractChannel.php(374): PhpAmqpLib\\Channel\\AbstractChannel->dispatch('10,50', '\\x01@KCONNECTION_F...', NULL)
#8 /app/vendor/php-amqplib/php-amqplib/PhpAmqpLib/Connection/AbstractConnection.php(696): PhpAmqpLib\\Channel\\AbstractChannel->wait()
#9 /app/vendor/php-amqplib/php-amqplib/PhpAmqpLib/Channel/AbstractChannel.php(235): PhpAmqpLib\\Connection\\AbstractConnection->wait_channel(1, 0)
#10 /app/vendor/php-amqplib/php-amqplib/PhpAmqpLib/Channel/AbstractChannel.php(352): PhpAmqpLib\\Channel\\AbstractChannel->next_frame(0)
#11 /app/vendor/egal/framework/src/Core/Bus/RabbitMQBus.php(297): PhpAmqpLib\\Channel\\AbstractChannel->wait()
#12 /app/vendor/egal/framework/src/Core/Bus/RabbitMQBus.php(102): Egal\\Core\\Bus\\RabbitMQBus->__call('wait', Array)
#13 /app/vendor/egal/framework/src/Core/Commands/EgalRunCommand.php(26): Egal\\Core\\Bus\\RabbitMQBus->processMessages()
#14 /app/vendor/illuminate/container/BoundMethod.php(36): Egal\\Core\\Commands\\EgalRunCommand->handle()
#15 /app/vendor/illuminate/container/Util.php(40): Illuminate\\Container\\BoundMethod::Illuminate\\Container\\{closure}()
#16 /app/vendor/illuminate/container/BoundMethod.php(93): Illuminate\\Container\\Util::unwrapIfClosure(Object(Closure))
#17 /app/vendor/illuminate/container/BoundMethod.php(37): Illuminate\\Container\\BoundMethod::callBoundMethod(Object(Egal\\Core\\Application), Array, Object(Closure))
#18 /app/vendor/illuminate/container/Container.php(653): Illuminate\\Container\\BoundMethod::call(Object(Egal\\Core\\Application), Array, Array, NULL)
#19 /app/vendor/illuminate/console/Command.php(136): Illuminate\\Container\\Container->call(Array)
#20 /app/vendor/egal/framework/src/Core/Commands/EgalRunCommand.php(42): Illuminate\\Console\\Command->execute(Object(Symfony\\Component\\Console\\Input\\ArgvInput), Object(Illuminate\\Console\\OutputStyle))
#21 /app/vendor/symfony/console/Command/Command.php(298): Egal\\Core\\Commands\\EgalRunCommand->execute(Object(Symfony\\Component\\Console\\Input\\ArgvInput), Object(Illuminate\\Console\\OutputStyle))
#22 /app/vendor/illuminate/console/Command.php(121): Symfony\\Component\\Console\\Command\\Command->run(Object(Symfony\\Component\\Console\\Input\\ArgvInput), Object(Illuminate\\Console\\OutputStyle))
#23 /app/vendor/symfony/console/Application.php(1015): Illuminate\\Console\\Command->run(Object(Symfony\\Component\\Console\\Input\\ArgvInput), Object(Symfony\\Component\\Console\\Output\\ConsoleOutput))
#24 /app/vendor/symfony/console/Application.php(299): Symfony\\Component\\Console\\Application->doRunCommand(Object(Egal\\Core\\Commands\\EgalRunCommand), Object(Symfony\\Component\\Console\\Input\\ArgvInput), Object(Symfony\\Component\\Console\\Output\\ConsoleOutput))
#25 /app/vendor/symfony/console/Application.php(171): Symfony\\Component\\Console\\Application->doRun(Object(Symfony\\Component\\Console\\Input\\ArgvInput), Object(Symfony\\Component\\Console\\Output\\ConsoleOutput))
#26 /app/vendor/illuminate/console/Application.php(94): Symfony\\Component\\Console\\Application->run(Object(Symfony\\Component\\Console\\Input\\ArgvInput), Object(Symfony\\Component\\Console\\Output\\ConsoleOutput))
#27 /app/vendor/laravel/lumen-framework/src/Console/Kernel.php(116): Illuminate\\Console\\Application->run(Object(Symfony\\Component\\Console\\Input\\ArgvInput), Object(Symfony\\Component\\Console\\Output\\ConsoleOutput))
#28 /app/artisan(35): Laravel\\Lumen\\Console\\Kernel->handle(Object(Symfony\\Component\\Console\\Input\\ArgvInput), Object(Symfony\\Component\\Console\\Output\\ConsoleOutput))
#29 {main}

[previous exception] [object] (ErrorException(code: 0): fwrite(): Send of 12 bytes failed with errno=32 Broken pipe at /app/vendor/php-amqplib/php-amqplib/PhpAmqpLib/Wire/IO/StreamIO.php:251)
[stacktrace]
#0 /app/vendor/php-amqplib/php-amqplib/PhpAmqpLib/Wire/IO/StreamIO.php(252): PhpAmqpLib\\Wire\\IO\\AbstractIO->throwOnError()
#1 /app/vendor/php-amqplib/php-amqplib/PhpAmqpLib/Connection/AbstractConnection.php(408): PhpAmqpLib\\Wire\\IO\\StreamIO->write('\\x01\\x00\\x00\\x00\\x00\\x00\\x04\\x00\
\\x003\\xCE')
#2 /app/vendor/php-amqplib/php-amqplib/PhpAmqpLib/Connection/AbstractConnection.php(536): PhpAmqpLib\\Connection\\AbstractConnection->write('\\x01\\x00\\x00\\x00\\x00\\x00\\x04\\x00\
\\x003\\xCE')
#3 /app/vendor/php-amqplib/php-amqplib/PhpAmqpLib/Channel/AbstractChannel.php(248): PhpAmqpLib\\Connection\\AbstractConnection->send_channel_method_frame(0, Array, '')
#4 /app/vendor/php-amqplib/php-amqplib/PhpAmqpLib/Connection/AbstractConnection.php(788): PhpAmqpLib\\Channel\\AbstractChannel->send_method_frame(Array)
#5 /app/vendor/php-amqplib/php-amqplib/PhpAmqpLib/Connection/AbstractConnection.php(777): PhpAmqpLib\\Connection\\AbstractConnection->x_close_ok()
#6 [internal function]: PhpAmqpLib\\Connection\\AbstractConnection->connection_close(Object(PhpAmqpLib\\Wire\\AMQPReader))
#7 /app/vendor/php-amqplib/php-amqplib/PhpAmqpLib/Channel/AbstractChannel.php(217): call_user_func(Array, Object(PhpAmqpLib\\Wire\\AMQPReader))
#8 /app/vendor/php-amqplib/php-amqplib/PhpAmqpLib/Channel/AbstractChannel.php(374): PhpAmqpLib\\Channel\\AbstractChannel->dispatch('10,50', '\\x01@KCONNECTION_F...', NULL)
#9 /app/vendor/php-amqplib/php-amqplib/PhpAmqpLib/Connection/AbstractConnection.php(696): PhpAmqpLib\\Channel\\AbstractChannel->wait()
#10 /app/vendor/php-amqplib/php-amqplib/PhpAmqpLib/Channel/AbstractChannel.php(235): PhpAmqpLib\\Connection\\AbstractConnection->wait_channel(1, 0)
#11 /app/vendor/php-amqplib/php-amqplib/PhpAmqpLib/Channel/AbstractChannel.php(352): PhpAmqpLib\\Channel\\AbstractChannel->next_frame(0)
#12 /app/vendor/egal/framework/src/Core/Bus/RabbitMQBus.php(297): PhpAmqpLib\\Channel\\AbstractChannel->wait()
#13 /app/vendor/egal/framework/src/Core/Bus/RabbitMQBus.php(102): Egal\\Core\\Bus\\RabbitMQBus->__call('wait', Array)
#14 /app/vendor/egal/framework/src/Core/Commands/EgalRunCommand.php(26): Egal\\Core\\Bus\\RabbitMQBus->processMessages()
#15 /app/vendor/illuminate/container/BoundMethod.php(36): Egal\\Core\\Commands\\EgalRunCommand->handle()
#16 /app/vendor/illuminate/container/Util.php(40): Illuminate\\Container\\BoundMethod::Illuminate\\Container\\{closure}()
#17 /app/vendor/illuminate/container/BoundMethod.php(93): Illuminate\\Container\\Util::unwrapIfClosure(Object(Closure))
#18 /app/vendor/illuminate/container/BoundMethod.php(37): Illuminate\\Container\\BoundMethod::callBoundMethod(Object(Egal\\Core\\Application), Array, Object(Closure))
#19 /app/vendor/illuminate/container/Container.php(653): Illuminate\\Container\\BoundMethod::call(Object(Egal\\Core\\Application), Array, Array, NULL)
#20 /app/vendor/illuminate/console/Command.php(136): Illuminate\\Container\\Container->call(Array)
#21 /app/vendor/egal/framework/src/Core/Commands/EgalRunCommand.php(42): Illuminate\\Console\\Command->execute(Object(Symfony\\Component\\Console\\Input\\ArgvInput), Object(Illuminate\\Console\\OutputStyle))
#22 /app/vendor/symfony/console/Command/Command.php(298): Egal\\Core\\Commands\\EgalRunCommand->execute(Object(Symfony\\Component\\Console\\Input\\ArgvInput), Object(Illuminate\\Console\\OutputStyle))
#23 /app/vendor/illuminate/console/Command.php(121): Symfony\\Component\\Console\\Command\\Command->run(Object(Symfony\\Component\\Console\\Input\\ArgvInput), Object(Illuminate\\Console\\OutputStyle))
#24 /app/vendor/symfony/console/Application.php(1015): Illuminate\\Console\\Command->run(Object(Symfony\\Component\\Console\\Input\\ArgvInput), Object(Symfony\\Component\\Console\\Output\\ConsoleOutput))
#25 /app/vendor/symfony/console/Application.php(299): Symfony\\Component\\Console\\Application->doRunCommand(Object(Egal\\Core\\Commands\\EgalRunCommand), Object(Symfony\\Component\\Console\\Input\\ArgvInput), Object(Symfony\\Component\\Console\\Output\\ConsoleOutput))
#26 /app/vendor/symfony/console/Application.php(171): Symfony\\Component\\Console\\Application->doRun(Object(Symfony\\Component\\Console\\Input\\ArgvInput), Object(Symfony\\Component\\Console\\Output\\ConsoleOutput))
#27 /app/vendor/illuminate/console/Application.php(94): Symfony\\Component\\Console\\Application->run(Object(Symfony\\Component\\Console\\Input\\ArgvInput), Object(Symfony\\Component\\Console\\Output\\ConsoleOutput))
#28 /app/vendor/laravel/lumen-framework/src/Console/Kernel.php(116): Illuminate\\Console\\Application->run(Object(Symfony\\Component\\Console\\Input\\ArgvInput), Object(Symfony\\Component\\Console\\Output\\ConsoleOutput))
#29 /app/artisan(35): Laravel\\Lumen\\Console\\Kernel->handle(Object(Symfony\\Component\\Console\\Input\\ArgvInput), Object(Symfony\\Component\\Console\\Output\\ConsoleOutput))
#30 {main}
"} 
[2022-04-21 03:05:59] production.ERROR: Broken pipe or closed connection {"exception":"[object] (PhpAmqpLib\\Exception\\AMQPConnectionClosedException(code: 32): Broken pipe or closed connection at /app/vendor/php-amqplib/php-amqplib/PhpAmqpLib/Wire/IO/StreamIO.php:235)
[stacktrace]
#0 /app/vendor/php-amqplib/php-amqplib/PhpAmqpLib/Connection/AbstractConnection.php(408): PhpAmqpLib\\Wire\\IO\\StreamIO->write('\\x01\\x00\\x01\\x00\\x00\\x00\\v\\x00\\x14\\x00(\\x00\\x00\\x00\\x00...')
#1 /app/vendor/php-amqplib/php-amqplib/PhpAmqpLib/Connection/AbstractConnection.php(536): PhpAmqpLib\\Connection\\AbstractConnection->write('\\x01\\x00\\x01\\x00\\x00\\x00\\v\\x00\\x14\\x00(\\x00\\x00\\x00\\x00...')
#2 /app/vendor/php-amqplib/php-amqplib/PhpAmqpLib/Channel/AbstractChannel.php(248): PhpAmqpLib\\Connection\\AbstractConnection->send_channel_method_frame(1, Array, Object(PhpAmqpLib\\Wire\\AMQPWriter))
#3 /app/vendor/php-amqplib/php-amqplib/PhpAmqpLib/Channel/AMQPChannel.php(198): PhpAmqpLib\\Channel\\AbstractChannel->send_method_frame(Array, Object(PhpAmqpLib\\Wire\\AMQPWriter))
#4 /app/vendor/egal/framework/src/Core/Bus/RabbitMQBus.php(297): PhpAmqpLib\\Channel\\AMQPChannel->close()
#5 /app/vendor/egal/framework/src/Core/Bus/RabbitMQBus.php(108): Egal\\Core\\Bus\\RabbitMQBus->__call('close', Array)
#6 /app/vendor/egal/framework/src/Core/Commands/EgalRunCommand.php(32): Egal\\Core\\Bus\\RabbitMQBus->stopProcessingMessages()
#7 /app/vendor/php-amqplib/php-amqplib/PhpAmqpLib/Helper/SocketConstants.php(78): Egal\\Core\\Commands\\EgalRunCommand->stop(15, Array)
#8 /app/vendor/composer/ClassLoader.php(571): include('/app/vendor/php...')
#9 /app/vendor/composer/ClassLoader.php(428): Composer\\Autoload\\includeFile('/app/vendor/com...')
#10 /app/vendor/php-amqplib/php-amqplib/PhpAmqpLib/Wire/IO/StreamIO.php(304): Composer\\Autoload\\ClassLoader->loadClass('PhpAmqpLib\\\\Help...')
#11 [internal function]: PhpAmqpLib\\Wire\\IO\\StreamIO->error_handler(8, 'fwrite(): Send ...', '/app/vendor/php...', 251)
#12 /app/vendor/php-amqplib/php-amqplib/PhpAmqpLib/Wire/IO/StreamIO.php(251): fwrite(Resource id #441, '\\x01\\x00\\x00\\x00\\x00\\x00\\x04\\x00\
\\x003\\xCE')
#13 /app/vendor/php-amqplib/php-amqplib/PhpAmqpLib/Connection/AbstractConnection.php(408): PhpAmqpLib\\Wire\\IO\\StreamIO->write('\\x01\\x00\\x00\\x00\\x00\\x00\\x04\\x00\
\\x003\\xCE')
#14 /app/vendor/php-amqplib/php-amqplib/PhpAmqpLib/Connection/AbstractConnection.php(536): PhpAmqpLib\\Connection\\AbstractConnection->write('\\x01\\x00\\x00\\x00\\x00\\x00\\x04\\x00\
\\x003\\xCE')
#15 /app/vendor/php-amqplib/php-amqplib/PhpAmqpLib/Channel/AbstractChannel.php(248): PhpAmqpLib\\Connection\\AbstractConnection->send_channel_method_frame(0, Array, '')
#16 /app/vendor/php-amqplib/php-amqplib/PhpAmqpLib/Connection/AbstractConnection.php(788): PhpAmqpLib\\Channel\\AbstractChannel->send_method_frame(Array)
#17 /app/vendor/php-amqplib/php-amqplib/PhpAmqpLib/Connection/AbstractConnection.php(777): PhpAmqpLib\\Connection\\AbstractConnection->x_close_ok()
#18 [internal function]: PhpAmqpLib\\Connection\\AbstractConnection->connection_close(Object(PhpAmqpLib\\Wire\\AMQPReader))
#19 /app/vendor/php-amqplib/php-amqplib/PhpAmqpLib/Channel/AbstractChannel.php(217): call_user_func(Array, Object(PhpAmqpLib\\Wire\\AMQPReader))
#20 /app/vendor/php-amqplib/php-amqplib/PhpAmqpLib/Channel/AbstractChannel.php(374): PhpAmqpLib\\Channel\\AbstractChannel->dispatch('10,50', '\\x01@KCONNECTION_F...', NULL)
#21 /app/vendor/php-amqplib/php-amqplib/PhpAmqpLib/Connection/AbstractConnection.php(696): PhpAmqpLib\\Channel\\AbstractChannel->wait()
#22 /app/vendor/php-amqplib/php-amqplib/PhpAmqpLib/Channel/AbstractChannel.php(235): PhpAmqpLib\\Connection\\AbstractConnection->wait_channel(1, 0)
#23 /app/vendor/php-amqplib/php-amqplib/PhpAmqpLib/Channel/AbstractChannel.php(352): PhpAmqpLib\\Channel\\AbstractChannel->next_frame(0)
#24 /app/vendor/egal/framework/src/Core/Bus/RabbitMQBus.php(297): PhpAmqpLib\\Channel\\AbstractChannel->wait()
#25 /app/vendor/egal/framework/src/Core/Bus/RabbitMQBus.php(102): Egal\\Core\\Bus\\RabbitMQBus->__call('wait', Array)
#26 /app/vendor/egal/framework/src/Core/Commands/EgalRunCommand.php(26): Egal\\Core\\Bus\\RabbitMQBus->processMessages()
#27 /app/vendor/illuminate/container/BoundMethod.php(36): Egal\\Core\\Commands\\EgalRunCommand->handle()
#28 /app/vendor/illuminate/container/Util.php(40): Illuminate\\Container\\BoundMethod::Illuminate\\Container\\{closure}()
#29 /app/vendor/illuminate/container/BoundMethod.php(93): Illuminate\\Container\\Util::unwrapIfClosure(Object(Closure))
#30 /app/vendor/illuminate/container/BoundMethod.php(37): Illuminate\\Container\\BoundMethod::callBoundMethod(Object(Egal\\Core\\Application), Array, Object(Closure))
#31 /app/vendor/illuminate/container/Container.php(653): Illuminate\\Container\\BoundMethod::call(Object(Egal\\Core\\Application), Array, Array, NULL)
#32 /app/vendor/illuminate/console/Command.php(136): Illuminate\\Container\\Container->call(Array)
#33 /app/vendor/egal/framework/src/Core/Commands/EgalRunCommand.php(42): Illuminate\\Console\\Command->execute(Object(Symfony\\Component\\Console\\Input\\ArgvInput), Object(Illuminate\\Console\\OutputStyle))
#34 /app/vendor/symfony/console/Command/Command.php(298): Egal\\Core\\Commands\\EgalRunCommand->execute(Object(Symfony\\Component\\Console\\Input\\ArgvInput), Object(Illuminate\\Console\\OutputStyle))
#35 /app/vendor/illuminate/console/Command.php(121): Symfony\\Component\\Console\\Command\\Command->run(Object(Symfony\\Component\\Console\\Input\\ArgvInput), Object(Illuminate\\Console\\OutputStyle))
#36 /app/vendor/symfony/console/Application.php(1015): Illuminate\\Console\\Command->run(Object(Symfony\\Component\\Console\\Input\\ArgvInput), Object(Symfony\\Component\\Console\\Output\\ConsoleOutput))
#37 /app/vendor/symfony/console/Application.php(299): Symfony\\Component\\Console\\Application->doRunCommand(Object(Egal\\Core\\Commands\\EgalRunCommand), Object(Symfony\\Component\\Console\\Input\\ArgvInput), Object(Symfony\\Component\\Console\\Output\\ConsoleOutput))
#38 /app/vendor/symfony/console/Application.php(171): Symfony\\Component\\Console\\Application->doRun(Object(Symfony\\Component\\Console\\Input\\ArgvInput), Object(Symfony\\Component\\Console\\Output\\ConsoleOutput))
#39 /app/vendor/illuminate/console/Application.php(94): Symfony\\Component\\Console\\Application->run(Object(Symfony\\Component\\Console\\Input\\ArgvInput), Object(Symfony\\Component\\Console\\Output\\ConsoleOutput))
#40 /app/vendor/laravel/lumen-framework/src/Console/Kernel.php(116): Illuminate\\Console\\Application->run(Object(Symfony\\Component\\Console\\Input\\ArgvInput), Object(Symfony\\Component\\Console\\Output\\ConsoleOutput))
#41 /app/artisan(35): Laravel\\Lumen\\Console\\Kernel->handle(Object(Symfony\\Component\\Console\\Input\\ArgvInput), Object(Symfony\\Component\\Console\\Output\\ConsoleOutput))
#42 {main}
"} 
[2022-04-21 03:07:28] production.ERROR: stream_socket_client(): Unable to connect to tcp://project-rabbitmq:5672 (Connection refused) {"exception":"[object] (PhpAmqpLib\\Exception\\AMQPIOException(code: 0): stream_socket_client(): Unable to connect to tcp://project-rabbitmq:5672 (Connection refused) at /app/vendor/php-amqplib/php-amqplib/PhpAmqpLib/Wire/IO/StreamIO.php:108)
[stacktrace]
#0 /app/vendor/php-amqplib/php-amqplib/PhpAmqpLib/Connection/AbstractConnection.php(253): PhpAmqpLib\\Wire\\IO\\StreamIO->connect()
#1 /app/vendor/php-amqplib/php-amqplib/PhpAmqpLib/Connection/AMQPLazyConnection.php(12): PhpAmqpLib\\Connection\\AbstractConnection->connect()
#2 /app/vendor/egal/framework/src/Core/Bus/RabbitMQBus.php(62): PhpAmqpLib\\Connection\\AMQPLazyConnection->channel()
#3 /app/vendor/egal/framework/src/Core/Bus/BusCreator.php(23): Egal\\Core\\Bus\\RabbitMQBus->__construct(Array)
#4 /app/vendor/egal/framework/src/Core/ServiceProvider.php(56): Egal\\Core\\Bus\\BusCreator::createBus()
#5 /app/vendor/illuminate/container/Container.php(873): Egal\\Core\\ServiceProvider::Egal\\Core\\{closure}(Object(Egal\\Core\\Application), Array)
#6 /app/vendor/illuminate/container/Container.php(758): Illuminate\\Container\\Container->build(Object(Closure))
#7 /app/vendor/illuminate/container/Container.php(694): Illuminate\\Container\\Container->resolve('Egal\\\\Core\\\\Bus\\\\B...', Array)
#8 /app/vendor/laravel/lumen-framework/src/Application.php(300): Illuminate\\Container\\Container->make('Egal\\\\Core\\\\Bus\\\\B...', Array)
#9 /app/vendor/laravel/lumen-framework/src/helpers.php(42): Laravel\\Lumen\\Application->make('Egal\\\\Core\\\\Bus\\\\B...', Array)
#10 /app/vendor/egal/framework/src/Core/Bus/Bus.php(28): app('Egal\\\\Core\\\\Bus\\\\B...')
#11 /app/vendor/egal/framework/src/Core/Commands/EgalRunCommand.php(25): Egal\\Core\\Bus\\Bus::instance()
#12 /app/vendor/illuminate/container/BoundMethod.php(36): Egal\\Core\\Commands\\EgalRunCommand->handle()
#13 /app/vendor/illuminate/container/Util.php(40): Illuminate\\Container\\BoundMethod::Illuminate\\Container\\{closure}()
#14 /app/vendor/illuminate/container/BoundMethod.php(93): Illuminate\\Container\\Util::unwrapIfClosure(Object(Closure))
#15 /app/vendor/illuminate/container/BoundMethod.php(37): Illuminate\\Container\\BoundMethod::callBoundMethod(Object(Egal\\Core\\Application), Array, Object(Closure))
#16 /app/vendor/illuminate/container/Container.php(653): Illuminate\\Container\\BoundMethod::call(Object(Egal\\Core\\Application), Array, Array, NULL)
#17 /app/vendor/illuminate/console/Command.php(136): Illuminate\\Container\\Container->call(Array)
#18 /app/vendor/egal/framework/src/Core/Commands/EgalRunCommand.php(42): Illuminate\\Console\\Command->execute(Object(Symfony\\Component\\Console\\Input\\ArgvInput), Object(Illuminate\\Console\\OutputStyle))
#19 /app/vendor/symfony/console/Command/Command.php(298): Egal\\Core\\Commands\\EgalRunCommand->execute(Object(Symfony\\Component\\Console\\Input\\ArgvInput), Object(Illuminate\\Console\\OutputStyle))
#20 /app/vendor/illuminate/console/Command.php(121): Symfony\\Component\\Console\\Command\\Command->run(Object(Symfony\\Component\\Console\\Input\\ArgvInput), Object(Illuminate\\Console\\OutputStyle))
#21 /app/vendor/symfony/console/Application.php(1015): Illuminate\\Console\\Command->run(Object(Symfony\\Component\\Console\\Input\\ArgvInput), Object(Symfony\\Component\\Console\\Output\\ConsoleOutput))
#22 /app/vendor/symfony/console/Application.php(299): Symfony\\Component\\Console\\Application->doRunCommand(Object(Egal\\Core\\Commands\\EgalRunCommand), Object(Symfony\\Component\\Console\\Input\\ArgvInput), Object(Symfony\\Component\\Console\\Output\\ConsoleOutput))
#23 /app/vendor/symfony/console/Application.php(171): Symfony\\Component\\Console\\Application->doRun(Object(Symfony\\Component\\Console\\Input\\ArgvInput), Object(Symfony\\Component\\Console\\Output\\ConsoleOutput))
#24 /app/vendor/illuminate/console/Application.php(94): Symfony\\Component\\Console\\Application->run(Object(Symfony\\Component\\Console\\Input\\ArgvInput), Object(Symfony\\Component\\Console\\Output\\ConsoleOutput))
#25 /app/vendor/laravel/lumen-framework/src/Console/Kernel.php(116): Illuminate\\Console\\Application->run(Object(Symfony\\Component\\Console\\Input\\ArgvInput), Object(Symfony\\Component\\Console\\Output\\ConsoleOutput))
#26 /app/artisan(35): Laravel\\Lumen\\Console\\Kernel->handle(Object(Symfony\\Component\\Console\\Input\\ArgvInput), Object(Symfony\\Component\\Console\\Output\\ConsoleOutput))
#27 {main}
"} 
