[2022-05-08 10:02:00] production.ERROR: stream_socket_client(): Unable to connect to tcp://project-rabbitmq:5672 (Connection refused) {"exception":"[object] (PhpAmqpLib\\Exception\\AMQPIOException(code: 0): stream_socket_client(): Unable to connect to tcp://project-rabbitmq:5672 (Connection refused) at /app/vendor/php-amqplib/php-amqplib/PhpAmqpLib/Wire/IO/StreamIO.php:108)
[stacktrace]
#0 /app/vendor/php-amqplib/php-amqplib/PhpAmqpLib/Connection/AbstractConnection.php(253): PhpAmqpLib\\Wire\\IO\\StreamIO->connect()
#1 /app/vendor/php-amqplib/php-amqplib/PhpAmqpLib/Connection/AMQPLazyConnection.php(12): PhpAmqpLib\\Connection\\AbstractConnection->connect()
#2 /app/vendor/egal/framework/src/Core/Bus/RabbitMQBus.php(62): PhpAmqpLib\\Connection\\AMQPLazyConnection->channel()
#3 /app/vendor/egal/framework/src/Core/Bus/BusCreator.php(23): Egal\\Core\\Bus\\RabbitMQBus->__construct(Array)
#4 /app/vendor/egal/framework/src/Core/ServiceProvider.php(56): Egal\\Core\\Bus\\BusCreator::createBus()
#5 /app/vendor/illuminate/container/Container.php(873): Egal\\Core\\ServiceProvider::Egal\\Core\\{closure}(Object(Egal\\Core\\Application), Array)
#6 /app/vendor/illuminate/container/Container.php(758): Illuminate\\Container\\Container->build(Object(Closure))
#7 /app/vendor/illuminate/container/Container.php(694): Illuminate\\Container\\Container->resolve('Egal\\\\Core\\\\Bus\\\\B...', Array)
#8 /app/vendor/laravel/lumen-framework/src/Application.php(300): Illuminate\\Container\\Container->make('Egal\\\\Core\\\\Bus\\\\B...', Array)
#9 /app/vendor/laravel/lumen-framework/src/helpers.php(42): Laravel\\Lumen\\Application->make('Egal\\\\Core\\\\Bus\\\\B...', Array)
#10 /app/vendor/egal/framework/src/Core/Bus/Bus.php(28): app('Egal\\\\Core\\\\Bus\\\\B...')
#11 /app/vendor/egal/framework/src/Core/Commands/EgalRunCommand.php(25): Egal\\Core\\Bus\\Bus::instance()
#12 /app/vendor/illuminate/container/BoundMethod.php(36): Egal\\Core\\Commands\\EgalRunCommand->handle()
#13 /app/vendor/illuminate/container/Util.php(40): Illuminate\\Container\\BoundMethod::Illuminate\\Container\\{closure}()
#14 /app/vendor/illuminate/container/BoundMethod.php(93): Illuminate\\Container\\Util::unwrapIfClosure(Object(Closure))
#15 /app/vendor/illuminate/container/BoundMethod.php(37): Illuminate\\Container\\BoundMethod::callBoundMethod(Object(Egal\\Core\\Application), Array, Object(Closure))
#16 /app/vendor/illuminate/container/Container.php(653): Illuminate\\Container\\BoundMethod::call(Object(Egal\\Core\\Application), Array, Array, NULL)
#17 /app/vendor/illuminate/console/Command.php(136): Illuminate\\Container\\Container->call(Array)
#18 /app/vendor/egal/framework/src/Core/Commands/EgalRunCommand.php(42): Illuminate\\Console\\Command->execute(Object(Symfony\\Component\\Console\\Input\\ArgvInput), Object(Illuminate\\Console\\OutputStyle))
#19 /app/vendor/symfony/console/Command/Command.php(298): Egal\\Core\\Commands\\EgalRunCommand->execute(Object(Symfony\\Component\\Console\\Input\\ArgvInput), Object(Illuminate\\Console\\OutputStyle))
#20 /app/vendor/illuminate/console/Command.php(121): Symfony\\Component\\Console\\Command\\Command->run(Object(Symfony\\Component\\Console\\Input\\ArgvInput), Object(Illuminate\\Console\\OutputStyle))
#21 /app/vendor/symfony/console/Application.php(1015): Illuminate\\Console\\Command->run(Object(Symfony\\Component\\Console\\Input\\ArgvInput), Object(Symfony\\Component\\Console\\Output\\ConsoleOutput))
#22 /app/vendor/symfony/console/Application.php(299): Symfony\\Component\\Console\\Application->doRunCommand(Object(Egal\\Core\\Commands\\EgalRunCommand), Object(Symfony\\Component\\Console\\Input\\ArgvInput), Object(Symfony\\Component\\Console\\Output\\ConsoleOutput))
#23 /app/vendor/symfony/console/Application.php(171): Symfony\\Component\\Console\\Application->doRun(Object(Symfony\\Component\\Console\\Input\\ArgvInput), Object(Symfony\\Component\\Console\\Output\\ConsoleOutput))
#24 /app/vendor/illuminate/console/Application.php(94): Symfony\\Component\\Console\\Application->run(Object(Symfony\\Component\\Console\\Input\\ArgvInput), Object(Symfony\\Component\\Console\\Output\\ConsoleOutput))
#25 /app/vendor/laravel/lumen-framework/src/Console/Kernel.php(116): Illuminate\\Console\\Application->run(Object(Symfony\\Component\\Console\\Input\\ArgvInput), Object(Symfony\\Component\\Console\\Output\\ConsoleOutput))
#26 /app/artisan(35): Laravel\\Lumen\\Console\\Kernel->handle(Object(Symfony\\Component\\Console\\Input\\ArgvInput), Object(Symfony\\Component\\Console\\Output\\ConsoleOutput))
#27 {main}
"} 
[2022-05-08 10:38:08] production.INFO: Event [App\Events\CreateUserEvent] was fired with model [App\Models\User]. [Dirty: true]. Serialized model [[]]  
[2022-05-08 10:38:08] production.INFO: Listener [App\Listeners\RegisterUserListener] event [App\Events\CreateUserEvent]  
[2022-05-08 15:03:13] production.INFO: Event [App\Events\CreateUserEvent] was fired with model [App\Models\User]. [Dirty: true]. Serialized model [[]]  
[2022-05-08 15:03:13] production.INFO: Listener [App\Listeners\RegisterUserListener] event [App\Events\CreateUserEvent]  
[2022-05-08 15:05:52] production.INFO: Event [App\Events\CreateUserEvent] was fired with model [App\Models\User]. [Dirty: true]. Serialized model [[]]  
[2022-05-08 15:05:52] production.INFO: Listener [App\Listeners\RegisterUserListener] event [App\Events\CreateUserEvent]  
[2022-05-08 15:09:57] production.INFO: Event [App\Events\CreateUserEvent] was fired with model [App\Models\User]. [Dirty: true]. Serialized model [[]]  
[2022-05-08 15:09:57] production.INFO: Listener [App\Listeners\RegisterUserListener] event [App\Events\CreateUserEvent]  
[2022-05-08 15:10:14] production.INFO: Event [App\Events\CreateUserEvent] was fired with model [App\Models\User]. [Dirty: true]. Serialized model [[]]  
[2022-05-08 15:10:14] production.INFO: Listener [App\Listeners\RegisterUserListener] event [App\Events\CreateUserEvent]  
[2022-05-08 15:10:50] production.INFO: Event [App\Events\CreateUserEvent] was fired with model [App\Models\User]. [Dirty: true]. Serialized model [[]]  
[2022-05-08 15:10:50] production.INFO: Listener [App\Listeners\RegisterUserListener] event [App\Events\CreateUserEvent]  
[2022-05-08 15:19:44] production.INFO: Event [App\Events\CreateUserEvent] was fired with model [App\Models\User]. [Dirty: true]. Serialized model [[]]  
[2022-05-08 15:19:44] production.INFO: Listener [App\Listeners\RegisterUserListener] event [App\Events\CreateUserEvent]  
[2022-05-08 15:21:08] production.INFO: Event [App\Events\CreateUserEvent] was fired with model [App\Models\User]. [Dirty: true]. Serialized model [[]]  
[2022-05-08 15:21:08] production.INFO: Listener [App\Listeners\RegisterUserListener] event [App\Events\CreateUserEvent]  
[2022-05-08 15:23:26] production.INFO: Event [App\Events\CreateUserEvent] was fired with model [App\Models\User]. [Dirty: true]. Serialized model [[]]  
[2022-05-08 15:23:26] production.INFO: Listener [App\Listeners\RegisterUserListener] event [App\Events\CreateUserEvent]  
[2022-05-08 15:25:28] production.INFO: Event [App\Events\CreateUserEvent] was fired with model [App\Models\User]. [Dirty: true]. Serialized model [[]]  
[2022-05-08 15:25:28] production.INFO: Listener [App\Listeners\RegisterUserListener] event [App\Events\CreateUserEvent]  
[2022-05-08 15:29:37] production.INFO: Event [App\Events\CreateUserEvent] was fired with model [App\Models\User]. [Dirty: true]. Serialized model [[]]  
[2022-05-08 15:29:37] production.INFO: Listener [App\Listeners\RegisterUserListener] event [App\Events\CreateUserEvent]  
[2022-05-08 15:30:22] production.INFO: Event [App\Events\CreateUserEvent] was fired with model [App\Models\User]. [Dirty: true]. Serialized model [[]]  
[2022-05-08 15:30:22] production.INFO: Listener [App\Listeners\RegisterUserListener] event [App\Events\CreateUserEvent]  
[2022-05-08 15:31:32] production.INFO: Event [App\Events\CreateUserEvent] was fired with model [App\Models\User]. [Dirty: true]. Serialized model [[]]  
[2022-05-08 15:31:32] production.INFO: Listener [App\Listeners\RegisterUserListener] event [App\Events\CreateUserEvent]  
[2022-05-08 15:31:51] production.INFO: Event [App\Events\CreateUserEvent] was fired with model [App\Models\User]. [Dirty: true]. Serialized model [[]]  
[2022-05-08 15:31:51] production.INFO: Listener [App\Listeners\RegisterUserListener] event [App\Events\CreateUserEvent]  
[2022-05-08 15:32:55] production.INFO: Event [App\Events\CreateUserEvent] was fired with model [App\Models\User]. [Dirty: true]. Serialized model [[]]  
[2022-05-08 15:32:55] production.INFO: Listener [App\Listeners\RegisterUserListener] event [App\Events\CreateUserEvent]  
[2022-05-08 15:35:38] production.INFO: Event [App\Events\CreateUserEvent] was fired with model [App\Models\User]. [Dirty: true]. Serialized model [[]]  
[2022-05-08 15:35:38] production.INFO: Listener [App\Listeners\RegisterUserListener] event [App\Events\CreateUserEvent]  
[2022-05-08 15:35:42] production.INFO: Event [App\Events\CreateUserEvent] was fired with model [App\Models\User]. [Dirty: true]. Serialized model [[]]  
[2022-05-08 15:35:42] production.INFO: Listener [App\Listeners\RegisterUserListener] event [App\Events\CreateUserEvent]  
[2022-05-08 15:35:50] production.INFO: Event [App\Events\CreateUserEvent] was fired with model [App\Models\User]. [Dirty: true]. Serialized model [[]]  
[2022-05-08 15:35:50] production.INFO: Listener [App\Listeners\RegisterUserListener] event [App\Events\CreateUserEvent]  
[2022-05-08 15:36:14] production.INFO: Event [App\Events\CreateUserEvent] was fired with model [App\Models\User]. [Dirty: true]. Serialized model [[]]  
[2022-05-08 15:36:14] production.INFO: Listener [App\Listeners\RegisterUserListener] event [App\Events\CreateUserEvent]  
[2022-05-08 15:36:19] production.INFO: Event [App\Events\CreateUserEvent] was fired with model [App\Models\User]. [Dirty: true]. Serialized model [[]]  
[2022-05-08 15:36:19] production.INFO: Listener [App\Listeners\RegisterUserListener] event [App\Events\CreateUserEvent]  
[2022-05-08 15:40:26] production.INFO: Event [App\Events\CreateUserEvent] was fired with model [App\Models\User]. [Dirty: true]. Serialized model [[]]  
[2022-05-08 15:40:26] production.INFO: Listener [App\Listeners\RegisterUserListener] event [App\Events\CreateUserEvent]  
[2022-05-08 15:46:55] production.INFO: Event [App\Events\CreateUserEvent] was fired with model [App\Models\User]. [Dirty: true]. Serialized model [[]]  
[2022-05-08 15:46:55] production.INFO: Listener [App\Listeners\RegisterUserListener] event [App\Events\CreateUserEvent]  
[2022-05-08 15:47:25] production.INFO: Event [App\Events\CreateUserEvent] was fired with model [App\Models\User]. [Dirty: true]. Serialized model [[]]  
[2022-05-08 15:47:25] production.INFO: Listener [App\Listeners\RegisterUserListener] event [App\Events\CreateUserEvent]  
[2022-05-08 15:49:09] production.INFO: Event [App\Events\CreateUserEvent] was fired with model [App\Models\User]. [Dirty: true]. Serialized model [[]]  
[2022-05-08 15:49:09] production.INFO: Listener [App\Listeners\RegisterUserListener] event [App\Events\CreateUserEvent]  
[2022-05-08 15:49:29] production.INFO: Event [App\Events\CreateUserEvent] was fired with model [App\Models\User]. [Dirty: true]. Serialized model [[]]  
[2022-05-08 15:49:29] production.INFO: Listener [App\Listeners\RegisterUserListener] event [App\Events\CreateUserEvent]  
[2022-05-08 15:50:02] production.INFO: Event [App\Events\CreateUserEvent] was fired with model [App\Models\User]. [Dirty: true]. Serialized model [[]]  
[2022-05-08 15:50:02] production.INFO: Listener [App\Listeners\RegisterUserListener] event [App\Events\CreateUserEvent]  
[2022-05-08 15:51:10] production.INFO: Event [App\Events\CreateUserEvent] was fired with model [App\Models\User]. [Dirty: true]. Serialized model [[]]  
[2022-05-08 15:51:10] production.INFO: Listener [App\Listeners\RegisterUserListener] event [App\Events\CreateUserEvent]  
