[2022-05-11 04:13:24] production.ERROR: Class "MrRouOne\DebugModels\DebugModelsServiceProvider" not found {"exception":"[object] (Error(code: 0): Class \"MrRouOne\\DebugModels\\DebugModelsServiceProvider\" not found at /app/vendor/laravel/lumen-framework/src/Application.php:223)
[stacktrace]
#0 /app/bootstrap/app.php(72): Laravel\\Lumen\\Application->register('MrRouOne\\\\DebugM...')
#1 /app/artisan(18): require('/app/bootstrap/...')
#2 {main}
"} 
[2022-05-11 04:13:25] production.ERROR: Class "MrRouOne\DebugModels\DebugModelsServiceProvider" not found {"exception":"[object] (Error(code: 0): Class \"MrRouOne\\DebugModels\\DebugModelsServiceProvider\" not found at /app/vendor/laravel/lumen-framework/src/Application.php:223)
[stacktrace]
#0 /app/bootstrap/app.php(72): Laravel\\Lumen\\Application->register('MrRouOne\\\\DebugM...')
#1 /app/artisan(18): require('/app/bootstrap/...')
#2 {main}
"} 
[2022-05-11 04:14:32] production.ERROR: Class "MrRouOne\DebugModels\DebugModelsServiceProvider" not found {"exception":"[object] (Error(code: 0): Class \"MrRouOne\\DebugModels\\DebugModelsServiceProvider\" not found at /app/vendor/laravel/lumen-framework/src/Application.php:223)
[stacktrace]
#0 /app/bootstrap/app.php(72): Laravel\\Lumen\\Application->register('MrRouOne\\\\DebugM...')
#1 /app/artisan(18): require('/app/bootstrap/...')
#2 {main}
"} 
[2022-05-11 04:14:34] production.ERROR: Class "MrRouOne\DebugModels\DebugModelsServiceProvider" not found {"exception":"[object] (Error(code: 0): Class \"MrRouOne\\DebugModels\\DebugModelsServiceProvider\" not found at /app/vendor/laravel/lumen-framework/src/Application.php:223)
[stacktrace]
#0 /app/bootstrap/app.php(72): Laravel\\Lumen\\Application->register('MrRouOne\\\\DebugM...')
#1 /app/artisan(18): require('/app/bootstrap/...')
#2 {main}
"} 
[2022-05-11 04:34:27] production.INFO: Event [App\Events\CreateUserEvent] was fired with model [App\Models\User]. [Dirty: true]. Serialized model [[]]  
[2022-05-11 04:36:45] production.INFO: Event [App\Events\CreateUserEvent] was fired with model [App\Models\User]. [Dirty: true]. Serialized model [[]]  
[2022-05-11 04:36:45] production.INFO: Listener [App\Listeners\RegisterUserListener] event [App\Events\CreateUserEvent]  
[2022-05-11 04:37:28] production.INFO: Event [App\Events\CreateUserEvent] was fired with model [App\Models\User]. [Dirty: true]. Serialized model [[]]  
[2022-05-11 04:37:28] production.INFO: Listener [App\Listeners\RegisterUserListener] event [App\Events\CreateUserEvent]  
[2022-05-11 04:37:47] production.INFO: Event [App\Events\CreateUserEvent] was fired with model [App\DebugModels\UserDebug]. [Dirty: true]. Serialized model [[]]  
[2022-05-11 04:37:47] production.INFO: Listener [App\Listeners\RegisterUserListener] event [App\Events\CreateUserEvent]  
[2022-05-11 05:47:39] production.ERROR: Config make exception! {"exception":"[object] (Egal\\CodeGenerator\\Exceptions\\ConfigMakeException(code: 500): Config make exception! at /app/vendor/egal/framework/src/CodeGenerator/Commands/QueueConfigMakeCommand.php:35)
[stacktrace]
#0 /app/vendor/illuminate/container/BoundMethod.php(36): Egal\\CodeGenerator\\Commands\\QueueConfigMakeCommand->handle()
#1 /app/vendor/illuminate/container/Util.php(40): Illuminate\\Container\\BoundMethod::Illuminate\\Container\\{closure}()
#2 /app/vendor/illuminate/container/BoundMethod.php(93): Illuminate\\Container\\Util::unwrapIfClosure(Object(Closure))
#3 /app/vendor/illuminate/container/BoundMethod.php(37): Illuminate\\Container\\BoundMethod::callBoundMethod(Object(Egal\\Core\\Application), Array, Object(Closure))
#4 /app/vendor/illuminate/container/Container.php(653): Illuminate\\Container\\BoundMethod::call(Object(Egal\\Core\\Application), Array, Array, NULL)
#5 /app/vendor/illuminate/console/Command.php(136): Illuminate\\Container\\Container->call(Array)
#6 /app/vendor/symfony/console/Command/Command.php(298): Illuminate\\Console\\Command->execute(Object(Symfony\\Component\\Console\\Input\\ArgvInput), Object(Illuminate\\Console\\OutputStyle))
#7 /app/vendor/illuminate/console/Command.php(121): Symfony\\Component\\Console\\Command\\Command->run(Object(Symfony\\Component\\Console\\Input\\ArgvInput), Object(Illuminate\\Console\\OutputStyle))
#8 /app/vendor/symfony/console/Application.php(1015): Illuminate\\Console\\Command->run(Object(Symfony\\Component\\Console\\Input\\ArgvInput), Object(Symfony\\Component\\Console\\Output\\ConsoleOutput))
#9 /app/vendor/symfony/console/Application.php(299): Symfony\\Component\\Console\\Application->doRunCommand(Object(Egal\\CodeGenerator\\Commands\\QueueConfigMakeCommand), Object(Symfony\\Component\\Console\\Input\\ArgvInput), Object(Symfony\\Component\\Console\\Output\\ConsoleOutput))
#10 /app/vendor/symfony/console/Application.php(171): Symfony\\Component\\Console\\Application->doRun(Object(Symfony\\Component\\Console\\Input\\ArgvInput), Object(Symfony\\Component\\Console\\Output\\ConsoleOutput))
#11 /app/vendor/illuminate/console/Application.php(94): Symfony\\Component\\Console\\Application->run(Object(Symfony\\Component\\Console\\Input\\ArgvInput), Object(Symfony\\Component\\Console\\Output\\ConsoleOutput))
#12 /app/vendor/laravel/lumen-framework/src/Console/Kernel.php(116): Illuminate\\Console\\Application->run(Object(Symfony\\Component\\Console\\Input\\ArgvInput), Object(Symfony\\Component\\Console\\Output\\ConsoleOutput))
#13 /app/artisan(35): Laravel\\Lumen\\Console\\Kernel->handle(Object(Symfony\\Component\\Console\\Input\\ArgvInput), Object(Symfony\\Component\\Console\\Output\\ConsoleOutput))
#14 {main}
"} 
[2022-05-11 05:58:03] production.INFO: Event [App\Events\CreateUserEvent] was fired with model [App\Models\User]. [Dirty: true]. Serialized model [[]]  
[2022-05-11 05:58:03] production.INFO: Listener [App\Listeners\RegisterUserListener] event [App\Events\CreateUserEvent]  
[2022-05-11 05:58:20] production.INFO: Event [App\Events\CreateUserEvent] was fired with model [App\DebugModels\UserDebug]. [Dirty: true]. Serialized model [[]]  
[2022-05-11 05:58:20] production.INFO: Listener [App\Listeners\RegisterUserListener] event [App\Events\CreateUserEvent]  
[2022-05-11 06:01:30] production.ERROR: Class "MrRouOne\DebugModels\DebugModelsServiceProvider" not found {"exception":"[object] (Error(code: 0): Class \"MrRouOne\\DebugModels\\DebugModelsServiceProvider\" not found at /app/vendor/laravel/lumen-framework/src/Application.php:223)
[stacktrace]
#0 /app/bootstrap/app.php(73): Laravel\\Lumen\\Application->register('MrRouOne\\\\DebugM...')
#1 /app/artisan(18): require('/app/bootstrap/...')
#2 {main}
"} 
[2022-05-11 06:01:32] production.ERROR: Class "MrRouOne\DebugModels\DebugModelsServiceProvider" not found {"exception":"[object] (Error(code: 0): Class \"MrRouOne\\DebugModels\\DebugModelsServiceProvider\" not found at /app/vendor/laravel/lumen-framework/src/Application.php:223)
[stacktrace]
#0 /app/bootstrap/app.php(73): Laravel\\Lumen\\Application->register('MrRouOne\\\\DebugM...')
#1 /app/artisan(18): require('/app/bootstrap/...')
#2 {main}
"} 
[2022-05-11 06:07:09] production.INFO: Event [App\Events\CreateUserEvent] was fired with model [App\Models\User]. [Dirty: true]. Serialized model [[]]  
[2022-05-11 06:07:09] production.INFO: Listener [App\Listeners\RegisterUserListener] event [App\Events\CreateUserEvent]  
[2022-05-11 06:07:12] production.INFO: Event [App\Events\CreateUserEvent] was fired with model [App\DebugModels\UserDebug]. [Dirty: true]. Serialized model [[]]  
[2022-05-11 06:07:12] production.INFO: Listener [App\Listeners\RegisterUserListener] event [App\Events\CreateUserEvent]  
[2022-05-11 06:07:17] production.INFO: Event [App\Events\CreateUserEvent] was fired with model [App\DebugModels\UserDebug]. [Dirty: true]. Serialized model [[]]  
[2022-05-11 06:07:17] production.INFO: Listener [App\Listeners\RegisterUserListener] event [App\Events\CreateUserEvent]  
[2022-05-11 06:09:45] production.ERROR: scandir(/app/../../../auth-service/app/DebugModels/): Failed to open directory: No such file or directory {"exception":"[object] (ErrorException(code: 0): scandir(/app/../../../auth-service/app/DebugModels/): Failed to open directory: No such file or directory at /app/vendor/mrrouone/debugmodels/src/DebugModelsServiceProvider.php:42)
[stacktrace]
#0 /app/vendor/laravel/lumen-framework/src/Concerns/RegistersExceptionHandlers.php(47): Laravel\\Lumen\\Application->handleError(2, 'scandir(/app/.....', '/app/vendor/mrr...', 42)
#1 [internal function]: Laravel\\Lumen\\Application->Laravel\\Lumen\\Concerns\\{closure}(2, 'scandir(/app/.....', '/app/vendor/mrr...', 42)
#2 /app/vendor/mrrouone/debugmodels/src/DebugModelsServiceProvider.php(42): scandir('/app/../../../a...')
#3 /app/vendor/mrrouone/debugmodels/src/DebugModelsServiceProvider.php(19): MrRouOne\\DebugModels\\DebugModelsServiceProvider->scanModels('/app/../../../a...')
#4 /app/vendor/laravel/lumen-framework/src/Application.php(223): MrRouOne\\DebugModels\\DebugModelsServiceProvider->__construct(Object(Egal\\Core\\Application))
#5 /app/bootstrap/app.php(73): Laravel\\Lumen\\Application->register('MrRouOne\\\\DebugM...')
#6 /app/artisan(18): require('/app/bootstrap/...')
#7 {main}
"} 
[2022-05-11 06:09:47] production.ERROR: scandir(/app/../../../auth-service/app/DebugModels/): Failed to open directory: No such file or directory {"exception":"[object] (ErrorException(code: 0): scandir(/app/../../../auth-service/app/DebugModels/): Failed to open directory: No such file or directory at /app/vendor/mrrouone/debugmodels/src/DebugModelsServiceProvider.php:42)
[stacktrace]
#0 /app/vendor/laravel/lumen-framework/src/Concerns/RegistersExceptionHandlers.php(47): Laravel\\Lumen\\Application->handleError(2, 'scandir(/app/.....', '/app/vendor/mrr...', 42)
#1 [internal function]: Laravel\\Lumen\\Application->Laravel\\Lumen\\Concerns\\{closure}(2, 'scandir(/app/.....', '/app/vendor/mrr...', 42)
#2 /app/vendor/mrrouone/debugmodels/src/DebugModelsServiceProvider.php(42): scandir('/app/../../../a...')
#3 /app/vendor/mrrouone/debugmodels/src/DebugModelsServiceProvider.php(19): MrRouOne\\DebugModels\\DebugModelsServiceProvider->scanModels('/app/../../../a...')
#4 /app/vendor/laravel/lumen-framework/src/Application.php(223): MrRouOne\\DebugModels\\DebugModelsServiceProvider->__construct(Object(Egal\\Core\\Application))
#5 /app/bootstrap/app.php(73): Laravel\\Lumen\\Application->register('MrRouOne\\\\DebugM...')
#6 /app/artisan(18): require('/app/bootstrap/...')
#7 {main}
"} 
[2022-05-11 06:16:14] production.INFO: Event [App\Events\CreateUserEvent] was fired with model [App\DebugModels\UserDebug]. [Dirty: true]. Serialized model [[]]  
[2022-05-11 06:16:14] production.INFO: Listener [App\Listeners\RegisterUserListener] event [App\Events\CreateUserEvent]  
[2022-05-11 06:16:18] production.INFO: Event [App\Events\CreateUserEvent] was fired with model [App\DebugModels\UserDebug]. [Dirty: true]. Serialized model [[]]  
[2022-05-11 06:16:18] production.INFO: Listener [App\Listeners\RegisterUserListener] event [App\Events\CreateUserEvent]  
[2022-05-11 06:21:44] production.INFO: Event [App\Events\CreateUserEvent] was fired with model [App\DebugModels\UserDebug]. [Dirty: true]. Serialized model [[]]  
[2022-05-11 06:21:44] production.INFO: Listener [App\Listeners\RegisterUserListener] event [App\Events\CreateUserEvent]  
[2022-05-11 06:25:14] production.INFO: Event [App\Events\CreateUserEvent] was fired with model [App\DebugModels\UserDebug]. [Dirty: true]. Serialized model [[]]  
[2022-05-11 06:25:14] production.INFO: Listener [App\Listeners\RegisterUserListener] event [App\Events\CreateUserEvent]  
[2022-05-11 06:25:18] production.INFO: Event [App\Events\CreateUserEvent] was fired with model [App\DebugModels\UserDebug]. [Dirty: true]. Serialized model [[]]  
[2022-05-11 06:25:18] production.INFO: Listener [App\Listeners\RegisterUserListener] event [App\Events\CreateUserEvent]  
[2022-05-11 06:29:00] production.INFO: Event [App\Events\CreateUserEvent] was fired with model [App\DebugModels\UserDebug]. [Dirty: true]. Serialized model [[]]  
[2022-05-11 06:29:00] production.INFO: Listener [App\Listeners\RegisterUserListener] event [App\Events\CreateUserEvent]  
[2022-05-11 06:32:25] production.INFO: Event [App\Events\CreateUserEvent] was fired with model [App\DebugModels\UserDebug]. [Dirty: true]. Serialized model [[]]  
[2022-05-11 06:32:25] production.INFO: Listener [App\Listeners\RegisterUserListener] event [App\Events\CreateUserEvent]  
[2022-05-11 06:33:58] production.ERROR: syntax error, unexpected token ",", expecting ")" {"exception":"[object] (ParseError(code: 0): syntax error, unexpected token \",\", expecting \")\" at /app/app/DebugModels/UserDebug.php:40)
[stacktrace]
#0 /app/vendor/composer/ClassLoader.php(428): Composer\\Autoload\\includeFile('/app/vendor/com...')
#1 [internal function]: Composer\\Autoload\\ClassLoader->loadClass('App\\\\DebugModels...')
#2 /app/vendor/egal/framework/src/Model/Metadata/ModelMetadata.php(71): ReflectionClass->__construct('App\\\\DebugModels...')
#3 /app/vendor/egal/framework/src/Model/ModelManager.php(69): Egal\\Model\\Metadata\\ModelMetadata->__construct('App\\\\DebugModels...')
#4 /app/vendor/mrrouone/debugmodels/src/DebugModelsServiceProvider.php(82): Egal\\Model\\ModelManager::loadModel('App\\\\DebugModels...')
#5 /app/vendor/laravel/lumen-framework/src/Application.php(233): MrRouOne\\DebugModels\\DebugModelsServiceProvider->register()
#6 /app/bootstrap/app.php(73): Laravel\\Lumen\\Application->register(Object(MrRouOne\\DebugModels\\DebugModelsServiceProvider))
#7 /app/artisan(18): require('/app/bootstrap/...')
#8 {main}
"} 
[2022-05-11 06:34:00] production.ERROR: syntax error, unexpected token ",", expecting ")" {"exception":"[object] (ParseError(code: 0): syntax error, unexpected token \",\", expecting \")\" at /app/app/DebugModels/UserDebug.php:40)
[stacktrace]
#0 /app/vendor/composer/ClassLoader.php(428): Composer\\Autoload\\includeFile('/app/vendor/com...')
#1 [internal function]: Composer\\Autoload\\ClassLoader->loadClass('App\\\\DebugModels...')
#2 /app/vendor/egal/framework/src/Model/Metadata/ModelMetadata.php(71): ReflectionClass->__construct('App\\\\DebugModels...')
#3 /app/vendor/egal/framework/src/Model/ModelManager.php(69): Egal\\Model\\Metadata\\ModelMetadata->__construct('App\\\\DebugModels...')
#4 /app/vendor/mrrouone/debugmodels/src/DebugModelsServiceProvider.php(82): Egal\\Model\\ModelManager::loadModel('App\\\\DebugModels...')
#5 /app/vendor/laravel/lumen-framework/src/Application.php(233): MrRouOne\\DebugModels\\DebugModelsServiceProvider->register()
#6 /app/bootstrap/app.php(73): Laravel\\Lumen\\Application->register(Object(MrRouOne\\DebugModels\\DebugModelsServiceProvider))
#7 /app/artisan(18): require('/app/bootstrap/...')
#8 {main}
"} 
[2022-05-11 06:36:10] production.INFO: Event [App\Events\CreateUserEvent] was fired with model [App\DebugModels\UserDebug]. [Dirty: true]. Serialized model [[]]  
[2022-05-11 06:36:10] production.INFO: Listener [App\Listeners\RegisterUserListener] event [App\Events\CreateUserEvent]  
[2022-05-11 06:36:15] production.INFO: Event [App\Events\CreateUserEvent] was fired with model [App\DebugModels\UserDebug]. [Dirty: true]. Serialized model [[]]  
[2022-05-11 06:36:15] production.INFO: Listener [App\Listeners\RegisterUserListener] event [App\Events\CreateUserEvent]  
[2022-05-11 06:49:37] production.INFO: Event [App\Events\CreateUserEvent] was fired with model [App\Models\User]. [Dirty: true]. Serialized model [[]]  
[2022-05-11 06:49:37] production.INFO: Listener [App\Listeners\RegisterUserListener] event [App\Events\CreateUserEvent]  
