[2022-05-04 01:51:12] production.ERROR: scandir(DebugModels/): Failed to open directory: No such file or directory {"exception":"[object] (ErrorException(code: 0): scandir(DebugModels/): Failed to open directory: No such file or directory at /app/app/Providers/DebugModelsServiceProvider.php:42)
[stacktrace]
#0 /app/vendor/laravel/lumen-framework/src/Concerns/RegistersExceptionHandlers.php(47): Laravel\\Lumen\\Application->handleError(2, 'scandir(DebugMo...', '/app/app/Provid...', 42)
#1 [internal function]: Laravel\\Lumen\\Application->Laravel\\Lumen\\Concerns\\{closure}(2, 'scandir(DebugMo...', '/app/app/Provid...', 42)
#2 /app/app/Providers/DebugModelsServiceProvider.php(42): scandir('DebugModels/')
#3 /app/app/Providers/DebugModelsServiceProvider.php(19): App\\Providers\\DebugModelsServiceProvider->scanModels('DebugModels/')
#4 /app/vendor/laravel/lumen-framework/src/Application.php(223): App\\Providers\\DebugModelsServiceProvider->__construct(Object(Egal\\Core\\Application))
#5 /app/bootstrap/app.php(72): Laravel\\Lumen\\Application->register('App\\\\Providers\\\\D...')
#6 /app/artisan(18): require('/app/bootstrap/...')
#7 {main}
"}
[2022-05-04 01:51:14] production.ERROR: scandir(DebugModels/): Failed to open directory: No such file or directory {"exception":"[object] (ErrorException(code: 0): scandir(DebugModels/): Failed to open directory: No such file or directory at /app/app/Providers/DebugModelsServiceProvider.php:42)
[stacktrace]
#0 /app/vendor/laravel/lumen-framework/src/Concerns/RegistersExceptionHandlers.php(47): Laravel\\Lumen\\Application->handleError(2, 'scandir(DebugMo...', '/app/app/Provid...', 42)
#1 [internal function]: Laravel\\Lumen\\Application->Laravel\\Lumen\\Concerns\\{closure}(2, 'scandir(DebugMo...', '/app/app/Provid...', 42)
#2 /app/app/Providers/DebugModelsServiceProvider.php(42): scandir('DebugModels/')
#3 /app/app/Providers/DebugModelsServiceProvider.php(19): App\\Providers\\DebugModelsServiceProvider->scanModels('DebugModels/')
#4 /app/vendor/laravel/lumen-framework/src/Application.php(223): App\\Providers\\DebugModelsServiceProvider->__construct(Object(Egal\\Core\\Application))
#5 /app/bootstrap/app.php(72): Laravel\\Lumen\\Application->register('App\\\\Providers\\\\D...')
#6 /app/artisan(18): require('/app/bootstrap/...')
#7 {main}
"}
[2022-05-04 01:54:28] production.ERROR: scandir(DebugModels/): Failed to open directory: No such file or directory {"exception":"[object] (ErrorException(code: 0): scandir(DebugModels/): Failed to open directory: No such file or directory at /app/app/Providers/DebugModelsServiceProvider.php:42)
[stacktrace]
#0 /app/vendor/laravel/lumen-framework/src/Concerns/RegistersExceptionHandlers.php(47): Laravel\\Lumen\\Application->handleError(2, 'scandir(DebugMo...', '/app/app/Provid...', 42)
#1 [internal function]: Laravel\\Lumen\\Application->Laravel\\Lumen\\Concerns\\{closure}(2, 'scandir(DebugMo...', '/app/app/Provid...', 42)
#2 /app/app/Providers/DebugModelsServiceProvider.php(42): scandir('DebugModels/')
#3 /app/app/Providers/DebugModelsServiceProvider.php(19): App\\Providers\\DebugModelsServiceProvider->scanModels('DebugModels/')
#4 /app/vendor/laravel/lumen-framework/src/Application.php(223): App\\Providers\\DebugModelsServiceProvider->__construct(Object(Egal\\Core\\Application))
#5 /app/bootstrap/app.php(72): Laravel\\Lumen\\Application->register('App\\\\Providers\\\\D...')
#6 /app/artisan(18): require('/app/bootstrap/...')
#7 {main}
"}
[2022-05-04 01:54:30] production.ERROR: scandir(DebugModels/): Failed to open directory: No such file or directory {"exception":"[object] (ErrorException(code: 0): scandir(DebugModels/): Failed to open directory: No such file or directory at /app/app/Providers/DebugModelsServiceProvider.php:42)
[stacktrace]
#0 /app/vendor/laravel/lumen-framework/src/Concerns/RegistersExceptionHandlers.php(47): Laravel\\Lumen\\Application->handleError(2, 'scandir(DebugMo...', '/app/app/Provid...', 42)
#1 [internal function]: Laravel\\Lumen\\Application->Laravel\\Lumen\\Concerns\\{closure}(2, 'scandir(DebugMo...', '/app/app/Provid...', 42)
#2 /app/app/Providers/DebugModelsServiceProvider.php(42): scandir('DebugModels/')
#3 /app/app/Providers/DebugModelsServiceProvider.php(19): App\\Providers\\DebugModelsServiceProvider->scanModels('DebugModels/')
#4 /app/vendor/laravel/lumen-framework/src/Application.php(223): App\\Providers\\DebugModelsServiceProvider->__construct(Object(Egal\\Core\\Application))
#5 /app/bootstrap/app.php(72): Laravel\\Lumen\\Application->register('App\\\\Providers\\\\D...')
#6 /app/artisan(18): require('/app/bootstrap/...')
#7 {main}
"}
[2022-05-04 02:11:07] production.ERROR: scandir(DebugModels/): Failed to open directory: No such file or directory {"exception":"[object] (ErrorException(code: 0): scandir(DebugModels/): Failed to open directory: No such file or directory at /app/app/Providers/DebugModelsServiceProvider.php:42)
[stacktrace]
#0 /app/vendor/laravel/lumen-framework/src/Concerns/RegistersExceptionHandlers.php(47): Laravel\\Lumen\\Application->handleError(2, 'scandir(DebugMo...', '/app/app/Provid...', 42)
#1 [internal function]: Laravel\\Lumen\\Application->Laravel\\Lumen\\Concerns\\{closure}(2, 'scandir(DebugMo...', '/app/app/Provid...', 42)
#2 /app/app/Providers/DebugModelsServiceProvider.php(42): scandir('DebugModels/')
#3 /app/app/Providers/DebugModelsServiceProvider.php(19): App\\Providers\\DebugModelsServiceProvider->scanModels('DebugModels/')
#4 /app/vendor/laravel/lumen-framework/src/Application.php(223): App\\Providers\\DebugModelsServiceProvider->__construct(Object(Egal\\Core\\Application))
#5 /app/bootstrap/app.php(72): Laravel\\Lumen\\Application->register('App\\\\Providers\\\\D...')
#6 /app/artisan(18): require('/app/bootstrap/...')
#7 {main}
"}
[2022-05-04 02:11:08] production.ERROR: scandir(DebugModels/): Failed to open directory: No such file or directory {"exception":"[object] (ErrorException(code: 0): scandir(DebugModels/): Failed to open directory: No such file or directory at /app/app/Providers/DebugModelsServiceProvider.php:42)
[stacktrace]
#0 /app/vendor/laravel/lumen-framework/src/Concerns/RegistersExceptionHandlers.php(47): Laravel\\Lumen\\Application->handleError(2, 'scandir(DebugMo...', '/app/app/Provid...', 42)
#1 [internal function]: Laravel\\Lumen\\Application->Laravel\\Lumen\\Concerns\\{closure}(2, 'scandir(DebugMo...', '/app/app/Provid...', 42)
#2 /app/app/Providers/DebugModelsServiceProvider.php(42): scandir('DebugModels/')
#3 /app/app/Providers/DebugModelsServiceProvider.php(19): App\\Providers\\DebugModelsServiceProvider->scanModels('DebugModels/')
#4 /app/vendor/laravel/lumen-framework/src/Application.php(223): App\\Providers\\DebugModelsServiceProvider->__construct(Object(Egal\\Core\\Application))
#5 /app/bootstrap/app.php(72): Laravel\\Lumen\\Application->register('App\\\\Providers\\\\D...')
#6 /app/artisan(18): require('/app/bootstrap/...')
#7 {main}
"}
[2022-05-04 02:43:46] production.INFO: Event App\Events\CreateUserEvent was fired with model: App\Models\User(Changes: , Dirty: )
Serialized model:  [[]]
[2022-05-04 02:43:46] production.INFO: Listener: App\Listeners\RegisterUserListener. Event: App\Events\CreateUserEvent
[2022-05-04 02:44:58] production.INFO: Event App\Events\CreateUserEvent was fired with model: App\Models\User(Changes: , Dirty: )
Serialized model:  [[]]
[2022-05-04 02:44:58] production.INFO: Listener: App\Listeners\RegisterUserListener. Event: App\Events\CreateUserEvent
[2022-05-04 02:47:37] production.INFO: Event App\Events\CreateUserEvent was fired with model: App\Models\User(Changes: , Dirty: )
Serialized model:  [[]]
[2022-05-04 02:47:37] production.INFO: Listener: App\Listeners\RegisterUserListener. Event: App\Events\CreateUserEvent
[2022-05-04 02:50:12] production.INFO: Event App\Events\CreateUserEvent was fired with model: App\Models\User(Changes: , Dirty: )
Serialized model:  [[]]
[2022-05-04 02:50:12] production.INFO: Listener: App\Listeners\RegisterUserListener. Event: App\Events\CreateUserEvent
[2022-05-04 02:50:43] production.INFO: Event App\Events\CreateUserEvent was fired with model: App\Models\User(Changes: , Dirty: )
Serialized model:  [[]]
[2022-05-04 02:51:18] production.INFO: Event App\Events\CreateUserEvent was fired with model: App\Models\User(Changes: , Dirty: )
Serialized model:  [[]]
[2022-05-04 02:51:18] production.INFO: Listener: App\Listeners\RegisterUserListener. Event: App\Events\CreateUserEvent
[2022-05-04 03:18:18] production.INFO: Event App\Events\CreateUserEvent was fired with model: App\Models\User(Changes: , Dirty: )
Serialized model:  [[]]
[2022-05-04 03:19:16] production.INFO: Event App\Events\CreateUserEvent was fired with model: App\Models\User(Changes: , Dirty: )
Serialized model:  [[]]
[2022-05-04 03:19:16] production.INFO: Listener: App\Listeners\RegisterUserListener. Event: App\Events\CreateUserEvent
[2022-05-04 03:20:39] production.INFO: Event App\Events\CreateUserEvent was fired with model: App\Models\User(Changes: , Dirty: )
Serialized model:  [[]]
[2022-05-04 03:20:39] production.INFO: Listener: App\Listeners\RegisterUserListener. Event: App\Events\CreateUserEvent
[2022-05-04 04:33:25] production.INFO: Changes .
[2022-05-04 04:33:25] production.INFO: Listener [App\Listeners\RegisterUserListener] event [App\Events\CreateUserEvent]
[2022-05-04 04:35:09] production.INFO: Changes .
[2022-05-04 04:35:09] production.INFO: Listener [App\Listeners\RegisterUserListener] event [App\Events\CreateUserEvent]
[2022-05-04 04:41:48] production.INFO: Event [App\Events\CreateUserEvent] was fired with model [App\Models\User].
[2022-05-04 04:41:48] production.INFO: Listener [App\Listeners\RegisterUserListener] event [App\Events\CreateUserEvent]
[2022-05-04 04:42:00] production.INFO: Event [App\Events\CreateUserEvent] was fired with model [App\Models\User].
[2022-05-04 04:42:00] production.INFO: Listener [App\Listeners\RegisterUserListener] event [App\Events\CreateUserEvent]
[2022-05-04 04:42:26] production.INFO: Event [App\Events\CreateUserEvent] was fired with model [App\Models\User].gg
[2022-05-04 04:42:26] production.INFO: Listener [App\Listeners\RegisterUserListener] event [App\Events\CreateUserEvent]
[2022-05-04 04:43:08] production.INFO: Event [App\Events\CreateUserEvent] was fired with model [App\Models\User].
gg
[2022-05-04 04:43:08] production.INFO: Listener [App\Listeners\RegisterUserListener] event [App\Events\CreateUserEvent]
[2022-05-04 04:44:42] production.INFO: Changes .
[2022-05-04 04:44:42] production.INFO: Listener [App\Listeners\RegisterUserListener] event [App\Events\CreateUserEvent]
[2022-05-04 04:44:42] production.INFO: Changes .
[2022-05-04 04:44:42] production.INFO: Listener [App\Listeners\RegisterUserListener] event [App\Events\CreateUserEvent]
[2022-05-04 04:46:25] production.INFO: Changes .
[2022-05-04 04:46:25] production.INFO: Listener [App\Listeners\RegisterUserListener] event [App\Events\CreateUserEvent]

[2022-05-04 04:47:35] production.INFO: Event [App\Events\CreateUserEvent] was fired with model [App\Models\User].
Changes .Dirty  .
[2022-05-04 04:47:35] production.INFO: Listener [App\Listeners\RegisterUserListener] event [App\Events\CreateUserEvent]
[2022-05-04 04:53:50] production.INFO: Event [App\Events\CreateUserEvent] was fired with model [App\Models\User].
[2022-05-04 04:53:50] production.INFO: Listener [App\Listeners\RegisterUserListener] event [App\Events\CreateUserEvent]
[2022-05-04 04:54:39] production.INFO: Event [App\Events\CreateUserEvent] was fired with model [App\Models\User]. [Dirty: true]
[2022-05-04 04:54:39] production.INFO: Listener [App\Listeners\RegisterUserListener] event [App\Events\CreateUserEvent]
[2022-05-04 04:55:18] production.INFO: Event [App\Events\CreateUserEvent] was fired with model [App\Models\User]. [Dirty: true]
[2022-05-04 04:55:18] production.INFO: Listener [App\Listeners\RegisterUserListener] event [App\Events\CreateUserEvent]

[2022-05-04 05:00:57] production.INFO: Event [App\Events\CreateUserEvent] was fired with model [App\Models\User]. [Dirty: true]. Serialized model [[]]  
[2022-05-04 05:00:57] production.INFO: Listener [App\Listeners\RegisterUserListener] event [App\Events\CreateUserEvent]  
[2022-05-04 05:02:27] production.INFO: Event [App\Events\CreateUserEvent] was fired with model [App\Models\User]. [Dirty: true]. Serialized model [[]]  
[2022-05-04 05:02:27] production.INFO: Listener [App\Listeners\RegisterUserListener] event [App\Events\CreateUserEvent]  
[2022-05-04 05:16:38] production.INFO: Event [App\Events\CreateUserEvent] was fired with model [App\DebugModels\UserDebug]. [Dirty: true]. Serialized model [[]]  
[2022-05-04 05:16:38] production.INFO: Listener [App\Listeners\RegisterUserListener] event [App\Events\CreateUserEvent]  
[2022-05-04 05:34:03] production.ERROR: scandir(/app/DebugModels/): Failed to open directory: No such file or directory {"exception":"[object] (ErrorException(code: 0): scandir(/app/DebugModels/): Failed to open directory: No such file or directory at /app/app/Providers/DebugModelsServiceProvider.php:43)
[stacktrace]
#0 /app/vendor/laravel/lumen-framework/src/Concerns/RegistersExceptionHandlers.php(47): Laravel\\Lumen\\Application->handleError(2, 'scandir(/app/De...', '/app/app/Provid...', 43)
#1 [internal function]: Laravel\\Lumen\\Application->Laravel\\Lumen\\Concerns\\{closure}(2, 'scandir(/app/De...', '/app/app/Provid...', 43)
#2 /app/app/Providers/DebugModelsServiceProvider.php(43): scandir('/app/DebugModel...')
#3 /app/app/Providers/DebugModelsServiceProvider.php(19): App\\Providers\\DebugModelsServiceProvider->scanModels('/app/DebugModel...')
#4 /app/vendor/laravel/lumen-framework/src/Application.php(223): App\\Providers\\DebugModelsServiceProvider->__construct(Object(Egal\\Core\\Application))
#5 /app/bootstrap/app.php(72): Laravel\\Lumen\\Application->register('App\\\\Providers\\\\D...')
#6 /app/artisan(18): require('/app/bootstrap/...')
#7 {main}
"} 
[2022-05-04 05:34:05] production.ERROR: scandir(/app/DebugModels/): Failed to open directory: No such file or directory {"exception":"[object] (ErrorException(code: 0): scandir(/app/DebugModels/): Failed to open directory: No such file or directory at /app/app/Providers/DebugModelsServiceProvider.php:43)
[stacktrace]
#0 /app/vendor/laravel/lumen-framework/src/Concerns/RegistersExceptionHandlers.php(47): Laravel\\Lumen\\Application->handleError(2, 'scandir(/app/De...', '/app/app/Provid...', 43)
#1 [internal function]: Laravel\\Lumen\\Application->Laravel\\Lumen\\Concerns\\{closure}(2, 'scandir(/app/De...', '/app/app/Provid...', 43)
#2 /app/app/Providers/DebugModelsServiceProvider.php(43): scandir('/app/DebugModel...')
#3 /app/app/Providers/DebugModelsServiceProvider.php(19): App\\Providers\\DebugModelsServiceProvider->scanModels('/app/DebugModel...')
#4 /app/vendor/laravel/lumen-framework/src/Application.php(223): App\\Providers\\DebugModelsServiceProvider->__construct(Object(Egal\\Core\\Application))
#5 /app/bootstrap/app.php(72): Laravel\\Lumen\\Application->register('App\\\\Providers\\\\D...')
#6 /app/artisan(18): require('/app/bootstrap/...')
#7 {main}
"} 
[2022-05-04 05:47:24] production.ERROR: Cannot assign null to property App\Providers\DebugModelsServiceProvider::$debugMode of type bool {"exception":"[object] (TypeError(code: 0): Cannot assign null to property App\\Providers\\DebugModelsServiceProvider::$debugMode of type bool at /app/app/Providers/DebugModelsServiceProvider.php:29)
[stacktrace]
#0 /app/app/Providers/DebugModelsServiceProvider.php(18): App\\Providers\\DebugModelsServiceProvider->setDebugModel()
#1 /app/vendor/laravel/lumen-framework/src/Application.php(223): App\\Providers\\DebugModelsServiceProvider->__construct(Object(Egal\\Core\\Application))
#2 /app/bootstrap/app.php(72): Laravel\\Lumen\\Application->register('App\\\\Providers\\\\D...')
#3 /app/artisan(18): require('/app/bootstrap/...')
#4 {main}
"} 
[2022-05-04 05:47:26] production.ERROR: Cannot assign null to property App\Providers\DebugModelsServiceProvider::$debugMode of type bool {"exception":"[object] (TypeError(code: 0): Cannot assign null to property App\\Providers\\DebugModelsServiceProvider::$debugMode of type bool at /app/app/Providers/DebugModelsServiceProvider.php:29)
[stacktrace]
#0 /app/app/Providers/DebugModelsServiceProvider.php(18): App\\Providers\\DebugModelsServiceProvider->setDebugModel()
#1 /app/vendor/laravel/lumen-framework/src/Application.php(223): App\\Providers\\DebugModelsServiceProvider->__construct(Object(Egal\\Core\\Application))
#2 /app/bootstrap/app.php(72): Laravel\\Lumen\\Application->register('App\\\\Providers\\\\D...')
#3 /app/artisan(18): require('/app/bootstrap/...')
#4 {main}
"} 
[2022-05-04 05:48:40] production.ERROR: scandir(DebugModels/): Failed to open directory: No such file or directory {"exception":"[object] (ErrorException(code: 0): scandir(DebugModels/): Failed to open directory: No such file or directory at /app/app/Providers/DebugModelsServiceProvider.php:45)
[stacktrace]
#0 /app/vendor/laravel/lumen-framework/src/Concerns/RegistersExceptionHandlers.php(47): Laravel\\Lumen\\Application->handleError(2, 'scandir(DebugMo...', '/app/app/Provid...', 45)
#1 [internal function]: Laravel\\Lumen\\Application->Laravel\\Lumen\\Concerns\\{closure}(2, 'scandir(DebugMo...', '/app/app/Provid...', 45)
#2 /app/app/Providers/DebugModelsServiceProvider.php(45): scandir('DebugModels/')
#3 /app/app/Providers/DebugModelsServiceProvider.php(19): App\\Providers\\DebugModelsServiceProvider->scanModels('DebugModels/')
#4 /app/vendor/laravel/lumen-framework/src/Application.php(223): App\\Providers\\DebugModelsServiceProvider->__construct(Object(Egal\\Core\\Application))
#5 /app/bootstrap/app.php(72): Laravel\\Lumen\\Application->register('App\\\\Providers\\\\D...')
#6 /app/artisan(18): require('/app/bootstrap/...')
#7 {main}
"} 
[2022-05-04 05:48:42] production.ERROR: scandir(DebugModels/): Failed to open directory: No such file or directory {"exception":"[object] (ErrorException(code: 0): scandir(DebugModels/): Failed to open directory: No such file or directory at /app/app/Providers/DebugModelsServiceProvider.php:45)
[stacktrace]
#0 /app/vendor/laravel/lumen-framework/src/Concerns/RegistersExceptionHandlers.php(47): Laravel\\Lumen\\Application->handleError(2, 'scandir(DebugMo...', '/app/app/Provid...', 45)
#1 [internal function]: Laravel\\Lumen\\Application->Laravel\\Lumen\\Concerns\\{closure}(2, 'scandir(DebugMo...', '/app/app/Provid...', 45)
#2 /app/app/Providers/DebugModelsServiceProvider.php(45): scandir('DebugModels/')
#3 /app/app/Providers/DebugModelsServiceProvider.php(19): App\\Providers\\DebugModelsServiceProvider->scanModels('DebugModels/')
#4 /app/vendor/laravel/lumen-framework/src/Application.php(223): App\\Providers\\DebugModelsServiceProvider->__construct(Object(Egal\\Core\\Application))
#5 /app/bootstrap/app.php(72): Laravel\\Lumen\\Application->register('App\\\\Providers\\\\D...')
#6 /app/artisan(18): require('/app/bootstrap/...')
#7 {main}
"} 
[2022-05-04 05:50:46] production.INFO: Event [App\Events\CreateUserEvent] was fired with model [App\DebugModels\UserDebug]. [Dirty: true]. Serialized model [[]]  
[2022-05-04 05:50:46] production.INFO: Listener [App\Listeners\RegisterUserListener] event [App\Events\CreateUserEvent]  
[2022-05-04 05:51:01] production.INFO: Event [App\Events\CreateUserEvent] was fired with model [App\DebugModels\UserDebug]. [Dirty: true]. Serialized model [[]]  
[2022-05-04 05:51:01] production.INFO: Listener [App\Listeners\RegisterUserListener] event [App\Events\CreateUserEvent]  
