[2022-04-22 03:26:55] production.ERROR: stream_socket_client(): Unable to connect to tcp://project-rabbitmq:5672 (Connection refused) {"exception":"[object] (PhpAmqpLib\\Exception\\AMQPIOException(code: 0): stream_socket_client(): Unable to connect to tcp://project-rabbitmq:5672 (Connection refused) at /app/vendor/php-amqplib/php-amqplib/PhpAmqpLib/Wire/IO/StreamIO.php:108)
[stacktrace]
#0 /app/vendor/php-amqplib/php-amqplib/PhpAmqpLib/Connection/AbstractConnection.php(253): PhpAmqpLib\\Wire\\IO\\StreamIO->connect()
#1 /app/vendor/php-amqplib/php-amqplib/PhpAmqpLib/Connection/AMQPLazyConnection.php(12): PhpAmqpLib\\Connection\\AbstractConnection->connect()
#2 /app/vendor/egal/framework/src/Core/Bus/RabbitMQBus.php(62): PhpAmqpLib\\Connection\\AMQPLazyConnection->channel()
#3 /app/vendor/egal/framework/src/Core/Bus/BusCreator.php(23): Egal\\Core\\Bus\\RabbitMQBus->__construct(Array)
#4 /app/vendor/egal/framework/src/Core/ServiceProvider.php(56): Egal\\Core\\Bus\\BusCreator::createBus()
#5 /app/vendor/illuminate/container/Container.php(873): Egal\\Core\\ServiceProvider::Egal\\Core\\{closure}(Object(Egal\\Core\\Application), Array)
#6 /app/vendor/illuminate/container/Container.php(758): Illuminate\\Container\\Container->build(Object(Closure))
#7 /app/vendor/illuminate/container/Container.php(694): Illuminate\\Container\\Container->resolve('Egal\\\\Core\\\\Bus\\\\B...', Array)
#8 /app/vendor/laravel/lumen-framework/src/Application.php(300): Illuminate\\Container\\Container->make('Egal\\\\Core\\\\Bus\\\\B...', Array)
#9 /app/vendor/laravel/lumen-framework/src/helpers.php(42): Laravel\\Lumen\\Application->make('Egal\\\\Core\\\\Bus\\\\B...', Array)
#10 /app/vendor/egal/framework/src/Core/Bus/Bus.php(28): app('Egal\\\\Core\\\\Bus\\\\B...')
#11 /app/vendor/egal/framework/src/Core/Commands/EgalRunCommand.php(25): Egal\\Core\\Bus\\Bus::instance()
#12 /app/vendor/illuminate/container/BoundMethod.php(36): Egal\\Core\\Commands\\EgalRunCommand->handle()
#13 /app/vendor/illuminate/container/Util.php(40): Illuminate\\Container\\BoundMethod::Illuminate\\Container\\{closure}()
#14 /app/vendor/illuminate/container/BoundMethod.php(93): Illuminate\\Container\\Util::unwrapIfClosure(Object(Closure))
#15 /app/vendor/illuminate/container/BoundMethod.php(37): Illuminate\\Container\\BoundMethod::callBoundMethod(Object(Egal\\Core\\Application), Array, Object(Closure))
#16 /app/vendor/illuminate/container/Container.php(653): Illuminate\\Container\\BoundMethod::call(Object(Egal\\Core\\Application), Array, Array, NULL)
#17 /app/vendor/illuminate/console/Command.php(136): Illuminate\\Container\\Container->call(Array)
#18 /app/vendor/egal/framework/src/Core/Commands/EgalRunCommand.php(42): Illuminate\\Console\\Command->execute(Object(Symfony\\Component\\Console\\Input\\ArgvInput), Object(Illuminate\\Console\\OutputStyle))
#19 /app/vendor/symfony/console/Command/Command.php(298): Egal\\Core\\Commands\\EgalRunCommand->execute(Object(Symfony\\Component\\Console\\Input\\ArgvInput), Object(Illuminate\\Console\\OutputStyle))
#20 /app/vendor/illuminate/console/Command.php(121): Symfony\\Component\\Console\\Command\\Command->run(Object(Symfony\\Component\\Console\\Input\\ArgvInput), Object(Illuminate\\Console\\OutputStyle))
#21 /app/vendor/symfony/console/Application.php(1015): Illuminate\\Console\\Command->run(Object(Symfony\\Component\\Console\\Input\\ArgvInput), Object(Symfony\\Component\\Console\\Output\\ConsoleOutput))
#22 /app/vendor/symfony/console/Application.php(299): Symfony\\Component\\Console\\Application->doRunCommand(Object(Egal\\Core\\Commands\\EgalRunCommand), Object(Symfony\\Component\\Console\\Input\\ArgvInput), Object(Symfony\\Component\\Console\\Output\\ConsoleOutput))
#23 /app/vendor/symfony/console/Application.php(171): Symfony\\Component\\Console\\Application->doRun(Object(Symfony\\Component\\Console\\Input\\ArgvInput), Object(Symfony\\Component\\Console\\Output\\ConsoleOutput))
#24 /app/vendor/illuminate/console/Application.php(94): Symfony\\Component\\Console\\Application->run(Object(Symfony\\Component\\Console\\Input\\ArgvInput), Object(Symfony\\Component\\Console\\Output\\ConsoleOutput))
#25 /app/vendor/laravel/lumen-framework/src/Console/Kernel.php(116): Illuminate\\Console\\Application->run(Object(Symfony\\Component\\Console\\Input\\ArgvInput), Object(Symfony\\Component\\Console\\Output\\ConsoleOutput))
#26 /app/artisan(35): Laravel\\Lumen\\Console\\Kernel->handle(Object(Symfony\\Component\\Console\\Input\\ArgvInput), Object(Symfony\\Component\\Console\\Output\\ConsoleOutput))
#27 {main}
"} 
[2022-04-22 04:37:22] production.ERROR: Not enough arguments (missing: "name"). {"exception":"[object] (Symfony\\Component\\Console\\Exception\\RuntimeException(code: 0): Not enough arguments (missing: \"name\"). at /app/vendor/symfony/console/Input/Input.php:76)
[stacktrace]
#0 /app/vendor/symfony/console/Command/Command.php(293): Symfony\\Component\\Console\\Input\\Input->validate()
#1 /app/vendor/illuminate/console/Command.php(121): Symfony\\Component\\Console\\Command\\Command->run(Object(Symfony\\Component\\Console\\Input\\ArgvInput), Object(Illuminate\\Console\\OutputStyle))
#2 /app/vendor/symfony/console/Application.php(1015): Illuminate\\Console\\Command->run(Object(Symfony\\Component\\Console\\Input\\ArgvInput), Object(Symfony\\Component\\Console\\Output\\ConsoleOutput))
#3 /app/vendor/symfony/console/Application.php(299): Symfony\\Component\\Console\\Application->doRunCommand(Object(Egal\\CodeGenerator\\Commands\\ListenerMakeCommand), Object(Symfony\\Component\\Console\\Input\\ArgvInput), Object(Symfony\\Component\\Console\\Output\\ConsoleOutput))
#4 /app/vendor/symfony/console/Application.php(171): Symfony\\Component\\Console\\Application->doRun(Object(Symfony\\Component\\Console\\Input\\ArgvInput), Object(Symfony\\Component\\Console\\Output\\ConsoleOutput))
#5 /app/vendor/illuminate/console/Application.php(94): Symfony\\Component\\Console\\Application->run(Object(Symfony\\Component\\Console\\Input\\ArgvInput), Object(Symfony\\Component\\Console\\Output\\ConsoleOutput))
#6 /app/vendor/laravel/lumen-framework/src/Console/Kernel.php(116): Illuminate\\Console\\Application->run(Object(Symfony\\Component\\Console\\Input\\ArgvInput), Object(Symfony\\Component\\Console\\Output\\ConsoleOutput))
#7 /app/artisan(35): Laravel\\Lumen\\Console\\Kernel->handle(Object(Symfony\\Component\\Console\\Input\\ArgvInput), Object(Symfony\\Component\\Console\\Output\\ConsoleOutput))
#8 {main}
"} 
[2022-04-22 11:19:38] production.ERROR: stream_socket_client(): Unable to connect to tcp://project-rabbitmq:5672 (Connection refused) {"exception":"[object] (PhpAmqpLib\\Exception\\AMQPIOException(code: 0): stream_socket_client(): Unable to connect to tcp://project-rabbitmq:5672 (Connection refused) at /app/vendor/php-amqplib/php-amqplib/PhpAmqpLib/Wire/IO/StreamIO.php:108)
[stacktrace]
#0 /app/vendor/php-amqplib/php-amqplib/PhpAmqpLib/Connection/AbstractConnection.php(253): PhpAmqpLib\\Wire\\IO\\StreamIO->connect()
#1 /app/vendor/php-amqplib/php-amqplib/PhpAmqpLib/Connection/AMQPLazyConnection.php(12): PhpAmqpLib\\Connection\\AbstractConnection->connect()
#2 /app/vendor/egal/framework/src/Core/Bus/RabbitMQBus.php(62): PhpAmqpLib\\Connection\\AMQPLazyConnection->channel()
#3 /app/vendor/egal/framework/src/Core/Bus/BusCreator.php(23): Egal\\Core\\Bus\\RabbitMQBus->__construct(Array)
#4 /app/vendor/egal/framework/src/Core/ServiceProvider.php(56): Egal\\Core\\Bus\\BusCreator::createBus()
#5 /app/vendor/illuminate/container/Container.php(873): Egal\\Core\\ServiceProvider::Egal\\Core\\{closure}(Object(Egal\\Core\\Application), Array)
#6 /app/vendor/illuminate/container/Container.php(758): Illuminate\\Container\\Container->build(Object(Closure))
#7 /app/vendor/illuminate/container/Container.php(694): Illuminate\\Container\\Container->resolve('Egal\\\\Core\\\\Bus\\\\B...', Array)
#8 /app/vendor/laravel/lumen-framework/src/Application.php(300): Illuminate\\Container\\Container->make('Egal\\\\Core\\\\Bus\\\\B...', Array)
#9 /app/vendor/laravel/lumen-framework/src/helpers.php(42): Laravel\\Lumen\\Application->make('Egal\\\\Core\\\\Bus\\\\B...', Array)
#10 /app/vendor/egal/framework/src/Core/Bus/Bus.php(28): app('Egal\\\\Core\\\\Bus\\\\B...')
#11 /app/vendor/egal/framework/src/Core/Commands/EgalRunCommand.php(25): Egal\\Core\\Bus\\Bus::instance()
#12 /app/vendor/illuminate/container/BoundMethod.php(36): Egal\\Core\\Commands\\EgalRunCommand->handle()
#13 /app/vendor/illuminate/container/Util.php(40): Illuminate\\Container\\BoundMethod::Illuminate\\Container\\{closure}()
#14 /app/vendor/illuminate/container/BoundMethod.php(93): Illuminate\\Container\\Util::unwrapIfClosure(Object(Closure))
#15 /app/vendor/illuminate/container/BoundMethod.php(37): Illuminate\\Container\\BoundMethod::callBoundMethod(Object(Egal\\Core\\Application), Array, Object(Closure))
#16 /app/vendor/illuminate/container/Container.php(653): Illuminate\\Container\\BoundMethod::call(Object(Egal\\Core\\Application), Array, Array, NULL)
#17 /app/vendor/illuminate/console/Command.php(136): Illuminate\\Container\\Container->call(Array)
#18 /app/vendor/egal/framework/src/Core/Commands/EgalRunCommand.php(42): Illuminate\\Console\\Command->execute(Object(Symfony\\Component\\Console\\Input\\ArgvInput), Object(Illuminate\\Console\\OutputStyle))
#19 /app/vendor/symfony/console/Command/Command.php(298): Egal\\Core\\Commands\\EgalRunCommand->execute(Object(Symfony\\Component\\Console\\Input\\ArgvInput), Object(Illuminate\\Console\\OutputStyle))
#20 /app/vendor/illuminate/console/Command.php(121): Symfony\\Component\\Console\\Command\\Command->run(Object(Symfony\\Component\\Console\\Input\\ArgvInput), Object(Illuminate\\Console\\OutputStyle))
#21 /app/vendor/symfony/console/Application.php(1015): Illuminate\\Console\\Command->run(Object(Symfony\\Component\\Console\\Input\\ArgvInput), Object(Symfony\\Component\\Console\\Output\\ConsoleOutput))
#22 /app/vendor/symfony/console/Application.php(299): Symfony\\Component\\Console\\Application->doRunCommand(Object(Egal\\Core\\Commands\\EgalRunCommand), Object(Symfony\\Component\\Console\\Input\\ArgvInput), Object(Symfony\\Component\\Console\\Output\\ConsoleOutput))
#23 /app/vendor/symfony/console/Application.php(171): Symfony\\Component\\Console\\Application->doRun(Object(Symfony\\Component\\Console\\Input\\ArgvInput), Object(Symfony\\Component\\Console\\Output\\ConsoleOutput))
#24 /app/vendor/illuminate/console/Application.php(94): Symfony\\Component\\Console\\Application->run(Object(Symfony\\Component\\Console\\Input\\ArgvInput), Object(Symfony\\Component\\Console\\Output\\ConsoleOutput))
#25 /app/vendor/laravel/lumen-framework/src/Console/Kernel.php(116): Illuminate\\Console\\Application->run(Object(Symfony\\Component\\Console\\Input\\ArgvInput), Object(Symfony\\Component\\Console\\Output\\ConsoleOutput))
#26 /app/artisan(35): Laravel\\Lumen\\Console\\Kernel->handle(Object(Symfony\\Component\\Console\\Input\\ArgvInput), Object(Symfony\\Component\\Console\\Output\\ConsoleOutput))
#27 {main}
"} 
[2022-04-22 13:12:34] production.ERROR: Migrate rollback impossible! {"exception":"[object] (Exception(code: 0): Migrate rollback impossible! at /app/database/migrations/2021_01_30_090809_users_password_hashing.php:27)
[stacktrace]
#0 /app/vendor/illuminate/database/Migrations/Migrator.php(472): UsersPasswordHashing->down()
#1 /app/vendor/illuminate/database/Migrations/Migrator.php(394): Illuminate\\Database\\Migrations\\Migrator->runMethod(Object(Illuminate\\Database\\PostgresConnection), Object(UsersPasswordHashing), 'down')
#2 /app/vendor/illuminate/database/Concerns/ManagesTransactions.php(29): Illuminate\\Database\\Migrations\\Migrator->Illuminate\\Database\\Migrations\\{closure}(Object(Illuminate\\Database\\PostgresConnection))
#3 /app/vendor/illuminate/database/Migrations/Migrator.php(402): Illuminate\\Database\\Connection->transaction(Object(Closure))
#4 /app/vendor/illuminate/database/Migrations/Migrator.php(365): Illuminate\\Database\\Migrations\\Migrator->runMigration(Object(UsersPasswordHashing), 'down')
#5 /app/vendor/illuminate/database/Migrations/Migrator.php(286): Illuminate\\Database\\Migrations\\Migrator->runDown('/app/database/m...', Object(stdClass), false)
#6 /app/vendor/illuminate/database/Migrations/Migrator.php(336): Illuminate\\Database\\Migrations\\Migrator->rollbackMigrations(Array, Array, Array)
#7 /app/vendor/illuminate/database/Migrations/Migrator.php(315): Illuminate\\Database\\Migrations\\Migrator->resetMigrations(Array, Array, false)
#8 /app/vendor/illuminate/database/Console/Migrations/ResetCommand.php(67): Illuminate\\Database\\Migrations\\Migrator->reset(Array, false)
#9 /app/vendor/illuminate/database/Migrations/Migrator.php(606): Illuminate\\Database\\Console\\Migrations\\ResetCommand->Illuminate\\Database\\Console\\Migrations\\{closure}()
#10 /app/vendor/illuminate/database/Console/Migrations/ResetCommand.php(69): Illuminate\\Database\\Migrations\\Migrator->usingConnection(NULL, Object(Closure))
#11 /app/vendor/illuminate/container/BoundMethod.php(36): Illuminate\\Database\\Console\\Migrations\\ResetCommand->handle()
#12 /app/vendor/illuminate/container/Util.php(40): Illuminate\\Container\\BoundMethod::Illuminate\\Container\\{closure}()
#13 /app/vendor/illuminate/container/BoundMethod.php(93): Illuminate\\Container\\Util::unwrapIfClosure(Object(Closure))
#14 /app/vendor/illuminate/container/BoundMethod.php(37): Illuminate\\Container\\BoundMethod::callBoundMethod(Object(Egal\\Core\\Application), Array, Object(Closure))
#15 /app/vendor/illuminate/container/Container.php(653): Illuminate\\Container\\BoundMethod::call(Object(Egal\\Core\\Application), Array, Array, NULL)
#16 /app/vendor/illuminate/console/Command.php(136): Illuminate\\Container\\Container->call(Array)
#17 /app/vendor/symfony/console/Command/Command.php(298): Illuminate\\Console\\Command->execute(Object(Symfony\\Component\\Console\\Input\\ArrayInput), Object(Illuminate\\Console\\OutputStyle))
#18 /app/vendor/illuminate/console/Command.php(121): Symfony\\Component\\Console\\Command\\Command->run(Object(Symfony\\Component\\Console\\Input\\ArrayInput), Object(Illuminate\\Console\\OutputStyle))
#19 /app/vendor/illuminate/console/Concerns/CallsCommands.php(68): Illuminate\\Console\\Command->run(Object(Symfony\\Component\\Console\\Input\\ArrayInput), Object(Illuminate\\Console\\OutputStyle))
#20 /app/vendor/illuminate/console/Concerns/CallsCommands.php(28): Illuminate\\Console\\Command->runCommand('migrate:reset', Array, Object(Illuminate\\Console\\OutputStyle))
#21 /app/vendor/illuminate/database/Console/Migrations/RefreshCommand.php(110): Illuminate\\Console\\Command->call('migrate:reset', Array)
#22 /app/vendor/illuminate/database/Console/Migrations/RefreshCommand.php(55): Illuminate\\Database\\Console\\Migrations\\RefreshCommand->runReset(NULL, Array)
#23 /app/vendor/illuminate/container/BoundMethod.php(36): Illuminate\\Database\\Console\\Migrations\\RefreshCommand->handle()
#24 /app/vendor/illuminate/container/Util.php(40): Illuminate\\Container\\BoundMethod::Illuminate\\Container\\{closure}()
#25 /app/vendor/illuminate/container/BoundMethod.php(93): Illuminate\\Container\\Util::unwrapIfClosure(Object(Closure))
#26 /app/vendor/illuminate/container/BoundMethod.php(37): Illuminate\\Container\\BoundMethod::callBoundMethod(Object(Egal\\Core\\Application), Array, Object(Closure))
#27 /app/vendor/illuminate/container/Container.php(653): Illuminate\\Container\\BoundMethod::call(Object(Egal\\Core\\Application), Array, Array, NULL)
#28 /app/vendor/illuminate/console/Command.php(136): Illuminate\\Container\\Container->call(Array)
#29 /app/vendor/symfony/console/Command/Command.php(298): Illuminate\\Console\\Command->execute(Object(Symfony\\Component\\Console\\Input\\ArgvInput), Object(Illuminate\\Console\\OutputStyle))
#30 /app/vendor/illuminate/console/Command.php(121): Symfony\\Component\\Console\\Command\\Command->run(Object(Symfony\\Component\\Console\\Input\\ArgvInput), Object(Illuminate\\Console\\OutputStyle))
#31 /app/vendor/symfony/console/Application.php(1015): Illuminate\\Console\\Command->run(Object(Symfony\\Component\\Console\\Input\\ArgvInput), Object(Symfony\\Component\\Console\\Output\\ConsoleOutput))
#32 /app/vendor/symfony/console/Application.php(299): Symfony\\Component\\Console\\Application->doRunCommand(Object(Illuminate\\Database\\Console\\Migrations\\RefreshCommand), Object(Symfony\\Component\\Console\\Input\\ArgvInput), Object(Symfony\\Component\\Console\\Output\\ConsoleOutput))
#33 /app/vendor/symfony/console/Application.php(171): Symfony\\Component\\Console\\Application->doRun(Object(Symfony\\Component\\Console\\Input\\ArgvInput), Object(Symfony\\Component\\Console\\Output\\ConsoleOutput))
#34 /app/vendor/illuminate/console/Application.php(94): Symfony\\Component\\Console\\Application->run(Object(Symfony\\Component\\Console\\Input\\ArgvInput), Object(Symfony\\Component\\Console\\Output\\ConsoleOutput))
#35 /app/vendor/laravel/lumen-framework/src/Console/Kernel.php(116): Illuminate\\Console\\Application->run(Object(Symfony\\Component\\Console\\Input\\ArgvInput), Object(Symfony\\Component\\Console\\Output\\ConsoleOutput))
#36 /app/artisan(35): Laravel\\Lumen\\Console\\Kernel->handle(Object(Symfony\\Component\\Console\\Input\\ArgvInput), Object(Symfony\\Component\\Console\\Output\\ConsoleOutput))
#37 {main}
"} 
[2022-04-22 13:12:40] production.ERROR: Migrate rollback impossible! {"exception":"[object] (Exception(code: 0): Migrate rollback impossible! at /app/database/migrations/2021_01_30_090809_users_password_hashing.php:27)
[stacktrace]
#0 /app/vendor/illuminate/database/Migrations/Migrator.php(472): UsersPasswordHashing->down()
#1 /app/vendor/illuminate/database/Migrations/Migrator.php(394): Illuminate\\Database\\Migrations\\Migrator->runMethod(Object(Illuminate\\Database\\PostgresConnection), Object(UsersPasswordHashing), 'down')
#2 /app/vendor/illuminate/database/Concerns/ManagesTransactions.php(29): Illuminate\\Database\\Migrations\\Migrator->Illuminate\\Database\\Migrations\\{closure}(Object(Illuminate\\Database\\PostgresConnection))
#3 /app/vendor/illuminate/database/Migrations/Migrator.php(402): Illuminate\\Database\\Connection->transaction(Object(Closure))
#4 /app/vendor/illuminate/database/Migrations/Migrator.php(365): Illuminate\\Database\\Migrations\\Migrator->runMigration(Object(UsersPasswordHashing), 'down')
#5 /app/vendor/illuminate/database/Migrations/Migrator.php(286): Illuminate\\Database\\Migrations\\Migrator->runDown('/app/database/m...', Object(stdClass), false)
#6 /app/vendor/illuminate/database/Migrations/Migrator.php(336): Illuminate\\Database\\Migrations\\Migrator->rollbackMigrations(Array, Array, Array)
#7 /app/vendor/illuminate/database/Migrations/Migrator.php(315): Illuminate\\Database\\Migrations\\Migrator->resetMigrations(Array, Array, false)
#8 /app/vendor/illuminate/database/Console/Migrations/ResetCommand.php(67): Illuminate\\Database\\Migrations\\Migrator->reset(Array, false)
#9 /app/vendor/illuminate/database/Migrations/Migrator.php(606): Illuminate\\Database\\Console\\Migrations\\ResetCommand->Illuminate\\Database\\Console\\Migrations\\{closure}()
#10 /app/vendor/illuminate/database/Console/Migrations/ResetCommand.php(69): Illuminate\\Database\\Migrations\\Migrator->usingConnection(NULL, Object(Closure))
#11 /app/vendor/illuminate/container/BoundMethod.php(36): Illuminate\\Database\\Console\\Migrations\\ResetCommand->handle()
#12 /app/vendor/illuminate/container/Util.php(40): Illuminate\\Container\\BoundMethod::Illuminate\\Container\\{closure}()
#13 /app/vendor/illuminate/container/BoundMethod.php(93): Illuminate\\Container\\Util::unwrapIfClosure(Object(Closure))
#14 /app/vendor/illuminate/container/BoundMethod.php(37): Illuminate\\Container\\BoundMethod::callBoundMethod(Object(Egal\\Core\\Application), Array, Object(Closure))
#15 /app/vendor/illuminate/container/Container.php(653): Illuminate\\Container\\BoundMethod::call(Object(Egal\\Core\\Application), Array, Array, NULL)
#16 /app/vendor/illuminate/console/Command.php(136): Illuminate\\Container\\Container->call(Array)
#17 /app/vendor/symfony/console/Command/Command.php(298): Illuminate\\Console\\Command->execute(Object(Symfony\\Component\\Console\\Input\\ArrayInput), Object(Illuminate\\Console\\OutputStyle))
#18 /app/vendor/illuminate/console/Command.php(121): Symfony\\Component\\Console\\Command\\Command->run(Object(Symfony\\Component\\Console\\Input\\ArrayInput), Object(Illuminate\\Console\\OutputStyle))
#19 /app/vendor/illuminate/console/Concerns/CallsCommands.php(68): Illuminate\\Console\\Command->run(Object(Symfony\\Component\\Console\\Input\\ArrayInput), Object(Illuminate\\Console\\OutputStyle))
#20 /app/vendor/illuminate/console/Concerns/CallsCommands.php(28): Illuminate\\Console\\Command->runCommand('migrate:reset', Array, Object(Illuminate\\Console\\OutputStyle))
#21 /app/vendor/illuminate/database/Console/Migrations/RefreshCommand.php(110): Illuminate\\Console\\Command->call('migrate:reset', Array)
#22 /app/vendor/illuminate/database/Console/Migrations/RefreshCommand.php(55): Illuminate\\Database\\Console\\Migrations\\RefreshCommand->runReset(NULL, Array)
#23 /app/vendor/illuminate/container/BoundMethod.php(36): Illuminate\\Database\\Console\\Migrations\\RefreshCommand->handle()
#24 /app/vendor/illuminate/container/Util.php(40): Illuminate\\Container\\BoundMethod::Illuminate\\Container\\{closure}()
#25 /app/vendor/illuminate/container/BoundMethod.php(93): Illuminate\\Container\\Util::unwrapIfClosure(Object(Closure))
#26 /app/vendor/illuminate/container/BoundMethod.php(37): Illuminate\\Container\\BoundMethod::callBoundMethod(Object(Egal\\Core\\Application), Array, Object(Closure))
#27 /app/vendor/illuminate/container/Container.php(653): Illuminate\\Container\\BoundMethod::call(Object(Egal\\Core\\Application), Array, Array, NULL)
#28 /app/vendor/illuminate/console/Command.php(136): Illuminate\\Container\\Container->call(Array)
#29 /app/vendor/symfony/console/Command/Command.php(298): Illuminate\\Console\\Command->execute(Object(Symfony\\Component\\Console\\Input\\ArgvInput), Object(Illuminate\\Console\\OutputStyle))
#30 /app/vendor/illuminate/console/Command.php(121): Symfony\\Component\\Console\\Command\\Command->run(Object(Symfony\\Component\\Console\\Input\\ArgvInput), Object(Illuminate\\Console\\OutputStyle))
#31 /app/vendor/symfony/console/Application.php(1015): Illuminate\\Console\\Command->run(Object(Symfony\\Component\\Console\\Input\\ArgvInput), Object(Symfony\\Component\\Console\\Output\\ConsoleOutput))
#32 /app/vendor/symfony/console/Application.php(299): Symfony\\Component\\Console\\Application->doRunCommand(Object(Illuminate\\Database\\Console\\Migrations\\RefreshCommand), Object(Symfony\\Component\\Console\\Input\\ArgvInput), Object(Symfony\\Component\\Console\\Output\\ConsoleOutput))
#33 /app/vendor/symfony/console/Application.php(171): Symfony\\Component\\Console\\Application->doRun(Object(Symfony\\Component\\Console\\Input\\ArgvInput), Object(Symfony\\Component\\Console\\Output\\ConsoleOutput))
#34 /app/vendor/illuminate/console/Application.php(94): Symfony\\Component\\Console\\Application->run(Object(Symfony\\Component\\Console\\Input\\ArgvInput), Object(Symfony\\Component\\Console\\Output\\ConsoleOutput))
#35 /app/vendor/laravel/lumen-framework/src/Console/Kernel.php(116): Illuminate\\Console\\Application->run(Object(Symfony\\Component\\Console\\Input\\ArgvInput), Object(Symfony\\Component\\Console\\Output\\ConsoleOutput))
#36 /app/artisan(35): Laravel\\Lumen\\Console\\Kernel->handle(Object(Symfony\\Component\\Console\\Input\\ArgvInput), Object(Symfony\\Component\\Console\\Output\\ConsoleOutput))
#37 {main}
"} 
[2022-04-22 13:12:46] production.ERROR: Migrate rollback impossible! {"exception":"[object] (Exception(code: 0): Migrate rollback impossible! at /app/database/migrations/2021_01_30_090809_users_password_hashing.php:27)
[stacktrace]
#0 /app/vendor/illuminate/database/Migrations/Migrator.php(472): UsersPasswordHashing->down()
#1 /app/vendor/illuminate/database/Migrations/Migrator.php(394): Illuminate\\Database\\Migrations\\Migrator->runMethod(Object(Illuminate\\Database\\PostgresConnection), Object(UsersPasswordHashing), 'down')
#2 /app/vendor/illuminate/database/Concerns/ManagesTransactions.php(29): Illuminate\\Database\\Migrations\\Migrator->Illuminate\\Database\\Migrations\\{closure}(Object(Illuminate\\Database\\PostgresConnection))
#3 /app/vendor/illuminate/database/Migrations/Migrator.php(402): Illuminate\\Database\\Connection->transaction(Object(Closure))
#4 /app/vendor/illuminate/database/Migrations/Migrator.php(365): Illuminate\\Database\\Migrations\\Migrator->runMigration(Object(UsersPasswordHashing), 'down')
#5 /app/vendor/illuminate/database/Migrations/Migrator.php(286): Illuminate\\Database\\Migrations\\Migrator->runDown('/app/database/m...', Object(stdClass), false)
#6 /app/vendor/illuminate/database/Migrations/Migrator.php(336): Illuminate\\Database\\Migrations\\Migrator->rollbackMigrations(Array, Array, Array)
#7 /app/vendor/illuminate/database/Migrations/Migrator.php(315): Illuminate\\Database\\Migrations\\Migrator->resetMigrations(Array, Array, false)
#8 /app/vendor/illuminate/database/Console/Migrations/ResetCommand.php(67): Illuminate\\Database\\Migrations\\Migrator->reset(Array, false)
#9 /app/vendor/illuminate/database/Migrations/Migrator.php(606): Illuminate\\Database\\Console\\Migrations\\ResetCommand->Illuminate\\Database\\Console\\Migrations\\{closure}()
#10 /app/vendor/illuminate/database/Console/Migrations/ResetCommand.php(69): Illuminate\\Database\\Migrations\\Migrator->usingConnection(NULL, Object(Closure))
#11 /app/vendor/illuminate/container/BoundMethod.php(36): Illuminate\\Database\\Console\\Migrations\\ResetCommand->handle()
#12 /app/vendor/illuminate/container/Util.php(40): Illuminate\\Container\\BoundMethod::Illuminate\\Container\\{closure}()
#13 /app/vendor/illuminate/container/BoundMethod.php(93): Illuminate\\Container\\Util::unwrapIfClosure(Object(Closure))
#14 /app/vendor/illuminate/container/BoundMethod.php(37): Illuminate\\Container\\BoundMethod::callBoundMethod(Object(Egal\\Core\\Application), Array, Object(Closure))
#15 /app/vendor/illuminate/container/Container.php(653): Illuminate\\Container\\BoundMethod::call(Object(Egal\\Core\\Application), Array, Array, NULL)
#16 /app/vendor/illuminate/console/Command.php(136): Illuminate\\Container\\Container->call(Array)
#17 /app/vendor/symfony/console/Command/Command.php(298): Illuminate\\Console\\Command->execute(Object(Symfony\\Component\\Console\\Input\\ArrayInput), Object(Illuminate\\Console\\OutputStyle))
#18 /app/vendor/illuminate/console/Command.php(121): Symfony\\Component\\Console\\Command\\Command->run(Object(Symfony\\Component\\Console\\Input\\ArrayInput), Object(Illuminate\\Console\\OutputStyle))
#19 /app/vendor/illuminate/console/Concerns/CallsCommands.php(68): Illuminate\\Console\\Command->run(Object(Symfony\\Component\\Console\\Input\\ArrayInput), Object(Illuminate\\Console\\OutputStyle))
#20 /app/vendor/illuminate/console/Concerns/CallsCommands.php(28): Illuminate\\Console\\Command->runCommand('migrate:reset', Array, Object(Illuminate\\Console\\OutputStyle))
#21 /app/vendor/illuminate/database/Console/Migrations/RefreshCommand.php(110): Illuminate\\Console\\Command->call('migrate:reset', Array)
#22 /app/vendor/illuminate/database/Console/Migrations/RefreshCommand.php(55): Illuminate\\Database\\Console\\Migrations\\RefreshCommand->runReset(NULL, Array)
#23 /app/vendor/illuminate/container/BoundMethod.php(36): Illuminate\\Database\\Console\\Migrations\\RefreshCommand->handle()
#24 /app/vendor/illuminate/container/Util.php(40): Illuminate\\Container\\BoundMethod::Illuminate\\Container\\{closure}()
#25 /app/vendor/illuminate/container/BoundMethod.php(93): Illuminate\\Container\\Util::unwrapIfClosure(Object(Closure))
#26 /app/vendor/illuminate/container/BoundMethod.php(37): Illuminate\\Container\\BoundMethod::callBoundMethod(Object(Egal\\Core\\Application), Array, Object(Closure))
#27 /app/vendor/illuminate/container/Container.php(653): Illuminate\\Container\\BoundMethod::call(Object(Egal\\Core\\Application), Array, Array, NULL)
#28 /app/vendor/illuminate/console/Command.php(136): Illuminate\\Container\\Container->call(Array)
#29 /app/vendor/symfony/console/Command/Command.php(298): Illuminate\\Console\\Command->execute(Object(Symfony\\Component\\Console\\Input\\ArgvInput), Object(Illuminate\\Console\\OutputStyle))
#30 /app/vendor/illuminate/console/Command.php(121): Symfony\\Component\\Console\\Command\\Command->run(Object(Symfony\\Component\\Console\\Input\\ArgvInput), Object(Illuminate\\Console\\OutputStyle))
#31 /app/vendor/symfony/console/Application.php(1015): Illuminate\\Console\\Command->run(Object(Symfony\\Component\\Console\\Input\\ArgvInput), Object(Symfony\\Component\\Console\\Output\\ConsoleOutput))
#32 /app/vendor/symfony/console/Application.php(299): Symfony\\Component\\Console\\Application->doRunCommand(Object(Illuminate\\Database\\Console\\Migrations\\RefreshCommand), Object(Symfony\\Component\\Console\\Input\\ArgvInput), Object(Symfony\\Component\\Console\\Output\\ConsoleOutput))
#33 /app/vendor/symfony/console/Application.php(171): Symfony\\Component\\Console\\Application->doRun(Object(Symfony\\Component\\Console\\Input\\ArgvInput), Object(Symfony\\Component\\Console\\Output\\ConsoleOutput))
#34 /app/vendor/illuminate/console/Application.php(94): Symfony\\Component\\Console\\Application->run(Object(Symfony\\Component\\Console\\Input\\ArgvInput), Object(Symfony\\Component\\Console\\Output\\ConsoleOutput))
#35 /app/vendor/laravel/lumen-framework/src/Console/Kernel.php(116): Illuminate\\Console\\Application->run(Object(Symfony\\Component\\Console\\Input\\ArgvInput), Object(Symfony\\Component\\Console\\Output\\ConsoleOutput))
#36 /app/artisan(35): Laravel\\Lumen\\Console\\Kernel->handle(Object(Symfony\\Component\\Console\\Input\\ArgvInput), Object(Symfony\\Component\\Console\\Output\\ConsoleOutput))
#37 {main}
"} 
[2022-04-22 13:12:51] production.ERROR: Migrate rollback impossible! {"exception":"[object] (Exception(code: 0): Migrate rollback impossible! at /app/database/migrations/2021_01_30_090809_users_password_hashing.php:27)
[stacktrace]
#0 /app/vendor/illuminate/database/Migrations/Migrator.php(472): UsersPasswordHashing->down()
#1 /app/vendor/illuminate/database/Migrations/Migrator.php(394): Illuminate\\Database\\Migrations\\Migrator->runMethod(Object(Illuminate\\Database\\PostgresConnection), Object(UsersPasswordHashing), 'down')
#2 /app/vendor/illuminate/database/Concerns/ManagesTransactions.php(29): Illuminate\\Database\\Migrations\\Migrator->Illuminate\\Database\\Migrations\\{closure}(Object(Illuminate\\Database\\PostgresConnection))
#3 /app/vendor/illuminate/database/Migrations/Migrator.php(402): Illuminate\\Database\\Connection->transaction(Object(Closure))
#4 /app/vendor/illuminate/database/Migrations/Migrator.php(365): Illuminate\\Database\\Migrations\\Migrator->runMigration(Object(UsersPasswordHashing), 'down')
#5 /app/vendor/illuminate/database/Migrations/Migrator.php(286): Illuminate\\Database\\Migrations\\Migrator->runDown('/app/database/m...', Object(stdClass), false)
#6 /app/vendor/illuminate/database/Migrations/Migrator.php(336): Illuminate\\Database\\Migrations\\Migrator->rollbackMigrations(Array, Array, Array)
#7 /app/vendor/illuminate/database/Migrations/Migrator.php(315): Illuminate\\Database\\Migrations\\Migrator->resetMigrations(Array, Array, false)
#8 /app/vendor/illuminate/database/Console/Migrations/ResetCommand.php(67): Illuminate\\Database\\Migrations\\Migrator->reset(Array, false)
#9 /app/vendor/illuminate/database/Migrations/Migrator.php(606): Illuminate\\Database\\Console\\Migrations\\ResetCommand->Illuminate\\Database\\Console\\Migrations\\{closure}()
#10 /app/vendor/illuminate/database/Console/Migrations/ResetCommand.php(69): Illuminate\\Database\\Migrations\\Migrator->usingConnection(NULL, Object(Closure))
#11 /app/vendor/illuminate/container/BoundMethod.php(36): Illuminate\\Database\\Console\\Migrations\\ResetCommand->handle()
#12 /app/vendor/illuminate/container/Util.php(40): Illuminate\\Container\\BoundMethod::Illuminate\\Container\\{closure}()
#13 /app/vendor/illuminate/container/BoundMethod.php(93): Illuminate\\Container\\Util::unwrapIfClosure(Object(Closure))
#14 /app/vendor/illuminate/container/BoundMethod.php(37): Illuminate\\Container\\BoundMethod::callBoundMethod(Object(Egal\\Core\\Application), Array, Object(Closure))
#15 /app/vendor/illuminate/container/Container.php(653): Illuminate\\Container\\BoundMethod::call(Object(Egal\\Core\\Application), Array, Array, NULL)
#16 /app/vendor/illuminate/console/Command.php(136): Illuminate\\Container\\Container->call(Array)
#17 /app/vendor/symfony/console/Command/Command.php(298): Illuminate\\Console\\Command->execute(Object(Symfony\\Component\\Console\\Input\\ArrayInput), Object(Illuminate\\Console\\OutputStyle))
#18 /app/vendor/illuminate/console/Command.php(121): Symfony\\Component\\Console\\Command\\Command->run(Object(Symfony\\Component\\Console\\Input\\ArrayInput), Object(Illuminate\\Console\\OutputStyle))
#19 /app/vendor/illuminate/console/Concerns/CallsCommands.php(68): Illuminate\\Console\\Command->run(Object(Symfony\\Component\\Console\\Input\\ArrayInput), Object(Illuminate\\Console\\OutputStyle))
#20 /app/vendor/illuminate/console/Concerns/CallsCommands.php(28): Illuminate\\Console\\Command->runCommand('migrate:reset', Array, Object(Illuminate\\Console\\OutputStyle))
#21 /app/vendor/illuminate/database/Console/Migrations/RefreshCommand.php(110): Illuminate\\Console\\Command->call('migrate:reset', Array)
#22 /app/vendor/illuminate/database/Console/Migrations/RefreshCommand.php(55): Illuminate\\Database\\Console\\Migrations\\RefreshCommand->runReset(NULL, Array)
#23 /app/vendor/illuminate/container/BoundMethod.php(36): Illuminate\\Database\\Console\\Migrations\\RefreshCommand->handle()
#24 /app/vendor/illuminate/container/Util.php(40): Illuminate\\Container\\BoundMethod::Illuminate\\Container\\{closure}()
#25 /app/vendor/illuminate/container/BoundMethod.php(93): Illuminate\\Container\\Util::unwrapIfClosure(Object(Closure))
#26 /app/vendor/illuminate/container/BoundMethod.php(37): Illuminate\\Container\\BoundMethod::callBoundMethod(Object(Egal\\Core\\Application), Array, Object(Closure))
#27 /app/vendor/illuminate/container/Container.php(653): Illuminate\\Container\\BoundMethod::call(Object(Egal\\Core\\Application), Array, Array, NULL)
#28 /app/vendor/illuminate/console/Command.php(136): Illuminate\\Container\\Container->call(Array)
#29 /app/vendor/symfony/console/Command/Command.php(298): Illuminate\\Console\\Command->execute(Object(Symfony\\Component\\Console\\Input\\ArgvInput), Object(Illuminate\\Console\\OutputStyle))
#30 /app/vendor/illuminate/console/Command.php(121): Symfony\\Component\\Console\\Command\\Command->run(Object(Symfony\\Component\\Console\\Input\\ArgvInput), Object(Illuminate\\Console\\OutputStyle))
#31 /app/vendor/symfony/console/Application.php(1015): Illuminate\\Console\\Command->run(Object(Symfony\\Component\\Console\\Input\\ArgvInput), Object(Symfony\\Component\\Console\\Output\\ConsoleOutput))
#32 /app/vendor/symfony/console/Application.php(299): Symfony\\Component\\Console\\Application->doRunCommand(Object(Illuminate\\Database\\Console\\Migrations\\RefreshCommand), Object(Symfony\\Component\\Console\\Input\\ArgvInput), Object(Symfony\\Component\\Console\\Output\\ConsoleOutput))
#33 /app/vendor/symfony/console/Application.php(171): Symfony\\Component\\Console\\Application->doRun(Object(Symfony\\Component\\Console\\Input\\ArgvInput), Object(Symfony\\Component\\Console\\Output\\ConsoleOutput))
#34 /app/vendor/illuminate/console/Application.php(94): Symfony\\Component\\Console\\Application->run(Object(Symfony\\Component\\Console\\Input\\ArgvInput), Object(Symfony\\Component\\Console\\Output\\ConsoleOutput))
#35 /app/vendor/laravel/lumen-framework/src/Console/Kernel.php(116): Illuminate\\Console\\Application->run(Object(Symfony\\Component\\Console\\Input\\ArgvInput), Object(Symfony\\Component\\Console\\Output\\ConsoleOutput))
#36 /app/artisan(35): Laravel\\Lumen\\Console\\Kernel->handle(Object(Symfony\\Component\\Console\\Input\\ArgvInput), Object(Symfony\\Component\\Console\\Output\\ConsoleOutput))
#37 {main}
"} 
[2022-04-22 13:12:57] production.ERROR: Migrate rollback impossible! {"exception":"[object] (Exception(code: 0): Migrate rollback impossible! at /app/database/migrations/2021_01_30_090809_users_password_hashing.php:27)
[stacktrace]
#0 /app/vendor/illuminate/database/Migrations/Migrator.php(472): UsersPasswordHashing->down()
#1 /app/vendor/illuminate/database/Migrations/Migrator.php(394): Illuminate\\Database\\Migrations\\Migrator->runMethod(Object(Illuminate\\Database\\PostgresConnection), Object(UsersPasswordHashing), 'down')
#2 /app/vendor/illuminate/database/Concerns/ManagesTransactions.php(29): Illuminate\\Database\\Migrations\\Migrator->Illuminate\\Database\\Migrations\\{closure}(Object(Illuminate\\Database\\PostgresConnection))
#3 /app/vendor/illuminate/database/Migrations/Migrator.php(402): Illuminate\\Database\\Connection->transaction(Object(Closure))
#4 /app/vendor/illuminate/database/Migrations/Migrator.php(365): Illuminate\\Database\\Migrations\\Migrator->runMigration(Object(UsersPasswordHashing), 'down')
#5 /app/vendor/illuminate/database/Migrations/Migrator.php(286): Illuminate\\Database\\Migrations\\Migrator->runDown('/app/database/m...', Object(stdClass), false)
#6 /app/vendor/illuminate/database/Migrations/Migrator.php(336): Illuminate\\Database\\Migrations\\Migrator->rollbackMigrations(Array, Array, Array)
#7 /app/vendor/illuminate/database/Migrations/Migrator.php(315): Illuminate\\Database\\Migrations\\Migrator->resetMigrations(Array, Array, false)
#8 /app/vendor/illuminate/database/Console/Migrations/ResetCommand.php(67): Illuminate\\Database\\Migrations\\Migrator->reset(Array, false)
#9 /app/vendor/illuminate/database/Migrations/Migrator.php(606): Illuminate\\Database\\Console\\Migrations\\ResetCommand->Illuminate\\Database\\Console\\Migrations\\{closure}()
#10 /app/vendor/illuminate/database/Console/Migrations/ResetCommand.php(69): Illuminate\\Database\\Migrations\\Migrator->usingConnection(NULL, Object(Closure))
#11 /app/vendor/illuminate/container/BoundMethod.php(36): Illuminate\\Database\\Console\\Migrations\\ResetCommand->handle()
#12 /app/vendor/illuminate/container/Util.php(40): Illuminate\\Container\\BoundMethod::Illuminate\\Container\\{closure}()
#13 /app/vendor/illuminate/container/BoundMethod.php(93): Illuminate\\Container\\Util::unwrapIfClosure(Object(Closure))
#14 /app/vendor/illuminate/container/BoundMethod.php(37): Illuminate\\Container\\BoundMethod::callBoundMethod(Object(Egal\\Core\\Application), Array, Object(Closure))
#15 /app/vendor/illuminate/container/Container.php(653): Illuminate\\Container\\BoundMethod::call(Object(Egal\\Core\\Application), Array, Array, NULL)
#16 /app/vendor/illuminate/console/Command.php(136): Illuminate\\Container\\Container->call(Array)
#17 /app/vendor/symfony/console/Command/Command.php(298): Illuminate\\Console\\Command->execute(Object(Symfony\\Component\\Console\\Input\\ArrayInput), Object(Illuminate\\Console\\OutputStyle))
#18 /app/vendor/illuminate/console/Command.php(121): Symfony\\Component\\Console\\Command\\Command->run(Object(Symfony\\Component\\Console\\Input\\ArrayInput), Object(Illuminate\\Console\\OutputStyle))
#19 /app/vendor/illuminate/console/Concerns/CallsCommands.php(68): Illuminate\\Console\\Command->run(Object(Symfony\\Component\\Console\\Input\\ArrayInput), Object(Illuminate\\Console\\OutputStyle))
#20 /app/vendor/illuminate/console/Concerns/CallsCommands.php(28): Illuminate\\Console\\Command->runCommand('migrate:reset', Array, Object(Illuminate\\Console\\OutputStyle))
#21 /app/vendor/illuminate/database/Console/Migrations/RefreshCommand.php(110): Illuminate\\Console\\Command->call('migrate:reset', Array)
#22 /app/vendor/illuminate/database/Console/Migrations/RefreshCommand.php(55): Illuminate\\Database\\Console\\Migrations\\RefreshCommand->runReset(NULL, Array)
#23 /app/vendor/illuminate/container/BoundMethod.php(36): Illuminate\\Database\\Console\\Migrations\\RefreshCommand->handle()
#24 /app/vendor/illuminate/container/Util.php(40): Illuminate\\Container\\BoundMethod::Illuminate\\Container\\{closure}()
#25 /app/vendor/illuminate/container/BoundMethod.php(93): Illuminate\\Container\\Util::unwrapIfClosure(Object(Closure))
#26 /app/vendor/illuminate/container/BoundMethod.php(37): Illuminate\\Container\\BoundMethod::callBoundMethod(Object(Egal\\Core\\Application), Array, Object(Closure))
#27 /app/vendor/illuminate/container/Container.php(653): Illuminate\\Container\\BoundMethod::call(Object(Egal\\Core\\Application), Array, Array, NULL)
#28 /app/vendor/illuminate/console/Command.php(136): Illuminate\\Container\\Container->call(Array)
#29 /app/vendor/symfony/console/Command/Command.php(298): Illuminate\\Console\\Command->execute(Object(Symfony\\Component\\Console\\Input\\ArgvInput), Object(Illuminate\\Console\\OutputStyle))
#30 /app/vendor/illuminate/console/Command.php(121): Symfony\\Component\\Console\\Command\\Command->run(Object(Symfony\\Component\\Console\\Input\\ArgvInput), Object(Illuminate\\Console\\OutputStyle))
#31 /app/vendor/symfony/console/Application.php(1015): Illuminate\\Console\\Command->run(Object(Symfony\\Component\\Console\\Input\\ArgvInput), Object(Symfony\\Component\\Console\\Output\\ConsoleOutput))
#32 /app/vendor/symfony/console/Application.php(299): Symfony\\Component\\Console\\Application->doRunCommand(Object(Illuminate\\Database\\Console\\Migrations\\RefreshCommand), Object(Symfony\\Component\\Console\\Input\\ArgvInput), Object(Symfony\\Component\\Console\\Output\\ConsoleOutput))
#33 /app/vendor/symfony/console/Application.php(171): Symfony\\Component\\Console\\Application->doRun(Object(Symfony\\Component\\Console\\Input\\ArgvInput), Object(Symfony\\Component\\Console\\Output\\ConsoleOutput))
#34 /app/vendor/illuminate/console/Application.php(94): Symfony\\Component\\Console\\Application->run(Object(Symfony\\Component\\Console\\Input\\ArgvInput), Object(Symfony\\Component\\Console\\Output\\ConsoleOutput))
#35 /app/vendor/laravel/lumen-framework/src/Console/Kernel.php(116): Illuminate\\Console\\Application->run(Object(Symfony\\Component\\Console\\Input\\ArgvInput), Object(Symfony\\Component\\Console\\Output\\ConsoleOutput))
#36 /app/artisan(35): Laravel\\Lumen\\Console\\Kernel->handle(Object(Symfony\\Component\\Console\\Input\\ArgvInput), Object(Symfony\\Component\\Console\\Output\\ConsoleOutput))
#37 {main}
"} 
[2022-04-22 13:13:04] production.ERROR: Migrate rollback impossible! {"exception":"[object] (Exception(code: 0): Migrate rollback impossible! at /app/database/migrations/2021_01_30_090809_users_password_hashing.php:27)
[stacktrace]
#0 /app/vendor/illuminate/database/Migrations/Migrator.php(472): UsersPasswordHashing->down()
#1 /app/vendor/illuminate/database/Migrations/Migrator.php(394): Illuminate\\Database\\Migrations\\Migrator->runMethod(Object(Illuminate\\Database\\PostgresConnection), Object(UsersPasswordHashing), 'down')
#2 /app/vendor/illuminate/database/Concerns/ManagesTransactions.php(29): Illuminate\\Database\\Migrations\\Migrator->Illuminate\\Database\\Migrations\\{closure}(Object(Illuminate\\Database\\PostgresConnection))
#3 /app/vendor/illuminate/database/Migrations/Migrator.php(402): Illuminate\\Database\\Connection->transaction(Object(Closure))
#4 /app/vendor/illuminate/database/Migrations/Migrator.php(365): Illuminate\\Database\\Migrations\\Migrator->runMigration(Object(UsersPasswordHashing), 'down')
#5 /app/vendor/illuminate/database/Migrations/Migrator.php(286): Illuminate\\Database\\Migrations\\Migrator->runDown('/app/database/m...', Object(stdClass), false)
#6 /app/vendor/illuminate/database/Migrations/Migrator.php(336): Illuminate\\Database\\Migrations\\Migrator->rollbackMigrations(Array, Array, Array)
#7 /app/vendor/illuminate/database/Migrations/Migrator.php(315): Illuminate\\Database\\Migrations\\Migrator->resetMigrations(Array, Array, false)
#8 /app/vendor/illuminate/database/Console/Migrations/ResetCommand.php(67): Illuminate\\Database\\Migrations\\Migrator->reset(Array, false)
#9 /app/vendor/illuminate/database/Migrations/Migrator.php(606): Illuminate\\Database\\Console\\Migrations\\ResetCommand->Illuminate\\Database\\Console\\Migrations\\{closure}()
#10 /app/vendor/illuminate/database/Console/Migrations/ResetCommand.php(69): Illuminate\\Database\\Migrations\\Migrator->usingConnection(NULL, Object(Closure))
#11 /app/vendor/illuminate/container/BoundMethod.php(36): Illuminate\\Database\\Console\\Migrations\\ResetCommand->handle()
#12 /app/vendor/illuminate/container/Util.php(40): Illuminate\\Container\\BoundMethod::Illuminate\\Container\\{closure}()
#13 /app/vendor/illuminate/container/BoundMethod.php(93): Illuminate\\Container\\Util::unwrapIfClosure(Object(Closure))
#14 /app/vendor/illuminate/container/BoundMethod.php(37): Illuminate\\Container\\BoundMethod::callBoundMethod(Object(Egal\\Core\\Application), Array, Object(Closure))
#15 /app/vendor/illuminate/container/Container.php(653): Illuminate\\Container\\BoundMethod::call(Object(Egal\\Core\\Application), Array, Array, NULL)
#16 /app/vendor/illuminate/console/Command.php(136): Illuminate\\Container\\Container->call(Array)
#17 /app/vendor/symfony/console/Command/Command.php(298): Illuminate\\Console\\Command->execute(Object(Symfony\\Component\\Console\\Input\\ArrayInput), Object(Illuminate\\Console\\OutputStyle))
#18 /app/vendor/illuminate/console/Command.php(121): Symfony\\Component\\Console\\Command\\Command->run(Object(Symfony\\Component\\Console\\Input\\ArrayInput), Object(Illuminate\\Console\\OutputStyle))
#19 /app/vendor/illuminate/console/Concerns/CallsCommands.php(68): Illuminate\\Console\\Command->run(Object(Symfony\\Component\\Console\\Input\\ArrayInput), Object(Illuminate\\Console\\OutputStyle))
#20 /app/vendor/illuminate/console/Concerns/CallsCommands.php(28): Illuminate\\Console\\Command->runCommand('migrate:reset', Array, Object(Illuminate\\Console\\OutputStyle))
#21 /app/vendor/illuminate/database/Console/Migrations/RefreshCommand.php(110): Illuminate\\Console\\Command->call('migrate:reset', Array)
#22 /app/vendor/illuminate/database/Console/Migrations/RefreshCommand.php(55): Illuminate\\Database\\Console\\Migrations\\RefreshCommand->runReset(NULL, Array)
#23 /app/vendor/illuminate/container/BoundMethod.php(36): Illuminate\\Database\\Console\\Migrations\\RefreshCommand->handle()
#24 /app/vendor/illuminate/container/Util.php(40): Illuminate\\Container\\BoundMethod::Illuminate\\Container\\{closure}()
#25 /app/vendor/illuminate/container/BoundMethod.php(93): Illuminate\\Container\\Util::unwrapIfClosure(Object(Closure))
#26 /app/vendor/illuminate/container/BoundMethod.php(37): Illuminate\\Container\\BoundMethod::callBoundMethod(Object(Egal\\Core\\Application), Array, Object(Closure))
#27 /app/vendor/illuminate/container/Container.php(653): Illuminate\\Container\\BoundMethod::call(Object(Egal\\Core\\Application), Array, Array, NULL)
#28 /app/vendor/illuminate/console/Command.php(136): Illuminate\\Container\\Container->call(Array)
#29 /app/vendor/symfony/console/Command/Command.php(298): Illuminate\\Console\\Command->execute(Object(Symfony\\Component\\Console\\Input\\ArgvInput), Object(Illuminate\\Console\\OutputStyle))
#30 /app/vendor/illuminate/console/Command.php(121): Symfony\\Component\\Console\\Command\\Command->run(Object(Symfony\\Component\\Console\\Input\\ArgvInput), Object(Illuminate\\Console\\OutputStyle))
#31 /app/vendor/symfony/console/Application.php(1015): Illuminate\\Console\\Command->run(Object(Symfony\\Component\\Console\\Input\\ArgvInput), Object(Symfony\\Component\\Console\\Output\\ConsoleOutput))
#32 /app/vendor/symfony/console/Application.php(299): Symfony\\Component\\Console\\Application->doRunCommand(Object(Illuminate\\Database\\Console\\Migrations\\RefreshCommand), Object(Symfony\\Component\\Console\\Input\\ArgvInput), Object(Symfony\\Component\\Console\\Output\\ConsoleOutput))
#33 /app/vendor/symfony/console/Application.php(171): Symfony\\Component\\Console\\Application->doRun(Object(Symfony\\Component\\Console\\Input\\ArgvInput), Object(Symfony\\Component\\Console\\Output\\ConsoleOutput))
#34 /app/vendor/illuminate/console/Application.php(94): Symfony\\Component\\Console\\Application->run(Object(Symfony\\Component\\Console\\Input\\ArgvInput), Object(Symfony\\Component\\Console\\Output\\ConsoleOutput))
#35 /app/vendor/laravel/lumen-framework/src/Console/Kernel.php(116): Illuminate\\Console\\Application->run(Object(Symfony\\Component\\Console\\Input\\ArgvInput), Object(Symfony\\Component\\Console\\Output\\ConsoleOutput))
#36 /app/artisan(35): Laravel\\Lumen\\Console\\Kernel->handle(Object(Symfony\\Component\\Console\\Input\\ArgvInput), Object(Symfony\\Component\\Console\\Output\\ConsoleOutput))
#37 {main}
"} 
[2022-04-22 13:13:13] production.ERROR: Migrate rollback impossible! {"exception":"[object] (Exception(code: 0): Migrate rollback impossible! at /app/database/migrations/2021_01_30_090809_users_password_hashing.php:27)
[stacktrace]
#0 /app/vendor/illuminate/database/Migrations/Migrator.php(472): UsersPasswordHashing->down()
#1 /app/vendor/illuminate/database/Migrations/Migrator.php(394): Illuminate\\Database\\Migrations\\Migrator->runMethod(Object(Illuminate\\Database\\PostgresConnection), Object(UsersPasswordHashing), 'down')
#2 /app/vendor/illuminate/database/Concerns/ManagesTransactions.php(29): Illuminate\\Database\\Migrations\\Migrator->Illuminate\\Database\\Migrations\\{closure}(Object(Illuminate\\Database\\PostgresConnection))
#3 /app/vendor/illuminate/database/Migrations/Migrator.php(402): Illuminate\\Database\\Connection->transaction(Object(Closure))
#4 /app/vendor/illuminate/database/Migrations/Migrator.php(365): Illuminate\\Database\\Migrations\\Migrator->runMigration(Object(UsersPasswordHashing), 'down')
#5 /app/vendor/illuminate/database/Migrations/Migrator.php(286): Illuminate\\Database\\Migrations\\Migrator->runDown('/app/database/m...', Object(stdClass), false)
#6 /app/vendor/illuminate/database/Migrations/Migrator.php(336): Illuminate\\Database\\Migrations\\Migrator->rollbackMigrations(Array, Array, Array)
#7 /app/vendor/illuminate/database/Migrations/Migrator.php(315): Illuminate\\Database\\Migrations\\Migrator->resetMigrations(Array, Array, false)
#8 /app/vendor/illuminate/database/Console/Migrations/ResetCommand.php(67): Illuminate\\Database\\Migrations\\Migrator->reset(Array, false)
#9 /app/vendor/illuminate/database/Migrations/Migrator.php(606): Illuminate\\Database\\Console\\Migrations\\ResetCommand->Illuminate\\Database\\Console\\Migrations\\{closure}()
#10 /app/vendor/illuminate/database/Console/Migrations/ResetCommand.php(69): Illuminate\\Database\\Migrations\\Migrator->usingConnection(NULL, Object(Closure))
#11 /app/vendor/illuminate/container/BoundMethod.php(36): Illuminate\\Database\\Console\\Migrations\\ResetCommand->handle()
#12 /app/vendor/illuminate/container/Util.php(40): Illuminate\\Container\\BoundMethod::Illuminate\\Container\\{closure}()
#13 /app/vendor/illuminate/container/BoundMethod.php(93): Illuminate\\Container\\Util::unwrapIfClosure(Object(Closure))
#14 /app/vendor/illuminate/container/BoundMethod.php(37): Illuminate\\Container\\BoundMethod::callBoundMethod(Object(Egal\\Core\\Application), Array, Object(Closure))
#15 /app/vendor/illuminate/container/Container.php(653): Illuminate\\Container\\BoundMethod::call(Object(Egal\\Core\\Application), Array, Array, NULL)
#16 /app/vendor/illuminate/console/Command.php(136): Illuminate\\Container\\Container->call(Array)
#17 /app/vendor/symfony/console/Command/Command.php(298): Illuminate\\Console\\Command->execute(Object(Symfony\\Component\\Console\\Input\\ArrayInput), Object(Illuminate\\Console\\OutputStyle))
#18 /app/vendor/illuminate/console/Command.php(121): Symfony\\Component\\Console\\Command\\Command->run(Object(Symfony\\Component\\Console\\Input\\ArrayInput), Object(Illuminate\\Console\\OutputStyle))
#19 /app/vendor/illuminate/console/Concerns/CallsCommands.php(68): Illuminate\\Console\\Command->run(Object(Symfony\\Component\\Console\\Input\\ArrayInput), Object(Illuminate\\Console\\OutputStyle))
#20 /app/vendor/illuminate/console/Concerns/CallsCommands.php(28): Illuminate\\Console\\Command->runCommand('migrate:reset', Array, Object(Illuminate\\Console\\OutputStyle))
#21 /app/vendor/illuminate/database/Console/Migrations/RefreshCommand.php(110): Illuminate\\Console\\Command->call('migrate:reset', Array)
#22 /app/vendor/illuminate/database/Console/Migrations/RefreshCommand.php(55): Illuminate\\Database\\Console\\Migrations\\RefreshCommand->runReset(NULL, Array)
#23 /app/vendor/illuminate/container/BoundMethod.php(36): Illuminate\\Database\\Console\\Migrations\\RefreshCommand->handle()
#24 /app/vendor/illuminate/container/Util.php(40): Illuminate\\Container\\BoundMethod::Illuminate\\Container\\{closure}()
#25 /app/vendor/illuminate/container/BoundMethod.php(93): Illuminate\\Container\\Util::unwrapIfClosure(Object(Closure))
#26 /app/vendor/illuminate/container/BoundMethod.php(37): Illuminate\\Container\\BoundMethod::callBoundMethod(Object(Egal\\Core\\Application), Array, Object(Closure))
#27 /app/vendor/illuminate/container/Container.php(653): Illuminate\\Container\\BoundMethod::call(Object(Egal\\Core\\Application), Array, Array, NULL)
#28 /app/vendor/illuminate/console/Command.php(136): Illuminate\\Container\\Container->call(Array)
#29 /app/vendor/symfony/console/Command/Command.php(298): Illuminate\\Console\\Command->execute(Object(Symfony\\Component\\Console\\Input\\ArgvInput), Object(Illuminate\\Console\\OutputStyle))
#30 /app/vendor/illuminate/console/Command.php(121): Symfony\\Component\\Console\\Command\\Command->run(Object(Symfony\\Component\\Console\\Input\\ArgvInput), Object(Illuminate\\Console\\OutputStyle))
#31 /app/vendor/symfony/console/Application.php(1015): Illuminate\\Console\\Command->run(Object(Symfony\\Component\\Console\\Input\\ArgvInput), Object(Symfony\\Component\\Console\\Output\\ConsoleOutput))
#32 /app/vendor/symfony/console/Application.php(299): Symfony\\Component\\Console\\Application->doRunCommand(Object(Illuminate\\Database\\Console\\Migrations\\RefreshCommand), Object(Symfony\\Component\\Console\\Input\\ArgvInput), Object(Symfony\\Component\\Console\\Output\\ConsoleOutput))
#33 /app/vendor/symfony/console/Application.php(171): Symfony\\Component\\Console\\Application->doRun(Object(Symfony\\Component\\Console\\Input\\ArgvInput), Object(Symfony\\Component\\Console\\Output\\ConsoleOutput))
#34 /app/vendor/illuminate/console/Application.php(94): Symfony\\Component\\Console\\Application->run(Object(Symfony\\Component\\Console\\Input\\ArgvInput), Object(Symfony\\Component\\Console\\Output\\ConsoleOutput))
#35 /app/vendor/laravel/lumen-framework/src/Console/Kernel.php(116): Illuminate\\Console\\Application->run(Object(Symfony\\Component\\Console\\Input\\ArgvInput), Object(Symfony\\Component\\Console\\Output\\ConsoleOutput))
#36 /app/artisan(35): Laravel\\Lumen\\Console\\Kernel->handle(Object(Symfony\\Component\\Console\\Input\\ArgvInput), Object(Symfony\\Component\\Console\\Output\\ConsoleOutput))
#37 {main}
"} 
[2022-04-22 13:13:24] production.ERROR: Migrate rollback impossible! {"exception":"[object] (Exception(code: 0): Migrate rollback impossible! at /app/database/migrations/2021_01_30_090809_users_password_hashing.php:27)
[stacktrace]
#0 /app/vendor/illuminate/database/Migrations/Migrator.php(472): UsersPasswordHashing->down()
#1 /app/vendor/illuminate/database/Migrations/Migrator.php(394): Illuminate\\Database\\Migrations\\Migrator->runMethod(Object(Illuminate\\Database\\PostgresConnection), Object(UsersPasswordHashing), 'down')
#2 /app/vendor/illuminate/database/Concerns/ManagesTransactions.php(29): Illuminate\\Database\\Migrations\\Migrator->Illuminate\\Database\\Migrations\\{closure}(Object(Illuminate\\Database\\PostgresConnection))
#3 /app/vendor/illuminate/database/Migrations/Migrator.php(402): Illuminate\\Database\\Connection->transaction(Object(Closure))
#4 /app/vendor/illuminate/database/Migrations/Migrator.php(365): Illuminate\\Database\\Migrations\\Migrator->runMigration(Object(UsersPasswordHashing), 'down')
#5 /app/vendor/illuminate/database/Migrations/Migrator.php(286): Illuminate\\Database\\Migrations\\Migrator->runDown('/app/database/m...', Object(stdClass), false)
#6 /app/vendor/illuminate/database/Migrations/Migrator.php(336): Illuminate\\Database\\Migrations\\Migrator->rollbackMigrations(Array, Array, Array)
#7 /app/vendor/illuminate/database/Migrations/Migrator.php(315): Illuminate\\Database\\Migrations\\Migrator->resetMigrations(Array, Array, false)
#8 /app/vendor/illuminate/database/Console/Migrations/ResetCommand.php(67): Illuminate\\Database\\Migrations\\Migrator->reset(Array, false)
#9 /app/vendor/illuminate/database/Migrations/Migrator.php(606): Illuminate\\Database\\Console\\Migrations\\ResetCommand->Illuminate\\Database\\Console\\Migrations\\{closure}()
#10 /app/vendor/illuminate/database/Console/Migrations/ResetCommand.php(69): Illuminate\\Database\\Migrations\\Migrator->usingConnection(NULL, Object(Closure))
#11 /app/vendor/illuminate/container/BoundMethod.php(36): Illuminate\\Database\\Console\\Migrations\\ResetCommand->handle()
#12 /app/vendor/illuminate/container/Util.php(40): Illuminate\\Container\\BoundMethod::Illuminate\\Container\\{closure}()
#13 /app/vendor/illuminate/container/BoundMethod.php(93): Illuminate\\Container\\Util::unwrapIfClosure(Object(Closure))
#14 /app/vendor/illuminate/container/BoundMethod.php(37): Illuminate\\Container\\BoundMethod::callBoundMethod(Object(Egal\\Core\\Application), Array, Object(Closure))
#15 /app/vendor/illuminate/container/Container.php(653): Illuminate\\Container\\BoundMethod::call(Object(Egal\\Core\\Application), Array, Array, NULL)
#16 /app/vendor/illuminate/console/Command.php(136): Illuminate\\Container\\Container->call(Array)
#17 /app/vendor/symfony/console/Command/Command.php(298): Illuminate\\Console\\Command->execute(Object(Symfony\\Component\\Console\\Input\\ArrayInput), Object(Illuminate\\Console\\OutputStyle))
#18 /app/vendor/illuminate/console/Command.php(121): Symfony\\Component\\Console\\Command\\Command->run(Object(Symfony\\Component\\Console\\Input\\ArrayInput), Object(Illuminate\\Console\\OutputStyle))
#19 /app/vendor/illuminate/console/Concerns/CallsCommands.php(68): Illuminate\\Console\\Command->run(Object(Symfony\\Component\\Console\\Input\\ArrayInput), Object(Illuminate\\Console\\OutputStyle))
#20 /app/vendor/illuminate/console/Concerns/CallsCommands.php(28): Illuminate\\Console\\Command->runCommand('migrate:reset', Array, Object(Illuminate\\Console\\OutputStyle))
#21 /app/vendor/illuminate/database/Console/Migrations/RefreshCommand.php(110): Illuminate\\Console\\Command->call('migrate:reset', Array)
#22 /app/vendor/illuminate/database/Console/Migrations/RefreshCommand.php(55): Illuminate\\Database\\Console\\Migrations\\RefreshCommand->runReset(NULL, Array)
#23 /app/vendor/illuminate/container/BoundMethod.php(36): Illuminate\\Database\\Console\\Migrations\\RefreshCommand->handle()
#24 /app/vendor/illuminate/container/Util.php(40): Illuminate\\Container\\BoundMethod::Illuminate\\Container\\{closure}()
#25 /app/vendor/illuminate/container/BoundMethod.php(93): Illuminate\\Container\\Util::unwrapIfClosure(Object(Closure))
#26 /app/vendor/illuminate/container/BoundMethod.php(37): Illuminate\\Container\\BoundMethod::callBoundMethod(Object(Egal\\Core\\Application), Array, Object(Closure))
#27 /app/vendor/illuminate/container/Container.php(653): Illuminate\\Container\\BoundMethod::call(Object(Egal\\Core\\Application), Array, Array, NULL)
#28 /app/vendor/illuminate/console/Command.php(136): Illuminate\\Container\\Container->call(Array)
#29 /app/vendor/symfony/console/Command/Command.php(298): Illuminate\\Console\\Command->execute(Object(Symfony\\Component\\Console\\Input\\ArgvInput), Object(Illuminate\\Console\\OutputStyle))
#30 /app/vendor/illuminate/console/Command.php(121): Symfony\\Component\\Console\\Command\\Command->run(Object(Symfony\\Component\\Console\\Input\\ArgvInput), Object(Illuminate\\Console\\OutputStyle))
#31 /app/vendor/symfony/console/Application.php(1015): Illuminate\\Console\\Command->run(Object(Symfony\\Component\\Console\\Input\\ArgvInput), Object(Symfony\\Component\\Console\\Output\\ConsoleOutput))
#32 /app/vendor/symfony/console/Application.php(299): Symfony\\Component\\Console\\Application->doRunCommand(Object(Illuminate\\Database\\Console\\Migrations\\RefreshCommand), Object(Symfony\\Component\\Console\\Input\\ArgvInput), Object(Symfony\\Component\\Console\\Output\\ConsoleOutput))
#33 /app/vendor/symfony/console/Application.php(171): Symfony\\Component\\Console\\Application->doRun(Object(Symfony\\Component\\Console\\Input\\ArgvInput), Object(Symfony\\Component\\Console\\Output\\ConsoleOutput))
#34 /app/vendor/illuminate/console/Application.php(94): Symfony\\Component\\Console\\Application->run(Object(Symfony\\Component\\Console\\Input\\ArgvInput), Object(Symfony\\Component\\Console\\Output\\ConsoleOutput))
#35 /app/vendor/laravel/lumen-framework/src/Console/Kernel.php(116): Illuminate\\Console\\Application->run(Object(Symfony\\Component\\Console\\Input\\ArgvInput), Object(Symfony\\Component\\Console\\Output\\ConsoleOutput))
#36 /app/artisan(35): Laravel\\Lumen\\Console\\Kernel->handle(Object(Symfony\\Component\\Console\\Input\\ArgvInput), Object(Symfony\\Component\\Console\\Output\\ConsoleOutput))
#37 {main}
"} 
[2022-04-22 13:13:43] production.ERROR: Migrate rollback impossible! {"exception":"[object] (Exception(code: 0): Migrate rollback impossible! at /app/database/migrations/2021_01_30_090809_users_password_hashing.php:27)
[stacktrace]
#0 /app/vendor/illuminate/database/Migrations/Migrator.php(472): UsersPasswordHashing->down()
#1 /app/vendor/illuminate/database/Migrations/Migrator.php(394): Illuminate\\Database\\Migrations\\Migrator->runMethod(Object(Illuminate\\Database\\PostgresConnection), Object(UsersPasswordHashing), 'down')
#2 /app/vendor/illuminate/database/Concerns/ManagesTransactions.php(29): Illuminate\\Database\\Migrations\\Migrator->Illuminate\\Database\\Migrations\\{closure}(Object(Illuminate\\Database\\PostgresConnection))
#3 /app/vendor/illuminate/database/Migrations/Migrator.php(402): Illuminate\\Database\\Connection->transaction(Object(Closure))
#4 /app/vendor/illuminate/database/Migrations/Migrator.php(365): Illuminate\\Database\\Migrations\\Migrator->runMigration(Object(UsersPasswordHashing), 'down')
#5 /app/vendor/illuminate/database/Migrations/Migrator.php(286): Illuminate\\Database\\Migrations\\Migrator->runDown('/app/database/m...', Object(stdClass), false)
#6 /app/vendor/illuminate/database/Migrations/Migrator.php(336): Illuminate\\Database\\Migrations\\Migrator->rollbackMigrations(Array, Array, Array)
#7 /app/vendor/illuminate/database/Migrations/Migrator.php(315): Illuminate\\Database\\Migrations\\Migrator->resetMigrations(Array, Array, false)
#8 /app/vendor/illuminate/database/Console/Migrations/ResetCommand.php(67): Illuminate\\Database\\Migrations\\Migrator->reset(Array, false)
#9 /app/vendor/illuminate/database/Migrations/Migrator.php(606): Illuminate\\Database\\Console\\Migrations\\ResetCommand->Illuminate\\Database\\Console\\Migrations\\{closure}()
#10 /app/vendor/illuminate/database/Console/Migrations/ResetCommand.php(69): Illuminate\\Database\\Migrations\\Migrator->usingConnection(NULL, Object(Closure))
#11 /app/vendor/illuminate/container/BoundMethod.php(36): Illuminate\\Database\\Console\\Migrations\\ResetCommand->handle()
#12 /app/vendor/illuminate/container/Util.php(40): Illuminate\\Container\\BoundMethod::Illuminate\\Container\\{closure}()
#13 /app/vendor/illuminate/container/BoundMethod.php(93): Illuminate\\Container\\Util::unwrapIfClosure(Object(Closure))
#14 /app/vendor/illuminate/container/BoundMethod.php(37): Illuminate\\Container\\BoundMethod::callBoundMethod(Object(Egal\\Core\\Application), Array, Object(Closure))
#15 /app/vendor/illuminate/container/Container.php(653): Illuminate\\Container\\BoundMethod::call(Object(Egal\\Core\\Application), Array, Array, NULL)
#16 /app/vendor/illuminate/console/Command.php(136): Illuminate\\Container\\Container->call(Array)
#17 /app/vendor/symfony/console/Command/Command.php(298): Illuminate\\Console\\Command->execute(Object(Symfony\\Component\\Console\\Input\\ArrayInput), Object(Illuminate\\Console\\OutputStyle))
#18 /app/vendor/illuminate/console/Command.php(121): Symfony\\Component\\Console\\Command\\Command->run(Object(Symfony\\Component\\Console\\Input\\ArrayInput), Object(Illuminate\\Console\\OutputStyle))
#19 /app/vendor/illuminate/console/Concerns/CallsCommands.php(68): Illuminate\\Console\\Command->run(Object(Symfony\\Component\\Console\\Input\\ArrayInput), Object(Illuminate\\Console\\OutputStyle))
#20 /app/vendor/illuminate/console/Concerns/CallsCommands.php(28): Illuminate\\Console\\Command->runCommand('migrate:reset', Array, Object(Illuminate\\Console\\OutputStyle))
#21 /app/vendor/illuminate/database/Console/Migrations/RefreshCommand.php(110): Illuminate\\Console\\Command->call('migrate:reset', Array)
#22 /app/vendor/illuminate/database/Console/Migrations/RefreshCommand.php(55): Illuminate\\Database\\Console\\Migrations\\RefreshCommand->runReset(NULL, Array)
#23 /app/vendor/illuminate/container/BoundMethod.php(36): Illuminate\\Database\\Console\\Migrations\\RefreshCommand->handle()
#24 /app/vendor/illuminate/container/Util.php(40): Illuminate\\Container\\BoundMethod::Illuminate\\Container\\{closure}()
#25 /app/vendor/illuminate/container/BoundMethod.php(93): Illuminate\\Container\\Util::unwrapIfClosure(Object(Closure))
#26 /app/vendor/illuminate/container/BoundMethod.php(37): Illuminate\\Container\\BoundMethod::callBoundMethod(Object(Egal\\Core\\Application), Array, Object(Closure))
#27 /app/vendor/illuminate/container/Container.php(653): Illuminate\\Container\\BoundMethod::call(Object(Egal\\Core\\Application), Array, Array, NULL)
#28 /app/vendor/illuminate/console/Command.php(136): Illuminate\\Container\\Container->call(Array)
#29 /app/vendor/symfony/console/Command/Command.php(298): Illuminate\\Console\\Command->execute(Object(Symfony\\Component\\Console\\Input\\ArgvInput), Object(Illuminate\\Console\\OutputStyle))
#30 /app/vendor/illuminate/console/Command.php(121): Symfony\\Component\\Console\\Command\\Command->run(Object(Symfony\\Component\\Console\\Input\\ArgvInput), Object(Illuminate\\Console\\OutputStyle))
#31 /app/vendor/symfony/console/Application.php(1015): Illuminate\\Console\\Command->run(Object(Symfony\\Component\\Console\\Input\\ArgvInput), Object(Symfony\\Component\\Console\\Output\\ConsoleOutput))
#32 /app/vendor/symfony/console/Application.php(299): Symfony\\Component\\Console\\Application->doRunCommand(Object(Illuminate\\Database\\Console\\Migrations\\RefreshCommand), Object(Symfony\\Component\\Console\\Input\\ArgvInput), Object(Symfony\\Component\\Console\\Output\\ConsoleOutput))
#33 /app/vendor/symfony/console/Application.php(171): Symfony\\Component\\Console\\Application->doRun(Object(Symfony\\Component\\Console\\Input\\ArgvInput), Object(Symfony\\Component\\Console\\Output\\ConsoleOutput))
#34 /app/vendor/illuminate/console/Application.php(94): Symfony\\Component\\Console\\Application->run(Object(Symfony\\Component\\Console\\Input\\ArgvInput), Object(Symfony\\Component\\Console\\Output\\ConsoleOutput))
#35 /app/vendor/laravel/lumen-framework/src/Console/Kernel.php(116): Illuminate\\Console\\Application->run(Object(Symfony\\Component\\Console\\Input\\ArgvInput), Object(Symfony\\Component\\Console\\Output\\ConsoleOutput))
#36 /app/artisan(35): Laravel\\Lumen\\Console\\Kernel->handle(Object(Symfony\\Component\\Console\\Input\\ArgvInput), Object(Symfony\\Component\\Console\\Output\\ConsoleOutput))
#37 {main}
"} 
